ARM GAS  C:\Users\MATEOC~1.QUE\AppData\Local\Temp\ccaGkkUC.s 			page 1


   1              		.syntax unified
   2              		.cpu cortex-m3
   3              		.fpu softvfp
   4              		.eabi_attribute 20, 1
   5              		.eabi_attribute 21, 1
   6              		.eabi_attribute 23, 3
   7              		.eabi_attribute 24, 1
   8              		.eabi_attribute 25, 1
   9              		.eabi_attribute 26, 1
  10              		.eabi_attribute 30, 1
  11              		.eabi_attribute 34, 1
  12              		.eabi_attribute 18, 4
  13              		.thumb
  14              		.syntax unified
  15              		.file	"ErikaOS_eecfg.c"
  16              		.text
  17              	.Ltext0:
  18              		.cfi_sections	.debug_frame
  19              		.global	EE_oo_autostart_task_data
  20              		.comm	EE_ApplicationMode,4,4
  21              		.global	EE_oo_action_ROM
  22              		.comm	EE_oo_counter_object_RAM,16,4
  23              		.global	EE_oo_counter_object_ROM
  24              		.global	EE_ALARM_ID
  25              		.global	EE_ALARM_NAME
  26              		.global	EE_alarm_ROM
  27              		.global	EE_counter_RAM
  28              		.global	EE_counter_ROM
  29              		.global	EE_th_is_extended
  30              		.global	EE_th_waswaiting
  31              		.global	EE_th_event_waitmask
  32              		.global	EE_th_event_active
  33              		.global	EE_th_terminate_nextask
  34              		.global	EE_rq_free
  35              		.comm	EE_rq_pairs_tid,16,4
  36              		.global	EE_rq_pairs_next
  37              		.global	EE_rq_link
  38              		.global	EE_th_rnact_max
  39              		.global	EE_th_rnact
  40              		.global	EE_rq_bitmask
  41              		.global	EE_rq_queues_tail
  42              		.global	EE_rq_queues_head
  43              		.global	EE_sys_ceiling
  44              		.global	EE_stkfirst
  45              		.global	EE_th_next
  46              		.global	EE_th_status
  47              		.global	EE_th_dispatch_prio
  48              		.global	EE_EVENT_ID
  49              		.global	EE_EVENT_NAME
  50              		.global	EE_TASK_NAME
  51              		.global	EE_th_ready_prio
  52              		.global	EE_terminate_real_th_body
  53              		.comm	EE_terminate_data,16,4
  54              		.global	EE_hal_thread_body
  55              		.global	EE_cortex_mx_IRQ_tos
  56              		.global	EE_cortex_mx_active_tos
  57              		.global	EE_cortex_mx_system_tos
ARM GAS  C:\Users\MATEOC~1.QUE\AppData\Local\Temp\ccaGkkUC.s 			page 2


  58              		.global	EE_std_thread_tos
  59              		.comm	EE_cortex_mx_stack_9,512,4
  60              		.comm	EE_cortex_mx_stack_4,1000,4
  61              		.comm	EE_cortex_mx_stack_3,1000,4
  62              		.section	.rodata
  63              		.align	2
  64              		.type	EE_oo_autostart_task_data, %object
  65              		.size	EE_oo_autostart_task_data, 8
  66              	EE_oo_autostart_task_data:
  67 0000 01000000 		.word	1
  68 0004 08000000 		.word	EE_oo_autostart_task_mode_OSDEFAULTAPPMODE
  69              		.type	EE_oo_autostart_task_mode_OSDEFAULTAPPMODE, %object
  70              		.size	EE_oo_autostart_task_mode_OSDEFAULTAPPMODE, 4
  71              	EE_oo_autostart_task_mode_OSDEFAULTAPPMODE:
  72 0008 00000000 		.space	4
  73              		.type	EE_oo_action_ROM, %object
  74              		.size	EE_oo_action_ROM, 20
  75              	EE_oo_action_ROM:
  76 000c 00       		.byte	0
  77 000d 000000   		.space	3
  78 0010 02000000 		.word	2
  79 0014 00000000 		.word	0
  80 0018 00000000 		.word	0
  81 001c FFFFFFFF 		.word	-1
  82              		.type	EE_oo_counter_object_ROM, %object
  83              		.size	EE_oo_counter_object_ROM, 12
  84              	EE_oo_counter_object_ROM:
  85 0020 00000000 		.space	12
  85      00000000 
  85      00000000 
  86              		.type	EE_ALARM_ID, %object
  87              		.size	EE_ALARM_ID, 4
  88              	EE_ALARM_ID:
  89 002c 00000000 		.space	4
  90              		.type	EE_alarm_ROM, %object
  91              		.size	EE_alarm_ROM, 4
  92              	EE_alarm_ROM:
  93 0030 00000000 		.space	4
  94              		.type	EE_counter_ROM, %object
  95              		.size	EE_counter_ROM, 12
  96              	EE_counter_ROM:
  97 0034 A0860100 		.word	100000
  98 0038 01000000 		.word	1
  99 003c 00000000 		.word	0
 100              		.type	EE_th_is_extended, %object
 101              		.size	EE_th_is_extended, 16
 102              	EE_th_is_extended:
 103 0040 00000000 		.word	0
 104 0044 00000000 		.word	0
 105 0048 01000000 		.word	1
 106 004c 01000000 		.word	1
 107              		.type	EE_th_rnact_max, %object
 108              		.size	EE_th_rnact_max, 16
 109              	EE_th_rnact_max:
 110 0050 01000000 		.word	1
 111 0054 01000000 		.word	1
 112 0058 01000000 		.word	1
ARM GAS  C:\Users\MATEOC~1.QUE\AppData\Local\Temp\ccaGkkUC.s 			page 3


 113 005c 01000000 		.word	1
 114              		.type	EE_th_dispatch_prio, %object
 115              		.size	EE_th_dispatch_prio, 16
 116              	EE_th_dispatch_prio:
 117 0060 80000000 		.word	128
 118 0064 01000000 		.word	1
 119 0068 10000000 		.word	16
 120 006c 04000000 		.word	4
 121              		.type	EE_EVENT_ID, %object
 122              		.size	EE_EVENT_ID, 8
 123              	EE_EVENT_ID:
 124 0070 01000000 		.word	1
 125 0074 02000000 		.word	2
 126              		.type	EE_th_ready_prio, %object
 127              		.size	EE_th_ready_prio, 16
 128              	EE_th_ready_prio:
 129 0078 01000000 		.word	1
 130 007c 01000000 		.word	1
 131 0080 10000000 		.word	16
 132 0084 04000000 		.word	4
 133              		.type	EE_terminate_real_th_body, %object
 134              		.size	EE_terminate_real_th_body, 16
 135              	EE_terminate_real_th_body:
 136 0088 00000000 		.word	Functsk_init
 137 008c 00000000 		.word	Functsk_background
 138 0090 00000000 		.word	Functsk_io
 139 0094 00000000 		.word	Functsk_control
 140              		.type	EE_hal_thread_body, %object
 141              		.size	EE_hal_thread_body, 16
 142              	EE_hal_thread_body:
 143 0098 00000000 		.word	EE_oo_thread_stub
 144 009c 00000000 		.word	EE_oo_thread_stub
 145 00a0 00000000 		.word	EE_oo_thread_stub
 146 00a4 00000000 		.word	EE_oo_thread_stub
 147              		.type	EE_std_thread_tos, %object
 148              		.size	EE_std_thread_tos, 20
 149              	EE_std_thread_tos:
 150 00a8 00000000 		.word	0
 151 00ac 00000000 		.word	0
 152 00b0 00000000 		.word	0
 153 00b4 01000000 		.word	1
 154 00b8 02000000 		.word	2
 155              		.data
 156              		.align	2
 157              		.type	EE_ALARM_NAME, %object
 158              		.size	EE_ALARM_NAME, 4
 159              	EE_ALARM_NAME:
 160 0000 00000000 		.word	.LC0
 161              		.type	EE_counter_RAM, %object
 162              		.size	EE_counter_RAM, 8
 163              	EE_counter_RAM:
 164 0004 00000000 		.word	0
 165 0008 FFFFFFFF 		.word	-1
 166              		.type	EE_th_terminate_nextask, %object
 167              		.size	EE_th_terminate_nextask, 16
 168              	EE_th_terminate_nextask:
 169 000c FFFFFFFF 		.word	-1
ARM GAS  C:\Users\MATEOC~1.QUE\AppData\Local\Temp\ccaGkkUC.s 			page 4


 170 0010 FFFFFFFF 		.word	-1
 171 0014 FFFFFFFF 		.word	-1
 172 0018 FFFFFFFF 		.word	-1
 173              		.type	EE_rq_pairs_next, %object
 174              		.size	EE_rq_pairs_next, 16
 175              	EE_rq_pairs_next:
 176 001c 01000000 		.word	1
 177 0020 02000000 		.word	2
 178 0024 03000000 		.word	3
 179 0028 FFFFFFFF 		.word	-1
 180              		.type	EE_rq_link, %object
 181              		.size	EE_rq_link, 16
 182              	EE_rq_link:
 183 002c 00000000 		.word	0
 184 0030 00000000 		.word	0
 185 0034 04000000 		.word	4
 186 0038 02000000 		.word	2
 187              		.type	EE_th_rnact, %object
 188              		.size	EE_th_rnact, 16
 189              	EE_th_rnact:
 190 003c 01000000 		.word	1
 191 0040 01000000 		.word	1
 192 0044 01000000 		.word	1
 193 0048 01000000 		.word	1
 194              		.type	EE_rq_queues_tail, %object
 195              		.size	EE_rq_queues_tail, 64
 196              	EE_rq_queues_tail:
 197 004c FFFFFFFF 		.word	-1
 198 0050 FFFFFFFF 		.word	-1
 199 0054 FFFFFFFF 		.word	-1
 200 0058 FFFFFFFF 		.word	-1
 201 005c FFFFFFFF 		.word	-1
 202 0060 FFFFFFFF 		.word	-1
 203 0064 FFFFFFFF 		.word	-1
 204 0068 FFFFFFFF 		.word	-1
 205 006c FFFFFFFF 		.word	-1
 206 0070 FFFFFFFF 		.word	-1
 207 0074 FFFFFFFF 		.word	-1
 208 0078 FFFFFFFF 		.word	-1
 209 007c FFFFFFFF 		.word	-1
 210 0080 FFFFFFFF 		.word	-1
 211 0084 FFFFFFFF 		.word	-1
 212 0088 FFFFFFFF 		.word	-1
 213              		.type	EE_rq_queues_head, %object
 214              		.size	EE_rq_queues_head, 64
 215              	EE_rq_queues_head:
 216 008c FFFFFFFF 		.word	-1
 217 0090 FFFFFFFF 		.word	-1
 218 0094 FFFFFFFF 		.word	-1
 219 0098 FFFFFFFF 		.word	-1
 220 009c FFFFFFFF 		.word	-1
 221 00a0 FFFFFFFF 		.word	-1
 222 00a4 FFFFFFFF 		.word	-1
 223 00a8 FFFFFFFF 		.word	-1
 224 00ac FFFFFFFF 		.word	-1
 225 00b0 FFFFFFFF 		.word	-1
 226 00b4 FFFFFFFF 		.word	-1
ARM GAS  C:\Users\MATEOC~1.QUE\AppData\Local\Temp\ccaGkkUC.s 			page 5


 227 00b8 FFFFFFFF 		.word	-1
 228 00bc FFFFFFFF 		.word	-1
 229 00c0 FFFFFFFF 		.word	-1
 230 00c4 FFFFFFFF 		.word	-1
 231 00c8 FFFFFFFF 		.word	-1
 232              		.type	EE_stkfirst, %object
 233              		.size	EE_stkfirst, 4
 234              	EE_stkfirst:
 235 00cc FFFFFFFF 		.word	-1
 236              		.type	EE_th_next, %object
 237              		.size	EE_th_next, 16
 238              	EE_th_next:
 239 00d0 FFFFFFFF 		.word	-1
 240 00d4 FFFFFFFF 		.word	-1
 241 00d8 FFFFFFFF 		.word	-1
 242 00dc FFFFFFFF 		.word	-1
 243              		.type	EE_th_status, %object
 244              		.size	EE_th_status, 16
 245              	EE_th_status:
 246 00e0 03000000 		.word	3
 247 00e4 03000000 		.word	3
 248 00e8 03000000 		.word	3
 249 00ec 03000000 		.word	3
 250              		.type	EE_EVENT_NAME, %object
 251              		.size	EE_EVENT_NAME, 8
 252              	EE_EVENT_NAME:
 253 00f0 10000000 		.word	.LC1
 254 00f4 24000000 		.word	.LC2
 255              		.type	EE_TASK_NAME, %object
 256              		.size	EE_TASK_NAME, 16
 257              	EE_TASK_NAME:
 258 00f8 3C000000 		.word	.LC3
 259 00fc 48000000 		.word	.LC4
 260 0100 58000000 		.word	.LC5
 261 0104 60000000 		.word	.LC6
 262              		.type	EE_cortex_mx_IRQ_tos, %object
 263              		.size	EE_cortex_mx_IRQ_tos, 4
 264              	EE_cortex_mx_IRQ_tos:
 265 0108 00020000 		.word	EE_cortex_mx_stack_9+512
 266              		.type	EE_cortex_mx_system_tos, %object
 267              		.size	EE_cortex_mx_system_tos, 12
 268              	EE_cortex_mx_system_tos:
 269 010c 00000000 		.word	0
 270 0110 C0030000 		.word	EE_cortex_mx_stack_3+960
 271 0114 C0030000 		.word	EE_cortex_mx_stack_4+960
 272              		.section	.rodata.str1.4,"aMS",%progbits,1
 273              		.align	2
 274              	.LC0:
 275 0000 616C6172 		.ascii	"alarm_io_1ms\000"
 275      6D5F696F 
 275      5F316D73 
 275      00
 276 000d 000000   		.space	3
 277              	.LC1:
 278 0010 65765F6A 		.ascii	"ev_joystick_onData\000"
 278      6F797374 
 278      69636B5F 
ARM GAS  C:\Users\MATEOC~1.QUE\AppData\Local\Temp\ccaGkkUC.s 			page 6


 278      6F6E4461 
 278      746100
 279 0023 00       		.space	1
 280              	.LC2:
 281 0024 65765F74 		.ascii	"ev_targetspeed_onData\000"
 281      61726765 
 281      74737065 
 281      65645F6F 
 281      6E446174 
 282 003a 0000     		.space	2
 283              	.LC3:
 284 003c 74736B5F 		.ascii	"tsk_init\000"
 284      696E6974 
 284      00
 285 0045 000000   		.space	3
 286              	.LC4:
 287 0048 74736B5F 		.ascii	"tsk_background\000"
 287      6261636B 
 287      67726F75 
 287      6E6400
 288 0057 00       		.space	1
 289              	.LC5:
 290 0058 74736B5F 		.ascii	"tsk_io\000"
 290      696F00
 291 005f 00       		.space	1
 292              	.LC6:
 293 0060 74736B5F 		.ascii	"tsk_control\000"
 293      636F6E74 
 293      726F6C00 
 294              		.bss
 295              		.align	2
 296              		.type	EE_th_waswaiting, %object
 297              		.size	EE_th_waswaiting, 16
 298              	EE_th_waswaiting:
 299 0000 00000000 		.space	16
 299      00000000 
 299      00000000 
 299      00000000 
 300              		.type	EE_th_event_waitmask, %object
 301              		.size	EE_th_event_waitmask, 16
 302              	EE_th_event_waitmask:
 303 0010 00000000 		.space	16
 303      00000000 
 303      00000000 
 303      00000000 
 304              		.type	EE_th_event_active, %object
 305              		.size	EE_th_event_active, 16
 306              	EE_th_event_active:
 307 0020 00000000 		.space	16
 307      00000000 
 307      00000000 
 307      00000000 
 308              		.type	EE_rq_free, %object
 309              		.size	EE_rq_free, 4
 310              	EE_rq_free:
 311 0030 00000000 		.space	4
 312              		.type	EE_rq_bitmask, %object
ARM GAS  C:\Users\MATEOC~1.QUE\AppData\Local\Temp\ccaGkkUC.s 			page 7


 313              		.size	EE_rq_bitmask, 2
 314              	EE_rq_bitmask:
 315 0034 0000     		.space	2
 316 0036 0000     		.space	2
 317              		.type	EE_sys_ceiling, %object
 318              		.size	EE_sys_ceiling, 4
 319              	EE_sys_ceiling:
 320 0038 00000000 		.space	4
 321              		.type	EE_cortex_mx_active_tos, %object
 322              		.size	EE_cortex_mx_active_tos, 4
 323              	EE_cortex_mx_active_tos:
 324 003c 00000000 		.space	4
 325              		.text
 326              	.Letext0:
 327              		.file 1 "Generated_Source\\PSoC5\\ErikaOS_common_ee_types.inc"
 328              		.file 2 "Generated_Source\\PSoC5\\ErikaOS_cortex_mx_ee_cpu.inc"
 329              		.file 3 "Generated_Source\\PSoC5\\ErikaOS_ee_oo_common.inc"
 330              		.file 4 "Generated_Source\\PSoC5\\ErikaOS_common_ee_hal_structs.inc"
 331              		.file 5 "Generated_Source\\PSoC5\\ErikaOS_eecfg.c"
 332              		.file 6 "Generated_Source\\PSoC5\\ErikaOS_ee_oo_intfunc.inc"
 333              		.file 7 "Generated_Source\\PSoC5\\ErikaOS_cortex_mx_ee_context.inc"
 334              		.file 8 "Generated_Source\\PSoC5\\ErikaOS_common_ee_primitives.inc"
 335              		.section	.debug_info,"",%progbits
 336              	.Ldebug_info0:
 337 0000 C3080000 		.4byte	0x8c3
 338 0004 0400     		.2byte	0x4
 339 0006 00000000 		.4byte	.Ldebug_abbrev0
 340 000a 04       		.byte	0x4
 341 000b 01       		.uleb128 0x1
 342 000c 54050000 		.4byte	.LASF113
 343 0010 0C       		.byte	0xc
 344 0011 7B000000 		.4byte	.LASF114
 345 0015 7B020000 		.4byte	.LASF115
 346 0019 00000000 		.4byte	.Ldebug_line0
 347 001d 02       		.uleb128 0x2
 348 001e 01       		.byte	0x1
 349 001f 06       		.byte	0x6
 350 0020 36010000 		.4byte	.LASF0
 351 0024 02       		.uleb128 0x2
 352 0025 01       		.byte	0x1
 353 0026 08       		.byte	0x8
 354 0027 B7040000 		.4byte	.LASF1
 355 002b 02       		.uleb128 0x2
 356 002c 02       		.byte	0x2
 357 002d 05       		.byte	0x5
 358 002e FC040000 		.4byte	.LASF2
 359 0032 02       		.uleb128 0x2
 360 0033 02       		.byte	0x2
 361 0034 07       		.byte	0x7
 362 0035 C3020000 		.4byte	.LASF3
 363 0039 02       		.uleb128 0x2
 364 003a 04       		.byte	0x4
 365 003b 05       		.byte	0x5
 366 003c BD010000 		.4byte	.LASF4
 367 0040 02       		.uleb128 0x2
 368 0041 04       		.byte	0x4
 369 0042 07       		.byte	0x7
ARM GAS  C:\Users\MATEOC~1.QUE\AppData\Local\Temp\ccaGkkUC.s 			page 8


 370 0043 58020000 		.4byte	.LASF5
 371 0047 02       		.uleb128 0x2
 372 0048 08       		.byte	0x8
 373 0049 05       		.byte	0x5
 374 004a 28010000 		.4byte	.LASF6
 375 004e 02       		.uleb128 0x2
 376 004f 08       		.byte	0x8
 377 0050 07       		.byte	0x7
 378 0051 5E000000 		.4byte	.LASF7
 379 0055 03       		.uleb128 0x3
 380 0056 04       		.byte	0x4
 381 0057 05       		.byte	0x5
 382 0058 696E7400 		.ascii	"int\000"
 383 005c 02       		.uleb128 0x2
 384 005d 04       		.byte	0x4
 385 005e 07       		.byte	0x7
 386 005f 20020000 		.4byte	.LASF8
 387 0063 02       		.uleb128 0x2
 388 0064 08       		.byte	0x8
 389 0065 04       		.byte	0x4
 390 0066 EB030000 		.4byte	.LASF9
 391 006a 04       		.uleb128 0x4
 392 006b 84040000 		.4byte	.LASF10
 393 006f 01       		.byte	0x1
 394 0070 52       		.byte	0x52
 395 0071 32000000 		.4byte	0x32
 396 0075 04       		.uleb128 0x4
 397 0076 5D070000 		.4byte	.LASF11
 398 007a 01       		.byte	0x1
 399 007b 53       		.byte	0x53
 400 007c 55000000 		.4byte	0x55
 401 0080 04       		.uleb128 0x4
 402 0081 53070000 		.4byte	.LASF12
 403 0085 01       		.byte	0x1
 404 0086 54       		.byte	0x54
 405 0087 5C000000 		.4byte	0x5c
 406 008b 04       		.uleb128 0x4
 407 008c A8070000 		.4byte	.LASF13
 408 0090 01       		.byte	0x1
 409 0091 64       		.byte	0x64
 410 0092 96000000 		.4byte	0x96
 411 0096 05       		.uleb128 0x5
 412 0097 04       		.byte	0x4
 413 0098 06       		.uleb128 0x6
 414 0099 04       		.byte	0x4
 415 009a 9E000000 		.4byte	0x9e
 416 009e 07       		.uleb128 0x7
 417 009f 04       		.uleb128 0x4
 418 00a0 6E030000 		.4byte	.LASF14
 419 00a4 01       		.byte	0x1
 420 00a5 70       		.byte	0x70
 421 00a6 98000000 		.4byte	0x98
 422 00aa 04       		.uleb128 0x4
 423 00ab EE050000 		.4byte	.LASF15
 424 00af 01       		.byte	0x1
 425 00b0 73       		.byte	0x73
 426 00b1 98000000 		.4byte	0x98
ARM GAS  C:\Users\MATEOC~1.QUE\AppData\Local\Temp\ccaGkkUC.s 			page 9


 427 00b5 04       		.uleb128 0x4
 428 00b6 2D020000 		.4byte	.LASF16
 429 00ba 02       		.byte	0x2
 430 00bb 4D       		.byte	0x4d
 431 00bc 80000000 		.4byte	0x80
 432 00c0 04       		.uleb128 0x4
 433 00c1 0D040000 		.4byte	.LASF17
 434 00c5 02       		.byte	0x2
 435 00c6 4E       		.byte	0x4e
 436 00c7 75000000 		.4byte	0x75
 437 00cb 04       		.uleb128 0x4
 438 00cc C2070000 		.4byte	.LASF18
 439 00d0 02       		.byte	0x2
 440 00d1 4F       		.byte	0x4f
 441 00d2 80000000 		.4byte	0x80
 442 00d6 04       		.uleb128 0x4
 443 00d7 3D000000 		.4byte	.LASF19
 444 00db 02       		.byte	0x2
 445 00dc 54       		.byte	0x54
 446 00dd B5000000 		.4byte	0xb5
 447 00e1 04       		.uleb128 0x4
 448 00e2 13020000 		.4byte	.LASF20
 449 00e6 02       		.byte	0x2
 450 00e7 78       		.byte	0x78
 451 00e8 75000000 		.4byte	0x75
 452 00ec 08       		.uleb128 0x8
 453 00ed DA000000 		.4byte	.LASF61
 454 00f1 04       		.byte	0x4
 455 00f2 04       		.byte	0x4
 456 00f3 4D       		.byte	0x4d
 457 00f4 05010000 		.4byte	0x105
 458 00f8 09       		.uleb128 0x9
 459 00f9 94070000 		.4byte	.LASF28
 460 00fd 04       		.byte	0x4
 461 00fe 4E       		.byte	0x4e
 462 00ff 8B000000 		.4byte	0x8b
 463 0103 00       		.byte	0
 464 0104 00       		.byte	0
 465 0105 0A       		.uleb128 0xa
 466 0106 D2030000 		.4byte	.LASF21
 467 010a 03       		.byte	0x3
 468 010b 1101     		.2byte	0x111
 469 010d 6A000000 		.4byte	0x6a
 470 0111 0A       		.uleb128 0xa
 471 0112 D1000000 		.4byte	.LASF22
 472 0116 03       		.byte	0x3
 473 0117 F701     		.2byte	0x1f7
 474 0119 E1000000 		.4byte	0xe1
 475 011d 0A       		.uleb128 0xa
 476 011e 59010000 		.4byte	.LASF23
 477 0122 03       		.byte	0x3
 478 0123 2C02     		.2byte	0x22c
 479 0125 B5000000 		.4byte	0xb5
 480 0129 0A       		.uleb128 0xa
 481 012a 1D000000 		.4byte	.LASF24
 482 012e 03       		.byte	0x3
 483 012f 3502     		.2byte	0x235
ARM GAS  C:\Users\MATEOC~1.QUE\AppData\Local\Temp\ccaGkkUC.s 			page 10


 484 0131 B5000000 		.4byte	0xb5
 485 0135 0A       		.uleb128 0xa
 486 0136 47060000 		.4byte	.LASF25
 487 013a 03       		.byte	0x3
 488 013b 5D02     		.2byte	0x25d
 489 013d B5000000 		.4byte	0xb5
 490 0141 0A       		.uleb128 0xa
 491 0142 32000000 		.4byte	.LASF26
 492 0146 03       		.byte	0x3
 493 0147 6302     		.2byte	0x263
 494 0149 B5000000 		.4byte	0xb5
 495 014d 0A       		.uleb128 0xa
 496 014e 7F030000 		.4byte	.LASF27
 497 0152 03       		.byte	0x3
 498 0153 6C02     		.2byte	0x26c
 499 0155 B5000000 		.4byte	0xb5
 500 0159 0B       		.uleb128 0xb
 501 015a 0C       		.byte	0xc
 502 015b 03       		.byte	0x3
 503 015c 7202     		.2byte	0x272
 504 015e 8A010000 		.4byte	0x18a
 505 0162 0C       		.uleb128 0xc
 506 0163 E1000000 		.4byte	.LASF29
 507 0167 03       		.byte	0x3
 508 0168 7302     		.2byte	0x273
 509 016a 29010000 		.4byte	0x129
 510 016e 00       		.byte	0
 511 016f 0C       		.uleb128 0xc
 512 0170 15040000 		.4byte	.LASF30
 513 0174 03       		.byte	0x3
 514 0175 7402     		.2byte	0x274
 515 0177 29010000 		.4byte	0x129
 516 017b 04       		.byte	0x4
 517 017c 0C       		.uleb128 0xc
 518 017d 0A020000 		.4byte	.LASF31
 519 0181 03       		.byte	0x3
 520 0182 7502     		.2byte	0x275
 521 0184 29010000 		.4byte	0x129
 522 0188 08       		.byte	0x8
 523 0189 00       		.byte	0
 524 018a 0A       		.uleb128 0xa
 525 018b 3D050000 		.4byte	.LASF32
 526 018f 03       		.byte	0x3
 527 0190 7A02     		.2byte	0x27a
 528 0192 59010000 		.4byte	0x159
 529 0196 0B       		.uleb128 0xb
 530 0197 08       		.byte	0x8
 531 0198 03       		.byte	0x3
 532 0199 7D02     		.2byte	0x27d
 533 019b BA010000 		.4byte	0x1ba
 534 019f 0C       		.uleb128 0xc
 535 01a0 1A020000 		.4byte	.LASF33
 536 01a4 03       		.byte	0x3
 537 01a5 7E02     		.2byte	0x27e
 538 01a7 29010000 		.4byte	0x129
 539 01ab 00       		.byte	0
 540 01ac 0C       		.uleb128 0xc
ARM GAS  C:\Users\MATEOC~1.QUE\AppData\Local\Temp\ccaGkkUC.s 			page 11


 541 01ad 41060000 		.4byte	.LASF34
 542 01b1 03       		.byte	0x3
 543 01b2 7F02     		.2byte	0x27f
 544 01b4 35010000 		.4byte	0x135
 545 01b8 04       		.byte	0x4
 546 01b9 00       		.byte	0
 547 01ba 0A       		.uleb128 0xa
 548 01bb 9A010000 		.4byte	.LASF35
 549 01bf 03       		.byte	0x3
 550 01c0 8002     		.2byte	0x280
 551 01c2 96010000 		.4byte	0x196
 552 01c6 0D       		.uleb128 0xd
 553 01c7 01       		.byte	0x1
 554 01c8 24000000 		.4byte	0x24
 555 01cc 03       		.byte	0x3
 556 01cd 8A02     		.2byte	0x28a
 557 01cf E0010000 		.4byte	0x1e0
 558 01d3 0E       		.uleb128 0xe
 559 01d4 C5040000 		.4byte	.LASF36
 560 01d8 00       		.byte	0
 561 01d9 0E       		.uleb128 0xe
 562 01da 8E040000 		.4byte	.LASF37
 563 01de 01       		.byte	0x1
 564 01df 00       		.byte	0
 565 01e0 0A       		.uleb128 0xa
 566 01e1 EE020000 		.4byte	.LASF38
 567 01e5 03       		.byte	0x3
 568 01e6 8D02     		.2byte	0x28d
 569 01e8 C6010000 		.4byte	0x1c6
 570 01ec 0A       		.uleb128 0xa
 571 01ed 1A030000 		.4byte	.LASF39
 572 01f1 03       		.byte	0x3
 573 01f2 9002     		.2byte	0x290
 574 01f4 E0010000 		.4byte	0x1e0
 575 01f8 0B       		.uleb128 0xb
 576 01f9 0C       		.byte	0xc
 577 01fa 03       		.byte	0x3
 578 01fb 9402     		.2byte	0x294
 579 01fd 27020000 		.4byte	0x227
 580 0201 0F       		.uleb128 0xf
 581 0202 6300     		.ascii	"c\000"
 582 0204 03       		.byte	0x3
 583 0205 9602     		.2byte	0x296
 584 0207 4D010000 		.4byte	0x14d
 585 020b 00       		.byte	0
 586 020c 0C       		.uleb128 0xc
 587 020d 9E060000 		.4byte	.LASF40
 588 0211 03       		.byte	0x3
 589 0212 9802     		.2byte	0x298
 590 0214 35010000 		.4byte	0x135
 591 0218 04       		.byte	0x4
 592 0219 0C       		.uleb128 0xc
 593 021a BE020000 		.4byte	.LASF41
 594 021e 03       		.byte	0x3
 595 021f 9A02     		.2byte	0x29a
 596 0221 EC010000 		.4byte	0x1ec
 597 0225 08       		.byte	0x8
ARM GAS  C:\Users\MATEOC~1.QUE\AppData\Local\Temp\ccaGkkUC.s 			page 12


 598 0226 00       		.byte	0
 599 0227 0A       		.uleb128 0xa
 600 0228 A2000000 		.4byte	.LASF42
 601 022c 03       		.byte	0x3
 602 022d 9B02     		.2byte	0x29b
 603 022f F8010000 		.4byte	0x1f8
 604 0233 0B       		.uleb128 0xb
 605 0234 10       		.byte	0x10
 606 0235 03       		.byte	0x3
 607 0236 9F02     		.2byte	0x29f
 608 0238 71020000 		.4byte	0x271
 609 023c 0C       		.uleb128 0xc
 610 023d 3C040000 		.4byte	.LASF43
 611 0241 03       		.byte	0x3
 612 0242 A002     		.2byte	0x2a0
 613 0244 D6000000 		.4byte	0xd6
 614 0248 00       		.byte	0
 615 0249 0C       		.uleb128 0xc
 616 024a 8B070000 		.4byte	.LASF44
 617 024e 03       		.byte	0x3
 618 024f A102     		.2byte	0x2a1
 619 0251 29010000 		.4byte	0x129
 620 0255 04       		.byte	0x4
 621 0256 0C       		.uleb128 0xc
 622 0257 75000000 		.4byte	.LASF45
 623 025b 03       		.byte	0x3
 624 025c A202     		.2byte	0x2a2
 625 025e 29010000 		.4byte	0x129
 626 0262 08       		.byte	0x8
 627 0263 0C       		.uleb128 0xc
 628 0264 00000000 		.4byte	.LASF46
 629 0268 03       		.byte	0x3
 630 0269 A302     		.2byte	0x2a3
 631 026b 35010000 		.4byte	0x135
 632 026f 0C       		.byte	0xc
 633 0270 00       		.byte	0
 634 0271 0A       		.uleb128 0xa
 635 0272 41040000 		.4byte	.LASF47
 636 0276 03       		.byte	0x3
 637 0277 A402     		.2byte	0x2a4
 638 0279 33020000 		.4byte	0x233
 639 027d 0D       		.uleb128 0xd
 640 027e 01       		.byte	0x1
 641 027f 24000000 		.4byte	0x24
 642 0283 03       		.byte	0x3
 643 0284 A702     		.2byte	0x2a7
 644 0286 A3020000 		.4byte	0x2a3
 645 028a 0E       		.uleb128 0xe
 646 028b 5E060000 		.4byte	.LASF48
 647 028f 00       		.byte	0
 648 0290 0E       		.uleb128 0xe
 649 0291 A6060000 		.4byte	.LASF49
 650 0295 01       		.byte	0x1
 651 0296 0E       		.uleb128 0xe
 652 0297 7D060000 		.4byte	.LASF50
 653 029b 02       		.byte	0x2
 654 029c 0E       		.uleb128 0xe
ARM GAS  C:\Users\MATEOC~1.QUE\AppData\Local\Temp\ccaGkkUC.s 			page 13


 655 029d 20060000 		.4byte	.LASF51
 656 02a1 03       		.byte	0x3
 657 02a2 00       		.byte	0
 658 02a3 0A       		.uleb128 0xa
 659 02a4 42010000 		.4byte	.LASF52
 660 02a8 03       		.byte	0x3
 661 02a9 AC02     		.2byte	0x2ac
 662 02ab 7D020000 		.4byte	0x27d
 663 02af 0A       		.uleb128 0xa
 664 02b0 02070000 		.4byte	.LASF53
 665 02b4 03       		.byte	0x3
 666 02b5 AF02     		.2byte	0x2af
 667 02b7 A3020000 		.4byte	0x2a3
 668 02bb 0B       		.uleb128 0xb
 669 02bc 14       		.byte	0x14
 670 02bd 03       		.byte	0x3
 671 02be B202     		.2byte	0x2b2
 672 02c0 04030000 		.4byte	0x304
 673 02c4 0C       		.uleb128 0xc
 674 02c5 D8060000 		.4byte	.LASF54
 675 02c9 03       		.byte	0x3
 676 02ca B302     		.2byte	0x2b3
 677 02cc AF020000 		.4byte	0x2af
 678 02d0 00       		.byte	0
 679 02d1 0C       		.uleb128 0xc
 680 02d2 9C070000 		.4byte	.LASF55
 681 02d6 03       		.byte	0x3
 682 02d7 B402     		.2byte	0x2b4
 683 02d9 11010000 		.4byte	0x111
 684 02dd 04       		.byte	0x4
 685 02de 0C       		.uleb128 0xc
 686 02df E2050000 		.4byte	.LASF56
 687 02e3 03       		.byte	0x3
 688 02e4 B602     		.2byte	0x2b6
 689 02e6 1D010000 		.4byte	0x11d
 690 02ea 08       		.byte	0x8
 691 02eb 0F       		.uleb128 0xf
 692 02ec 6600     		.ascii	"f\000"
 693 02ee 03       		.byte	0x3
 694 02ef B802     		.2byte	0x2b8
 695 02f1 9F000000 		.4byte	0x9f
 696 02f5 0C       		.byte	0xc
 697 02f6 0C       		.uleb128 0xc
 698 02f7 F3040000 		.4byte	.LASF57
 699 02fb 03       		.byte	0x3
 700 02fc BA02     		.2byte	0x2ba
 701 02fe 4D010000 		.4byte	0x14d
 702 0302 10       		.byte	0x10
 703 0303 00       		.byte	0
 704 0304 0A       		.uleb128 0xa
 705 0305 6E040000 		.4byte	.LASF58
 706 0309 03       		.byte	0x3
 707 030a BB02     		.2byte	0x2bb
 708 030c BB020000 		.4byte	0x2bb
 709 0310 0B       		.uleb128 0xb
 710 0311 04       		.byte	0x4
 711 0312 03       		.byte	0x3
ARM GAS  C:\Users\MATEOC~1.QUE\AppData\Local\Temp\ccaGkkUC.s 			page 14


 712 0313 BD02     		.2byte	0x2bd
 713 0315 27030000 		.4byte	0x327
 714 0319 0C       		.uleb128 0xc
 715 031a A4030000 		.4byte	.LASF59
 716 031e 03       		.byte	0x3
 717 031f BF02     		.2byte	0x2bf
 718 0321 41010000 		.4byte	0x141
 719 0325 00       		.byte	0
 720 0326 00       		.byte	0
 721 0327 0A       		.uleb128 0xa
 722 0328 35020000 		.4byte	.LASF60
 723 032c 03       		.byte	0x3
 724 032d C402     		.2byte	0x2c4
 725 032f 10030000 		.4byte	0x310
 726 0333 10       		.uleb128 0x10
 727 0334 22040000 		.4byte	.LASF62
 728 0338 08       		.byte	0x8
 729 0339 03       		.byte	0x3
 730 033a 0E04     		.2byte	0x40e
 731 033c 5A030000 		.4byte	0x35a
 732 0340 0F       		.uleb128 0xf
 733 0341 6E7400   		.ascii	"nt\000"
 734 0344 03       		.byte	0x3
 735 0345 0F04     		.2byte	0x40f
 736 0347 B5000000 		.4byte	0xb5
 737 034b 00       		.byte	0
 738 034c 0C       		.uleb128 0xc
 739 034d E4060000 		.4byte	.LASF63
 740 0351 03       		.byte	0x3
 741 0352 1004     		.2byte	0x410
 742 0354 6A030000 		.4byte	0x36a
 743 0358 04       		.byte	0x4
 744 0359 00       		.byte	0
 745 035a 11       		.uleb128 0x11
 746 035b 65030000 		.4byte	0x365
 747 035f 65030000 		.4byte	0x365
 748 0363 12       		.uleb128 0x12
 749 0364 00       		.byte	0
 750 0365 13       		.uleb128 0x13
 751 0366 E1000000 		.4byte	0xe1
 752 036a 06       		.uleb128 0x6
 753 036b 04       		.byte	0x4
 754 036c 5A030000 		.4byte	0x35a
 755 0370 11       		.uleb128 0x11
 756 0371 65030000 		.4byte	0x365
 757 0375 80030000 		.4byte	0x380
 758 0379 14       		.uleb128 0x14
 759 037a 80030000 		.4byte	0x380
 760 037e 00       		.byte	0
 761 037f 00       		.byte	0
 762 0380 02       		.uleb128 0x2
 763 0381 04       		.byte	0x4
 764 0382 07       		.byte	0x7
 765 0383 E2030000 		.4byte	.LASF64
 766 0387 15       		.uleb128 0x15
 767 0388 F1000000 		.4byte	.LASF116
 768 038c 05       		.byte	0x5
ARM GAS  C:\Users\MATEOC~1.QUE\AppData\Local\Temp\ccaGkkUC.s 			page 15


 769 038d 6507     		.2byte	0x765
 770 038f 99030000 		.4byte	0x399
 771 0393 05       		.uleb128 0x5
 772 0394 03       		.byte	0x3
 773 0395 08000000 		.4byte	EE_oo_autostart_task_mode_OSDEFAULTAPPMODE
 774 0399 13       		.uleb128 0x13
 775 039a 70030000 		.4byte	0x370
 776 039e 11       		.uleb128 0x11
 777 039f AE030000 		.4byte	0x3ae
 778 03a3 AE030000 		.4byte	0x3ae
 779 03a7 14       		.uleb128 0x14
 780 03a8 80030000 		.4byte	0x380
 781 03ac 03       		.byte	0x3
 782 03ad 00       		.byte	0
 783 03ae 13       		.uleb128 0x13
 784 03af AA000000 		.4byte	0xaa
 785 03b3 16       		.uleb128 0x16
 786 03b4 B6060000 		.4byte	.LASF65
 787 03b8 05       		.byte	0x5
 788 03b9 D2       		.byte	0xd2
 789 03ba C4030000 		.4byte	0x3c4
 790 03be 05       		.uleb128 0x5
 791 03bf 03       		.byte	0x3
 792 03c0 00000000 		.4byte	EE_hal_thread_body
 793 03c4 13       		.uleb128 0x13
 794 03c5 9E030000 		.4byte	0x39e
 795 03c9 11       		.uleb128 0x11
 796 03ca D9030000 		.4byte	0x3d9
 797 03ce D9030000 		.4byte	0x3d9
 798 03d2 14       		.uleb128 0x14
 799 03d3 80030000 		.4byte	0x380
 800 03d7 04       		.byte	0x4
 801 03d8 00       		.byte	0
 802 03d9 13       		.uleb128 0x13
 803 03da B5000000 		.4byte	0xb5
 804 03de 16       		.uleb128 0x16
 805 03df 0E060000 		.4byte	.LASF66
 806 03e3 05       		.byte	0x5
 807 03e4 71       		.byte	0x71
 808 03e5 EF030000 		.4byte	0x3ef
 809 03e9 05       		.uleb128 0x5
 810 03ea 03       		.byte	0x3
 811 03eb 00000000 		.4byte	EE_std_thread_tos
 812 03ef 13       		.uleb128 0x13
 813 03f0 C9030000 		.4byte	0x3c9
 814 03f4 11       		.uleb128 0x11
 815 03f5 80000000 		.4byte	0x80
 816 03f9 04040000 		.4byte	0x404
 817 03fd 14       		.uleb128 0x14
 818 03fe 80030000 		.4byte	0x380
 819 0402 03       		.byte	0x3
 820 0403 00       		.byte	0
 821 0404 16       		.uleb128 0x16
 822 0405 66070000 		.4byte	.LASF67
 823 0409 05       		.byte	0x5
 824 040a ED       		.byte	0xed
 825 040b F4030000 		.4byte	0x3f4
ARM GAS  C:\Users\MATEOC~1.QUE\AppData\Local\Temp\ccaGkkUC.s 			page 16


 826 040f 05       		.uleb128 0x5
 827 0410 03       		.byte	0x3
 828 0411 00000000 		.4byte	EE_terminate_data
 829 0415 16       		.uleb128 0x16
 830 0416 D9040000 		.4byte	.LASF68
 831 041a 05       		.byte	0x5
 832 041b F0       		.byte	0xf0
 833 041c 26040000 		.4byte	0x426
 834 0420 05       		.uleb128 0x5
 835 0421 03       		.byte	0x3
 836 0422 00000000 		.4byte	EE_terminate_real_th_body
 837 0426 13       		.uleb128 0x13
 838 0427 9E030000 		.4byte	0x39e
 839 042b 11       		.uleb128 0x11
 840 042c EC000000 		.4byte	0xec
 841 0430 3B040000 		.4byte	0x43b
 842 0434 14       		.uleb128 0x14
 843 0435 80030000 		.4byte	0x380
 844 0439 02       		.byte	0x2
 845 043a 00       		.byte	0
 846 043b 16       		.uleb128 0x16
 847 043c 9F040000 		.4byte	.LASF69
 848 0440 05       		.byte	0x5
 849 0441 8D       		.byte	0x8d
 850 0442 2B040000 		.4byte	0x42b
 851 0446 05       		.uleb128 0x5
 852 0447 03       		.byte	0x3
 853 0448 00000000 		.4byte	EE_cortex_mx_system_tos
 854 044c 16       		.uleb128 0x16
 855 044d 82010000 		.4byte	.LASF70
 856 0451 05       		.byte	0x5
 857 0452 A9       		.byte	0xa9
 858 0453 B5000000 		.4byte	0xb5
 859 0457 05       		.uleb128 0x5
 860 0458 03       		.byte	0x3
 861 0459 00000000 		.4byte	EE_cortex_mx_active_tos
 862 045d 11       		.uleb128 0x11
 863 045e D9030000 		.4byte	0x3d9
 864 0462 6D040000 		.4byte	0x46d
 865 0466 14       		.uleb128 0x14
 866 0467 80030000 		.4byte	0x380
 867 046b 03       		.byte	0x3
 868 046c 00       		.byte	0
 869 046d 17       		.uleb128 0x17
 870 046e 6D060000 		.4byte	.LASF71
 871 0472 05       		.byte	0x5
 872 0473 E202     		.2byte	0x2e2
 873 0475 7F040000 		.4byte	0x47f
 874 0479 05       		.uleb128 0x5
 875 047a 03       		.byte	0x3
 876 047b 00000000 		.4byte	EE_th_rnact_max
 877 047f 13       		.uleb128 0x13
 878 0480 5D040000 		.4byte	0x45d
 879 0484 17       		.uleb128 0x17
 880 0485 11070000 		.4byte	.LASF72
 881 0489 05       		.byte	0x5
 882 048a 0C01     		.2byte	0x10c
ARM GAS  C:\Users\MATEOC~1.QUE\AppData\Local\Temp\ccaGkkUC.s 			page 17


 883 048c 96040000 		.4byte	0x496
 884 0490 05       		.uleb128 0x5
 885 0491 03       		.byte	0x3
 886 0492 00000000 		.4byte	EE_th_ready_prio
 887 0496 13       		.uleb128 0x13
 888 0497 5D040000 		.4byte	0x45d
 889 049b 17       		.uleb128 0x17
 890 049c 30030000 		.4byte	.LASF73
 891 04a0 05       		.byte	0x5
 892 04a1 4502     		.2byte	0x245
 893 04a3 AD040000 		.4byte	0x4ad
 894 04a7 05       		.uleb128 0x5
 895 04a8 03       		.byte	0x3
 896 04a9 00000000 		.4byte	EE_th_dispatch_prio
 897 04ad 13       		.uleb128 0x13
 898 04ae 5D040000 		.4byte	0x45d
 899 04b2 11       		.uleb128 0x11
 900 04b3 C2040000 		.4byte	0x4c2
 901 04b7 C2040000 		.4byte	0x4c2
 902 04bb 14       		.uleb128 0x14
 903 04bc 80030000 		.4byte	0x380
 904 04c0 03       		.byte	0x3
 905 04c1 00       		.byte	0
 906 04c2 06       		.uleb128 0x6
 907 04c3 04       		.byte	0x4
 908 04c4 CF040000 		.4byte	0x4cf
 909 04c8 02       		.uleb128 0x2
 910 04c9 01       		.byte	0x1
 911 04ca 08       		.byte	0x8
 912 04cb 59060000 		.4byte	.LASF74
 913 04cf 13       		.uleb128 0x13
 914 04d0 C8040000 		.4byte	0x4c8
 915 04d4 17       		.uleb128 0x17
 916 04d5 30050000 		.4byte	.LASF75
 917 04d9 05       		.byte	0x5
 918 04da 2801     		.2byte	0x128
 919 04dc B2040000 		.4byte	0x4b2
 920 04e0 05       		.uleb128 0x5
 921 04e1 03       		.byte	0x3
 922 04e2 00000000 		.4byte	EE_TASK_NAME
 923 04e6 11       		.uleb128 0x11
 924 04e7 C2040000 		.4byte	0x4c2
 925 04eb F6040000 		.4byte	0x4f6
 926 04ef 14       		.uleb128 0x14
 927 04f0 80030000 		.4byte	0x380
 928 04f4 01       		.byte	0x1
 929 04f5 00       		.byte	0
 930 04f6 17       		.uleb128 0x17
 931 04f7 67010000 		.4byte	.LASF76
 932 04fb 05       		.byte	0x5
 933 04fc 8101     		.2byte	0x181
 934 04fe E6040000 		.4byte	0x4e6
 935 0502 05       		.uleb128 0x5
 936 0503 03       		.byte	0x3
 937 0504 00000000 		.4byte	EE_EVENT_NAME
 938 0508 11       		.uleb128 0x11
 939 0509 C2040000 		.4byte	0x4c2
ARM GAS  C:\Users\MATEOC~1.QUE\AppData\Local\Temp\ccaGkkUC.s 			page 18


 940 050d 18050000 		.4byte	0x518
 941 0511 14       		.uleb128 0x14
 942 0512 80030000 		.4byte	0x380
 943 0516 00       		.byte	0
 944 0517 00       		.byte	0
 945 0518 17       		.uleb128 0x17
 946 0519 4A020000 		.4byte	.LASF77
 947 051d 05       		.byte	0x5
 948 051e 3D06     		.2byte	0x63d
 949 0520 08050000 		.4byte	0x508
 950 0524 05       		.uleb128 0x5
 951 0525 03       		.byte	0x3
 952 0526 00000000 		.4byte	EE_ALARM_NAME
 953 052a 11       		.uleb128 0x11
 954 052b 3A050000 		.4byte	0x53a
 955 052f 3A050000 		.4byte	0x53a
 956 0533 14       		.uleb128 0x14
 957 0534 80030000 		.4byte	0x380
 958 0538 01       		.byte	0x1
 959 0539 00       		.byte	0
 960 053a 13       		.uleb128 0x13
 961 053b 40000000 		.4byte	0x40
 962 053f 17       		.uleb128 0x17
 963 0540 B1010000 		.4byte	.LASF78
 964 0544 05       		.byte	0x5
 965 0545 E201     		.2byte	0x1e2
 966 0547 51050000 		.4byte	0x551
 967 054b 05       		.uleb128 0x5
 968 054c 03       		.byte	0x3
 969 054d 00000000 		.4byte	EE_EVENT_ID
 970 0551 13       		.uleb128 0x13
 971 0552 2A050000 		.4byte	0x52a
 972 0556 11       		.uleb128 0x11
 973 0557 3A050000 		.4byte	0x53a
 974 055b 66050000 		.4byte	0x566
 975 055f 14       		.uleb128 0x14
 976 0560 80030000 		.4byte	0x380
 977 0564 00       		.byte	0
 978 0565 00       		.byte	0
 979 0566 17       		.uleb128 0x17
 980 0567 1C010000 		.4byte	.LASF79
 981 056b 05       		.byte	0x5
 982 056c 5906     		.2byte	0x659
 983 056e 78050000 		.4byte	0x578
 984 0572 05       		.uleb128 0x5
 985 0573 03       		.byte	0x3
 986 0574 00000000 		.4byte	EE_ALARM_ID
 987 0578 13       		.uleb128 0x13
 988 0579 56050000 		.4byte	0x556
 989 057d 11       		.uleb128 0x11
 990 057e B5000000 		.4byte	0xb5
 991 0582 8D050000 		.4byte	0x58d
 992 0586 14       		.uleb128 0x14
 993 0587 80030000 		.4byte	0x380
 994 058b 03       		.byte	0x3
 995 058c 00       		.byte	0
 996 058d 17       		.uleb128 0x17
ARM GAS  C:\Users\MATEOC~1.QUE\AppData\Local\Temp\ccaGkkUC.s 			page 19


 997 058e 0D030000 		.4byte	.LASF80
 998 0592 05       		.byte	0x5
 999 0593 8102     		.2byte	0x281
 1000 0595 7D050000 		.4byte	0x57d
 1001 0599 05       		.uleb128 0x5
 1002 059a 03       		.byte	0x3
 1003 059b 00000000 		.4byte	EE_th_status
 1004 059f 11       		.uleb128 0x11
 1005 05a0 E1000000 		.4byte	0xe1
 1006 05a4 AF050000 		.4byte	0x5af
 1007 05a8 14       		.uleb128 0x14
 1008 05a9 80030000 		.4byte	0x380
 1009 05ad 03       		.byte	0x3
 1010 05ae 00       		.byte	0
 1011 05af 17       		.uleb128 0x17
 1012 05b0 CE040000 		.4byte	.LASF81
 1013 05b4 05       		.byte	0x5
 1014 05b5 9D02     		.2byte	0x29d
 1015 05b7 9F050000 		.4byte	0x59f
 1016 05bb 05       		.uleb128 0x5
 1017 05bc 03       		.byte	0x3
 1018 05bd 00000000 		.4byte	EE_th_next
 1019 05c1 17       		.uleb128 0x17
 1020 05c2 22070000 		.4byte	.LASF82
 1021 05c6 05       		.byte	0x5
 1022 05c7 C702     		.2byte	0x2c7
 1023 05c9 7D050000 		.4byte	0x57d
 1024 05cd 05       		.uleb128 0x5
 1025 05ce 03       		.byte	0x3
 1026 05cf 00000000 		.4byte	EE_th_rnact
 1027 05d3 17       		.uleb128 0x17
 1028 05d4 05000000 		.4byte	.LASF83
 1029 05d8 05       		.byte	0x5
 1030 05d9 7703     		.2byte	0x377
 1031 05db 9F050000 		.4byte	0x59f
 1032 05df 05       		.uleb128 0x5
 1033 05e0 03       		.byte	0x3
 1034 05e1 00000000 		.4byte	EE_th_terminate_nextask
 1035 05e5 17       		.uleb128 0x17
 1036 05e6 26000000 		.4byte	.LASF84
 1037 05ea 05       		.byte	0x5
 1038 05eb B902     		.2byte	0x2b9
 1039 05ed E1000000 		.4byte	0xe1
 1040 05f1 05       		.uleb128 0x5
 1041 05f2 03       		.byte	0x3
 1042 05f3 00000000 		.4byte	EE_stkfirst
 1043 05f7 17       		.uleb128 0x17
 1044 05f8 C9060000 		.4byte	.LASF85
 1045 05fc 05       		.byte	0x5
 1046 05fd BC02     		.2byte	0x2bc
 1047 05ff B5000000 		.4byte	0xb5
 1048 0603 05       		.uleb128 0x5
 1049 0604 03       		.byte	0x3
 1050 0605 00000000 		.4byte	EE_sys_ceiling
 1051 0609 17       		.uleb128 0x17
 1052 060a 02040000 		.4byte	.LASF86
 1053 060e 05       		.byte	0x5
ARM GAS  C:\Users\MATEOC~1.QUE\AppData\Local\Temp\ccaGkkUC.s 			page 20


 1054 060f FD02     		.2byte	0x2fd
 1055 0611 7D050000 		.4byte	0x57d
 1056 0615 05       		.uleb128 0x5
 1057 0616 03       		.byte	0x3
 1058 0617 00000000 		.4byte	EE_rq_link
 1059 061b 11       		.uleb128 0x11
 1060 061c C0000000 		.4byte	0xc0
 1061 0620 2B060000 		.4byte	0x62b
 1062 0624 14       		.uleb128 0x14
 1063 0625 80030000 		.4byte	0x380
 1064 0629 0F       		.byte	0xf
 1065 062a 00       		.byte	0
 1066 062b 17       		.uleb128 0x17
 1067 062c C6010000 		.4byte	.LASF87
 1068 0630 05       		.byte	0x5
 1069 0631 BF02     		.2byte	0x2bf
 1070 0633 1B060000 		.4byte	0x61b
 1071 0637 05       		.uleb128 0x5
 1072 0638 03       		.byte	0x3
 1073 0639 00000000 		.4byte	EE_rq_queues_head
 1074 063d 17       		.uleb128 0x17
 1075 063e FC050000 		.4byte	.LASF88
 1076 0642 05       		.byte	0x5
 1077 0643 C102     		.2byte	0x2c1
 1078 0645 1B060000 		.4byte	0x61b
 1079 0649 05       		.uleb128 0x5
 1080 064a 03       		.byte	0x3
 1081 064b 00000000 		.4byte	EE_rq_queues_tail
 1082 064f 11       		.uleb128 0x11
 1083 0650 C0000000 		.4byte	0xc0
 1084 0654 5F060000 		.4byte	0x65f
 1085 0658 14       		.uleb128 0x14
 1086 0659 80030000 		.4byte	0x380
 1087 065d 03       		.byte	0x3
 1088 065e 00       		.byte	0
 1089 065f 17       		.uleb128 0x17
 1090 0660 C0000000 		.4byte	.LASF89
 1091 0664 05       		.byte	0x5
 1092 0665 1B03     		.2byte	0x31b
 1093 0667 4F060000 		.4byte	0x64f
 1094 066b 05       		.uleb128 0x5
 1095 066c 03       		.byte	0x3
 1096 066d 00000000 		.4byte	EE_rq_pairs_next
 1097 0671 17       		.uleb128 0x17
 1098 0672 2E070000 		.4byte	.LASF90
 1099 0676 05       		.byte	0x5
 1100 0677 7003     		.2byte	0x370
 1101 0679 9F050000 		.4byte	0x59f
 1102 067d 05       		.uleb128 0x5
 1103 067e 03       		.byte	0x3
 1104 067f 00000000 		.4byte	EE_rq_pairs_tid
 1105 0683 17       		.uleb128 0x17
 1106 0684 33060000 		.4byte	.LASF91
 1107 0688 05       		.byte	0x5
 1108 0689 C402     		.2byte	0x2c4
 1109 068b 05010000 		.4byte	0x105
 1110 068f 05       		.uleb128 0x5
ARM GAS  C:\Users\MATEOC~1.QUE\AppData\Local\Temp\ccaGkkUC.s 			page 21


 1111 0690 03       		.byte	0x3
 1112 0691 00000000 		.4byte	EE_rq_bitmask
 1113 0695 17       		.uleb128 0x17
 1114 0696 F7030000 		.4byte	.LASF92
 1115 069a 05       		.byte	0x5
 1116 069b 7303     		.2byte	0x373
 1117 069d C0000000 		.4byte	0xc0
 1118 06a1 05       		.uleb128 0x5
 1119 06a2 03       		.byte	0x3
 1120 06a3 00000000 		.4byte	EE_rq_free
 1121 06a7 17       		.uleb128 0x17
 1122 06a8 78070000 		.4byte	.LASF93
 1123 06ac 05       		.byte	0x5
 1124 06ad 9A03     		.2byte	0x39a
 1125 06af 7D050000 		.4byte	0x57d
 1126 06b3 05       		.uleb128 0x5
 1127 06b4 03       		.byte	0x3
 1128 06b5 00000000 		.4byte	EE_th_event_active
 1129 06b9 17       		.uleb128 0x17
 1130 06ba 06050000 		.4byte	.LASF94
 1131 06be 05       		.byte	0x5
 1132 06bf B603     		.2byte	0x3b6
 1133 06c1 7D050000 		.4byte	0x57d
 1134 06c5 05       		.uleb128 0x5
 1135 06c6 03       		.byte	0x3
 1136 06c7 00000000 		.4byte	EE_th_event_waitmask
 1137 06cb 11       		.uleb128 0x11
 1138 06cc D6000000 		.4byte	0xd6
 1139 06d0 DB060000 		.4byte	0x6db
 1140 06d4 14       		.uleb128 0x14
 1141 06d5 80030000 		.4byte	0x380
 1142 06d9 03       		.byte	0x3
 1143 06da 00       		.byte	0
 1144 06db 17       		.uleb128 0x17
 1145 06dc 6A020000 		.4byte	.LASF95
 1146 06e0 05       		.byte	0x5
 1147 06e1 D203     		.2byte	0x3d2
 1148 06e3 CB060000 		.4byte	0x6cb
 1149 06e7 05       		.uleb128 0x5
 1150 06e8 03       		.byte	0x3
 1151 06e9 00000000 		.4byte	EE_th_waswaiting
 1152 06ed 17       		.uleb128 0x17
 1153 06ee B0070000 		.4byte	.LASF96
 1154 06f2 05       		.byte	0x5
 1155 06f3 EE03     		.2byte	0x3ee
 1156 06f5 FF060000 		.4byte	0x6ff
 1157 06f9 05       		.uleb128 0x5
 1158 06fa 03       		.byte	0x3
 1159 06fb 00000000 		.4byte	EE_th_is_extended
 1160 06ff 13       		.uleb128 0x13
 1161 0700 5D040000 		.4byte	0x45d
 1162 0704 11       		.uleb128 0x11
 1163 0705 14070000 		.4byte	0x714
 1164 0709 14070000 		.4byte	0x714
 1165 070d 14       		.uleb128 0x14
 1166 070e 80030000 		.4byte	0x380
 1167 0712 00       		.byte	0
ARM GAS  C:\Users\MATEOC~1.QUE\AppData\Local\Temp\ccaGkkUC.s 			page 22


 1168 0713 00       		.byte	0
 1169 0714 13       		.uleb128 0x13
 1170 0715 8A010000 		.4byte	0x18a
 1171 0719 17       		.uleb128 0x17
 1172 071a 5F040000 		.4byte	.LASF97
 1173 071e 05       		.byte	0x5
 1174 071f FF05     		.2byte	0x5ff
 1175 0721 2B070000 		.4byte	0x72b
 1176 0725 05       		.uleb128 0x5
 1177 0726 03       		.byte	0x3
 1178 0727 00000000 		.4byte	EE_counter_ROM
 1179 072b 13       		.uleb128 0x13
 1180 072c 04070000 		.4byte	0x704
 1181 0730 11       		.uleb128 0x11
 1182 0731 40070000 		.4byte	0x740
 1183 0735 40070000 		.4byte	0x740
 1184 0739 14       		.uleb128 0x14
 1185 073a 80030000 		.4byte	0x380
 1186 073e 00       		.byte	0
 1187 073f 00       		.byte	0
 1188 0740 13       		.uleb128 0x13
 1189 0741 27020000 		.4byte	0x227
 1190 0745 17       		.uleb128 0x17
 1191 0746 8B030000 		.4byte	.LASF98
 1192 074a 05       		.byte	0x5
 1193 074b 9606     		.2byte	0x696
 1194 074d 57070000 		.4byte	0x757
 1195 0751 05       		.uleb128 0x5
 1196 0752 03       		.byte	0x3
 1197 0753 00000000 		.4byte	EE_oo_counter_object_ROM
 1198 0757 13       		.uleb128 0x13
 1199 0758 30070000 		.4byte	0x730
 1200 075c 11       		.uleb128 0x11
 1201 075d 6C070000 		.4byte	0x76c
 1202 0761 6C070000 		.4byte	0x76c
 1203 0765 14       		.uleb128 0x14
 1204 0766 80030000 		.4byte	0x380
 1205 076a 00       		.byte	0
 1206 076b 00       		.byte	0
 1207 076c 13       		.uleb128 0x13
 1208 076d 04030000 		.4byte	0x304
 1209 0771 17       		.uleb128 0x17
 1210 0772 C1030000 		.4byte	.LASF99
 1211 0776 05       		.byte	0x5
 1212 0777 BA06     		.2byte	0x6ba
 1213 0779 83070000 		.4byte	0x783
 1214 077d 05       		.uleb128 0x5
 1215 077e 03       		.byte	0x3
 1216 077f 00000000 		.4byte	EE_oo_action_ROM
 1217 0783 13       		.uleb128 0x13
 1218 0784 5C070000 		.4byte	0x75c
 1219 0788 11       		.uleb128 0x11
 1220 0789 98070000 		.4byte	0x798
 1221 078d 98070000 		.4byte	0x798
 1222 0791 14       		.uleb128 0x14
 1223 0792 80030000 		.4byte	0x380
 1224 0796 00       		.byte	0
ARM GAS  C:\Users\MATEOC~1.QUE\AppData\Local\Temp\ccaGkkUC.s 			page 23


 1225 0797 00       		.byte	0
 1226 0798 13       		.uleb128 0x13
 1227 0799 27030000 		.4byte	0x327
 1228 079d 17       		.uleb128 0x17
 1229 079e 75010000 		.4byte	.LASF100
 1230 07a2 05       		.byte	0x5
 1231 07a3 2006     		.2byte	0x620
 1232 07a5 AF070000 		.4byte	0x7af
 1233 07a9 05       		.uleb128 0x5
 1234 07aa 03       		.byte	0x3
 1235 07ab 00000000 		.4byte	EE_alarm_ROM
 1236 07af 13       		.uleb128 0x13
 1237 07b0 88070000 		.4byte	0x788
 1238 07b4 11       		.uleb128 0x11
 1239 07b5 BA010000 		.4byte	0x1ba
 1240 07b9 C4070000 		.4byte	0x7c4
 1241 07bd 14       		.uleb128 0x14
 1242 07be 80030000 		.4byte	0x380
 1243 07c2 00       		.byte	0
 1244 07c3 00       		.byte	0
 1245 07c4 17       		.uleb128 0x17
 1246 07c5 8F060000 		.4byte	.LASF101
 1247 07c9 05       		.byte	0x5
 1248 07ca 0C06     		.2byte	0x60c
 1249 07cc B4070000 		.4byte	0x7b4
 1250 07d0 05       		.uleb128 0x5
 1251 07d1 03       		.byte	0x3
 1252 07d2 00000000 		.4byte	EE_counter_RAM
 1253 07d6 11       		.uleb128 0x11
 1254 07d7 71020000 		.4byte	0x271
 1255 07db E6070000 		.4byte	0x7e6
 1256 07df 14       		.uleb128 0x14
 1257 07e0 80030000 		.4byte	0x380
 1258 07e4 00       		.byte	0
 1259 07e5 00       		.byte	0
 1260 07e6 17       		.uleb128 0x17
 1261 07e7 E9060000 		.4byte	.LASF102
 1262 07eb 05       		.byte	0x5
 1263 07ec B106     		.2byte	0x6b1
 1264 07ee D6070000 		.4byte	0x7d6
 1265 07f2 05       		.uleb128 0x5
 1266 07f3 03       		.byte	0x3
 1267 07f4 00000000 		.4byte	EE_oo_counter_object_RAM
 1268 07f8 11       		.uleb128 0x11
 1269 07f9 08080000 		.4byte	0x808
 1270 07fd 08080000 		.4byte	0x808
 1271 0801 14       		.uleb128 0x14
 1272 0802 80030000 		.4byte	0x380
 1273 0806 00       		.byte	0
 1274 0807 00       		.byte	0
 1275 0808 13       		.uleb128 0x13
 1276 0809 33030000 		.4byte	0x333
 1277 080d 17       		.uleb128 0x17
 1278 080e CA070000 		.4byte	.LASF103
 1279 0812 05       		.byte	0x5
 1280 0813 9607     		.2byte	0x796
 1281 0815 1F080000 		.4byte	0x81f
ARM GAS  C:\Users\MATEOC~1.QUE\AppData\Local\Temp\ccaGkkUC.s 			page 24


 1282 0819 05       		.uleb128 0x5
 1283 081a 03       		.byte	0x3
 1284 081b 00000000 		.4byte	EE_oo_autostart_task_data
 1285 081f 13       		.uleb128 0x13
 1286 0820 F8070000 		.4byte	0x7f8
 1287 0824 18       		.uleb128 0x18
 1288 0825 D6020000 		.4byte	.LASF104
 1289 0829 06       		.byte	0x6
 1290 082a 40       		.byte	0x40
 1291 082b B5000000 		.4byte	0xb5
 1292 082f 18       		.uleb128 0x18
 1293 0830 D8010000 		.4byte	.LASF105
 1294 0834 06       		.byte	0x6
 1295 0835 47       		.byte	0x47
 1296 0836 CB000000 		.4byte	0xcb
 1297 083a 17       		.uleb128 0x17
 1298 083b AE030000 		.4byte	.LASF106
 1299 083f 05       		.byte	0x5
 1300 0840 5C07     		.2byte	0x75c
 1301 0842 B5000000 		.4byte	0xb5
 1302 0846 05       		.uleb128 0x5
 1303 0847 03       		.byte	0x3
 1304 0848 00000000 		.4byte	EE_ApplicationMode
 1305 084c 18       		.uleb128 0x18
 1306 084d F1010000 		.4byte	.LASF107
 1307 0851 07       		.byte	0x7
 1308 0852 48       		.byte	0x48
 1309 0853 E1000000 		.4byte	0xe1
 1310 0857 18       		.uleb128 0x18
 1311 0858 3E070000 		.4byte	.LASF108
 1312 085c 08       		.byte	0x8
 1313 085d 44       		.byte	0x44
 1314 085e B5000000 		.4byte	0xb5
 1315 0862 16       		.uleb128 0x16
 1316 0863 49000000 		.4byte	.LASF109
 1317 0867 05       		.byte	0x5
 1318 0868 AD       		.byte	0xad
 1319 0869 EC000000 		.4byte	0xec
 1320 086d 05       		.uleb128 0x5
 1321 086e 03       		.byte	0x3
 1322 086f 00000000 		.4byte	EE_cortex_mx_IRQ_tos
 1323 0873 11       		.uleb128 0x11
 1324 0874 55000000 		.4byte	0x55
 1325 0878 83080000 		.4byte	0x883
 1326 087c 14       		.uleb128 0x14
 1327 087d 80030000 		.4byte	0x380
 1328 0881 F9       		.byte	0xf9
 1329 0882 00       		.byte	0
 1330 0883 16       		.uleb128 0x16
 1331 0884 1B050000 		.4byte	.LASF110
 1332 0888 05       		.byte	0x5
 1333 0889 19       		.byte	0x19
 1334 088a 73080000 		.4byte	0x873
 1335 088e 05       		.uleb128 0x5
 1336 088f 03       		.byte	0x3
 1337 0890 00000000 		.4byte	EE_cortex_mx_stack_3
 1338 0894 16       		.uleb128 0x16
ARM GAS  C:\Users\MATEOC~1.QUE\AppData\Local\Temp\ccaGkkUC.s 			page 25


 1339 0895 44030000 		.4byte	.LASF111
 1340 0899 05       		.byte	0x5
 1341 089a 1D       		.byte	0x1d
 1342 089b 73080000 		.4byte	0x873
 1343 089f 05       		.uleb128 0x5
 1344 08a0 03       		.byte	0x3
 1345 08a1 00000000 		.4byte	EE_cortex_mx_stack_4
 1346 08a5 11       		.uleb128 0x11
 1347 08a6 55000000 		.4byte	0x55
 1348 08aa B5080000 		.4byte	0x8b5
 1349 08ae 14       		.uleb128 0x14
 1350 08af 80030000 		.4byte	0x380
 1351 08b3 7F       		.byte	0x7f
 1352 08b4 00       		.byte	0
 1353 08b5 16       		.uleb128 0x16
 1354 08b6 59030000 		.4byte	.LASF112
 1355 08ba 05       		.byte	0x5
 1356 08bb 32       		.byte	0x32
 1357 08bc A5080000 		.4byte	0x8a5
 1358 08c0 05       		.uleb128 0x5
 1359 08c1 03       		.byte	0x3
 1360 08c2 00000000 		.4byte	EE_cortex_mx_stack_9
 1361 08c6 00       		.byte	0
 1362              		.section	.debug_abbrev,"",%progbits
 1363              	.Ldebug_abbrev0:
 1364 0000 01       		.uleb128 0x1
 1365 0001 11       		.uleb128 0x11
 1366 0002 01       		.byte	0x1
 1367 0003 25       		.uleb128 0x25
 1368 0004 0E       		.uleb128 0xe
 1369 0005 13       		.uleb128 0x13
 1370 0006 0B       		.uleb128 0xb
 1371 0007 03       		.uleb128 0x3
 1372 0008 0E       		.uleb128 0xe
 1373 0009 1B       		.uleb128 0x1b
 1374 000a 0E       		.uleb128 0xe
 1375 000b 10       		.uleb128 0x10
 1376 000c 17       		.uleb128 0x17
 1377 000d 00       		.byte	0
 1378 000e 00       		.byte	0
 1379 000f 02       		.uleb128 0x2
 1380 0010 24       		.uleb128 0x24
 1381 0011 00       		.byte	0
 1382 0012 0B       		.uleb128 0xb
 1383 0013 0B       		.uleb128 0xb
 1384 0014 3E       		.uleb128 0x3e
 1385 0015 0B       		.uleb128 0xb
 1386 0016 03       		.uleb128 0x3
 1387 0017 0E       		.uleb128 0xe
 1388 0018 00       		.byte	0
 1389 0019 00       		.byte	0
 1390 001a 03       		.uleb128 0x3
 1391 001b 24       		.uleb128 0x24
 1392 001c 00       		.byte	0
 1393 001d 0B       		.uleb128 0xb
 1394 001e 0B       		.uleb128 0xb
 1395 001f 3E       		.uleb128 0x3e
ARM GAS  C:\Users\MATEOC~1.QUE\AppData\Local\Temp\ccaGkkUC.s 			page 26


 1396 0020 0B       		.uleb128 0xb
 1397 0021 03       		.uleb128 0x3
 1398 0022 08       		.uleb128 0x8
 1399 0023 00       		.byte	0
 1400 0024 00       		.byte	0
 1401 0025 04       		.uleb128 0x4
 1402 0026 16       		.uleb128 0x16
 1403 0027 00       		.byte	0
 1404 0028 03       		.uleb128 0x3
 1405 0029 0E       		.uleb128 0xe
 1406 002a 3A       		.uleb128 0x3a
 1407 002b 0B       		.uleb128 0xb
 1408 002c 3B       		.uleb128 0x3b
 1409 002d 0B       		.uleb128 0xb
 1410 002e 49       		.uleb128 0x49
 1411 002f 13       		.uleb128 0x13
 1412 0030 00       		.byte	0
 1413 0031 00       		.byte	0
 1414 0032 05       		.uleb128 0x5
 1415 0033 0F       		.uleb128 0xf
 1416 0034 00       		.byte	0
 1417 0035 0B       		.uleb128 0xb
 1418 0036 0B       		.uleb128 0xb
 1419 0037 00       		.byte	0
 1420 0038 00       		.byte	0
 1421 0039 06       		.uleb128 0x6
 1422 003a 0F       		.uleb128 0xf
 1423 003b 00       		.byte	0
 1424 003c 0B       		.uleb128 0xb
 1425 003d 0B       		.uleb128 0xb
 1426 003e 49       		.uleb128 0x49
 1427 003f 13       		.uleb128 0x13
 1428 0040 00       		.byte	0
 1429 0041 00       		.byte	0
 1430 0042 07       		.uleb128 0x7
 1431 0043 15       		.uleb128 0x15
 1432 0044 00       		.byte	0
 1433 0045 27       		.uleb128 0x27
 1434 0046 19       		.uleb128 0x19
 1435 0047 00       		.byte	0
 1436 0048 00       		.byte	0
 1437 0049 08       		.uleb128 0x8
 1438 004a 13       		.uleb128 0x13
 1439 004b 01       		.byte	0x1
 1440 004c 03       		.uleb128 0x3
 1441 004d 0E       		.uleb128 0xe
 1442 004e 0B       		.uleb128 0xb
 1443 004f 0B       		.uleb128 0xb
 1444 0050 3A       		.uleb128 0x3a
 1445 0051 0B       		.uleb128 0xb
 1446 0052 3B       		.uleb128 0x3b
 1447 0053 0B       		.uleb128 0xb
 1448 0054 01       		.uleb128 0x1
 1449 0055 13       		.uleb128 0x13
 1450 0056 00       		.byte	0
 1451 0057 00       		.byte	0
 1452 0058 09       		.uleb128 0x9
ARM GAS  C:\Users\MATEOC~1.QUE\AppData\Local\Temp\ccaGkkUC.s 			page 27


 1453 0059 0D       		.uleb128 0xd
 1454 005a 00       		.byte	0
 1455 005b 03       		.uleb128 0x3
 1456 005c 0E       		.uleb128 0xe
 1457 005d 3A       		.uleb128 0x3a
 1458 005e 0B       		.uleb128 0xb
 1459 005f 3B       		.uleb128 0x3b
 1460 0060 0B       		.uleb128 0xb
 1461 0061 49       		.uleb128 0x49
 1462 0062 13       		.uleb128 0x13
 1463 0063 38       		.uleb128 0x38
 1464 0064 0B       		.uleb128 0xb
 1465 0065 00       		.byte	0
 1466 0066 00       		.byte	0
 1467 0067 0A       		.uleb128 0xa
 1468 0068 16       		.uleb128 0x16
 1469 0069 00       		.byte	0
 1470 006a 03       		.uleb128 0x3
 1471 006b 0E       		.uleb128 0xe
 1472 006c 3A       		.uleb128 0x3a
 1473 006d 0B       		.uleb128 0xb
 1474 006e 3B       		.uleb128 0x3b
 1475 006f 05       		.uleb128 0x5
 1476 0070 49       		.uleb128 0x49
 1477 0071 13       		.uleb128 0x13
 1478 0072 00       		.byte	0
 1479 0073 00       		.byte	0
 1480 0074 0B       		.uleb128 0xb
 1481 0075 13       		.uleb128 0x13
 1482 0076 01       		.byte	0x1
 1483 0077 0B       		.uleb128 0xb
 1484 0078 0B       		.uleb128 0xb
 1485 0079 3A       		.uleb128 0x3a
 1486 007a 0B       		.uleb128 0xb
 1487 007b 3B       		.uleb128 0x3b
 1488 007c 05       		.uleb128 0x5
 1489 007d 01       		.uleb128 0x1
 1490 007e 13       		.uleb128 0x13
 1491 007f 00       		.byte	0
 1492 0080 00       		.byte	0
 1493 0081 0C       		.uleb128 0xc
 1494 0082 0D       		.uleb128 0xd
 1495 0083 00       		.byte	0
 1496 0084 03       		.uleb128 0x3
 1497 0085 0E       		.uleb128 0xe
 1498 0086 3A       		.uleb128 0x3a
 1499 0087 0B       		.uleb128 0xb
 1500 0088 3B       		.uleb128 0x3b
 1501 0089 05       		.uleb128 0x5
 1502 008a 49       		.uleb128 0x49
 1503 008b 13       		.uleb128 0x13
 1504 008c 38       		.uleb128 0x38
 1505 008d 0B       		.uleb128 0xb
 1506 008e 00       		.byte	0
 1507 008f 00       		.byte	0
 1508 0090 0D       		.uleb128 0xd
 1509 0091 04       		.uleb128 0x4
ARM GAS  C:\Users\MATEOC~1.QUE\AppData\Local\Temp\ccaGkkUC.s 			page 28


 1510 0092 01       		.byte	0x1
 1511 0093 0B       		.uleb128 0xb
 1512 0094 0B       		.uleb128 0xb
 1513 0095 49       		.uleb128 0x49
 1514 0096 13       		.uleb128 0x13
 1515 0097 3A       		.uleb128 0x3a
 1516 0098 0B       		.uleb128 0xb
 1517 0099 3B       		.uleb128 0x3b
 1518 009a 05       		.uleb128 0x5
 1519 009b 01       		.uleb128 0x1
 1520 009c 13       		.uleb128 0x13
 1521 009d 00       		.byte	0
 1522 009e 00       		.byte	0
 1523 009f 0E       		.uleb128 0xe
 1524 00a0 28       		.uleb128 0x28
 1525 00a1 00       		.byte	0
 1526 00a2 03       		.uleb128 0x3
 1527 00a3 0E       		.uleb128 0xe
 1528 00a4 1C       		.uleb128 0x1c
 1529 00a5 0B       		.uleb128 0xb
 1530 00a6 00       		.byte	0
 1531 00a7 00       		.byte	0
 1532 00a8 0F       		.uleb128 0xf
 1533 00a9 0D       		.uleb128 0xd
 1534 00aa 00       		.byte	0
 1535 00ab 03       		.uleb128 0x3
 1536 00ac 08       		.uleb128 0x8
 1537 00ad 3A       		.uleb128 0x3a
 1538 00ae 0B       		.uleb128 0xb
 1539 00af 3B       		.uleb128 0x3b
 1540 00b0 05       		.uleb128 0x5
 1541 00b1 49       		.uleb128 0x49
 1542 00b2 13       		.uleb128 0x13
 1543 00b3 38       		.uleb128 0x38
 1544 00b4 0B       		.uleb128 0xb
 1545 00b5 00       		.byte	0
 1546 00b6 00       		.byte	0
 1547 00b7 10       		.uleb128 0x10
 1548 00b8 13       		.uleb128 0x13
 1549 00b9 01       		.byte	0x1
 1550 00ba 03       		.uleb128 0x3
 1551 00bb 0E       		.uleb128 0xe
 1552 00bc 0B       		.uleb128 0xb
 1553 00bd 0B       		.uleb128 0xb
 1554 00be 3A       		.uleb128 0x3a
 1555 00bf 0B       		.uleb128 0xb
 1556 00c0 3B       		.uleb128 0x3b
 1557 00c1 05       		.uleb128 0x5
 1558 00c2 01       		.uleb128 0x1
 1559 00c3 13       		.uleb128 0x13
 1560 00c4 00       		.byte	0
 1561 00c5 00       		.byte	0
 1562 00c6 11       		.uleb128 0x11
 1563 00c7 01       		.uleb128 0x1
 1564 00c8 01       		.byte	0x1
 1565 00c9 49       		.uleb128 0x49
 1566 00ca 13       		.uleb128 0x13
ARM GAS  C:\Users\MATEOC~1.QUE\AppData\Local\Temp\ccaGkkUC.s 			page 29


 1567 00cb 01       		.uleb128 0x1
 1568 00cc 13       		.uleb128 0x13
 1569 00cd 00       		.byte	0
 1570 00ce 00       		.byte	0
 1571 00cf 12       		.uleb128 0x12
 1572 00d0 21       		.uleb128 0x21
 1573 00d1 00       		.byte	0
 1574 00d2 00       		.byte	0
 1575 00d3 00       		.byte	0
 1576 00d4 13       		.uleb128 0x13
 1577 00d5 26       		.uleb128 0x26
 1578 00d6 00       		.byte	0
 1579 00d7 49       		.uleb128 0x49
 1580 00d8 13       		.uleb128 0x13
 1581 00d9 00       		.byte	0
 1582 00da 00       		.byte	0
 1583 00db 14       		.uleb128 0x14
 1584 00dc 21       		.uleb128 0x21
 1585 00dd 00       		.byte	0
 1586 00de 49       		.uleb128 0x49
 1587 00df 13       		.uleb128 0x13
 1588 00e0 2F       		.uleb128 0x2f
 1589 00e1 0B       		.uleb128 0xb
 1590 00e2 00       		.byte	0
 1591 00e3 00       		.byte	0
 1592 00e4 15       		.uleb128 0x15
 1593 00e5 34       		.uleb128 0x34
 1594 00e6 00       		.byte	0
 1595 00e7 03       		.uleb128 0x3
 1596 00e8 0E       		.uleb128 0xe
 1597 00e9 3A       		.uleb128 0x3a
 1598 00ea 0B       		.uleb128 0xb
 1599 00eb 3B       		.uleb128 0x3b
 1600 00ec 05       		.uleb128 0x5
 1601 00ed 49       		.uleb128 0x49
 1602 00ee 13       		.uleb128 0x13
 1603 00ef 02       		.uleb128 0x2
 1604 00f0 18       		.uleb128 0x18
 1605 00f1 00       		.byte	0
 1606 00f2 00       		.byte	0
 1607 00f3 16       		.uleb128 0x16
 1608 00f4 34       		.uleb128 0x34
 1609 00f5 00       		.byte	0
 1610 00f6 03       		.uleb128 0x3
 1611 00f7 0E       		.uleb128 0xe
 1612 00f8 3A       		.uleb128 0x3a
 1613 00f9 0B       		.uleb128 0xb
 1614 00fa 3B       		.uleb128 0x3b
 1615 00fb 0B       		.uleb128 0xb
 1616 00fc 49       		.uleb128 0x49
 1617 00fd 13       		.uleb128 0x13
 1618 00fe 3F       		.uleb128 0x3f
 1619 00ff 19       		.uleb128 0x19
 1620 0100 02       		.uleb128 0x2
 1621 0101 18       		.uleb128 0x18
 1622 0102 00       		.byte	0
 1623 0103 00       		.byte	0
ARM GAS  C:\Users\MATEOC~1.QUE\AppData\Local\Temp\ccaGkkUC.s 			page 30


 1624 0104 17       		.uleb128 0x17
 1625 0105 34       		.uleb128 0x34
 1626 0106 00       		.byte	0
 1627 0107 03       		.uleb128 0x3
 1628 0108 0E       		.uleb128 0xe
 1629 0109 3A       		.uleb128 0x3a
 1630 010a 0B       		.uleb128 0xb
 1631 010b 3B       		.uleb128 0x3b
 1632 010c 05       		.uleb128 0x5
 1633 010d 49       		.uleb128 0x49
 1634 010e 13       		.uleb128 0x13
 1635 010f 3F       		.uleb128 0x3f
 1636 0110 19       		.uleb128 0x19
 1637 0111 02       		.uleb128 0x2
 1638 0112 18       		.uleb128 0x18
 1639 0113 00       		.byte	0
 1640 0114 00       		.byte	0
 1641 0115 18       		.uleb128 0x18
 1642 0116 34       		.uleb128 0x34
 1643 0117 00       		.byte	0
 1644 0118 03       		.uleb128 0x3
 1645 0119 0E       		.uleb128 0xe
 1646 011a 3A       		.uleb128 0x3a
 1647 011b 0B       		.uleb128 0xb
 1648 011c 3B       		.uleb128 0x3b
 1649 011d 0B       		.uleb128 0xb
 1650 011e 49       		.uleb128 0x49
 1651 011f 13       		.uleb128 0x13
 1652 0120 3F       		.uleb128 0x3f
 1653 0121 19       		.uleb128 0x19
 1654 0122 3C       		.uleb128 0x3c
 1655 0123 19       		.uleb128 0x19
 1656 0124 00       		.byte	0
 1657 0125 00       		.byte	0
 1658 0126 00       		.byte	0
 1659              		.section	.debug_aranges,"",%progbits
 1660 0000 14000000 		.4byte	0x14
 1661 0004 0200     		.2byte	0x2
 1662 0006 00000000 		.4byte	.Ldebug_info0
 1663 000a 04       		.byte	0x4
 1664 000b 00       		.byte	0
 1665 000c 0000     		.2byte	0
 1666 000e 0000     		.2byte	0
 1667 0010 00000000 		.4byte	0
 1668 0014 00000000 		.4byte	0
 1669              		.section	.debug_line,"",%progbits
 1670              	.Ldebug_line0:
 1671 0000 28010000 		.section	.debug_str,"MS",%progbits,1
 1671      02002201 
 1671      00000201 
 1671      FB0E0D00 
 1671      01010101 
 1672              	.LASF46:
 1673 0000 6E657874 		.ascii	"next\000"
 1673      00
 1674              	.LASF83:
 1675 0005 45455F74 		.ascii	"EE_th_terminate_nextask\000"
ARM GAS  C:\Users\MATEOC~1.QUE\AppData\Local\Temp\ccaGkkUC.s 			page 31


 1675      685F7465 
 1675      726D696E 
 1675      6174655F 
 1675      6E657874 
 1676              	.LASF24:
 1677 001d 5469636B 		.ascii	"TickType\000"
 1677      54797065 
 1677      00
 1678              	.LASF84:
 1679 0026 45455F73 		.ascii	"EE_stkfirst\000"
 1679      746B6669 
 1679      72737400 
 1680              	.LASF26:
 1681 0032 41637469 		.ascii	"ActionType\000"
 1681      6F6E5479 
 1681      706500
 1682              	.LASF19:
 1683 003d 45455F54 		.ascii	"EE_TYPEBOOL\000"
 1683      59504542 
 1683      4F4F4C00 
 1684              	.LASF109:
 1685 0049 45455F63 		.ascii	"EE_cortex_mx_IRQ_tos\000"
 1685      6F727465 
 1685      785F6D78 
 1685      5F495251 
 1685      5F746F73 
 1686              	.LASF7:
 1687 005e 6C6F6E67 		.ascii	"long long unsigned int\000"
 1687      206C6F6E 
 1687      6720756E 
 1687      7369676E 
 1687      65642069 
 1688              	.LASF45:
 1689 0075 64656C74 		.ascii	"delta\000"
 1689      6100
 1690              	.LASF114:
 1691 007b 47656E65 		.ascii	"Generated_Source\\PSoC5\\ErikaOS_eecfg.c\000"
 1691      72617465 
 1691      645F536F 
 1691      75726365 
 1691      5C50536F 
 1692              	.LASF42:
 1693 00a2 45455F6F 		.ascii	"EE_oo_counter_object_ROM_type\000"
 1693      6F5F636F 
 1693      756E7465 
 1693      725F6F62 
 1693      6A656374 
 1694              	.LASF89:
 1695 00c0 45455F72 		.ascii	"EE_rq_pairs_next\000"
 1695      715F7061 
 1695      6972735F 
 1695      6E657874 
 1695      00
 1696              	.LASF22:
 1697 00d1 5461736B 		.ascii	"TaskType\000"
 1697      54797065 
 1697      00
ARM GAS  C:\Users\MATEOC~1.QUE\AppData\Local\Temp\ccaGkkUC.s 			page 32


 1698              	.LASF61:
 1699 00da 45455F54 		.ascii	"EE_TOS\000"
 1699      4F5300
 1700              	.LASF29:
 1701 00e1 6D617861 		.ascii	"maxallowedvalue\000"
 1701      6C6C6F77 
 1701      65647661 
 1701      6C756500 
 1702              	.LASF116:
 1703 00f1 45455F6F 		.ascii	"EE_oo_autostart_task_mode_OSDEFAULTAPPMODE\000"
 1703      6F5F6175 
 1703      746F7374 
 1703      6172745F 
 1703      7461736B 
 1704              	.LASF79:
 1705 011c 45455F41 		.ascii	"EE_ALARM_ID\000"
 1705      4C41524D 
 1705      5F494400 
 1706              	.LASF6:
 1707 0128 6C6F6E67 		.ascii	"long long int\000"
 1707      206C6F6E 
 1707      6720696E 
 1707      7400
 1708              	.LASF0:
 1709 0136 7369676E 		.ascii	"signed char\000"
 1709      65642063 
 1709      68617200 
 1710              	.LASF52:
 1711 0142 45455F6F 		.ascii	"EE_oo_action_kind_type\000"
 1711      6F5F6163 
 1711      74696F6E 
 1711      5F6B696E 
 1711      645F7479 
 1712              	.LASF23:
 1713 0159 4576656E 		.ascii	"EventMaskType\000"
 1713      744D6173 
 1713      6B547970 
 1713      6500
 1714              	.LASF76:
 1715 0167 45455F45 		.ascii	"EE_EVENT_NAME\000"
 1715      56454E54 
 1715      5F4E414D 
 1715      4500
 1716              	.LASF100:
 1717 0175 45455F61 		.ascii	"EE_alarm_ROM\000"
 1717      6C61726D 
 1717      5F524F4D 
 1717      00
 1718              	.LASF70:
 1719 0182 45455F63 		.ascii	"EE_cortex_mx_active_tos\000"
 1719      6F727465 
 1719      785F6D78 
 1719      5F616374 
 1719      6976655F 
 1720              	.LASF35:
 1721 019a 45455F6F 		.ascii	"EE_oo_counter_RAM_type\000"
 1721      6F5F636F 
ARM GAS  C:\Users\MATEOC~1.QUE\AppData\Local\Temp\ccaGkkUC.s 			page 33


 1721      756E7465 
 1721      725F5241 
 1721      4D5F7479 
 1722              	.LASF78:
 1723 01b1 45455F45 		.ascii	"EE_EVENT_ID\000"
 1723      56454E54 
 1723      5F494400 
 1724              	.LASF4:
 1725 01bd 6C6F6E67 		.ascii	"long int\000"
 1725      20696E74 
 1725      00
 1726              	.LASF87:
 1727 01c6 45455F72 		.ascii	"EE_rq_queues_head\000"
 1727      715F7175 
 1727      65756573 
 1727      5F686561 
 1727      6400
 1728              	.LASF105:
 1729 01d8 45455F6F 		.ascii	"EE_oo_IRQ_suspend_status\000"
 1729      6F5F4952 
 1729      515F7375 
 1729      7370656E 
 1729      645F7374 
 1730              	.LASF107:
 1731 01f1 45455F73 		.ascii	"EE_std_endcycle_next_tid\000"
 1731      74645F65 
 1731      6E646379 
 1731      636C655F 
 1731      6E657874 
 1732              	.LASF31:
 1733 020a 6D696E63 		.ascii	"mincycle\000"
 1733      79636C65 
 1733      00
 1734              	.LASF20:
 1735 0213 45455F54 		.ascii	"EE_TID\000"
 1735      494400
 1736              	.LASF33:
 1737 021a 76616C75 		.ascii	"value\000"
 1737      6500
 1738              	.LASF8:
 1739 0220 756E7369 		.ascii	"unsigned int\000"
 1739      676E6564 
 1739      20696E74 
 1739      00
 1740              	.LASF16:
 1741 022d 45455F55 		.ascii	"EE_UREG\000"
 1741      52454700 
 1742              	.LASF60:
 1743 0235 45455F6F 		.ascii	"EE_oo_alarm_ROM_type\000"
 1743      6F5F616C 
 1743      61726D5F 
 1743      524F4D5F 
 1743      74797065 
 1744              	.LASF77:
 1745 024a 45455F41 		.ascii	"EE_ALARM_NAME\000"
 1745      4C41524D 
 1745      5F4E414D 
ARM GAS  C:\Users\MATEOC~1.QUE\AppData\Local\Temp\ccaGkkUC.s 			page 34


 1745      4500
 1746              	.LASF5:
 1747 0258 6C6F6E67 		.ascii	"long unsigned int\000"
 1747      20756E73 
 1747      69676E65 
 1747      6420696E 
 1747      7400
 1748              	.LASF95:
 1749 026a 45455F74 		.ascii	"EE_th_waswaiting\000"
 1749      685F7761 
 1749      73776169 
 1749      74696E67 
 1749      00
 1750              	.LASF115:
 1751 027b 433A5C55 		.ascii	"C:\\Users\\Mateo C. Querol\\Desktop\\EAA\\LABS\\Ele"
 1751      73657273 
 1751      5C4D6174 
 1751      656F2043 
 1751      2E205175 
 1752 02a8 6374726F 		.ascii	"ctronicGasPedal.cydsn\000"
 1752      6E696347 
 1752      61735065 
 1752      64616C2E 
 1752      63796473 
 1753              	.LASF41:
 1754 02be 6B696E64 		.ascii	"kind\000"
 1754      00
 1755              	.LASF3:
 1756 02c3 73686F72 		.ascii	"short unsigned int\000"
 1756      7420756E 
 1756      7369676E 
 1756      65642069 
 1756      6E7400
 1757              	.LASF104:
 1758 02d6 45455F6F 		.ascii	"EE_oo_IRQ_disable_count\000"
 1758      6F5F4952 
 1758      515F6469 
 1758      7361626C 
 1758      655F636F 
 1759              	.LASF38:
 1760 02ee 45455F6F 		.ascii	"EE_oo_counter_object_kind_type\000"
 1760      6F5F636F 
 1760      756E7465 
 1760      725F6F62 
 1760      6A656374 
 1761              	.LASF80:
 1762 030d 45455F74 		.ascii	"EE_th_status\000"
 1762      685F7374 
 1762      61747573 
 1762      00
 1763              	.LASF39:
 1764 031a 436F756E 		.ascii	"CounterObjectKindType\000"
 1764      7465724F 
 1764      626A6563 
 1764      744B696E 
 1764      64547970 
 1765              	.LASF73:
ARM GAS  C:\Users\MATEOC~1.QUE\AppData\Local\Temp\ccaGkkUC.s 			page 35


 1766 0330 45455F74 		.ascii	"EE_th_dispatch_prio\000"
 1766      685F6469 
 1766      73706174 
 1766      63685F70 
 1766      72696F00 
 1767              	.LASF111:
 1768 0344 45455F63 		.ascii	"EE_cortex_mx_stack_4\000"
 1768      6F727465 
 1768      785F6D78 
 1768      5F737461 
 1768      636B5F34 
 1769              	.LASF112:
 1770 0359 45455F63 		.ascii	"EE_cortex_mx_stack_9\000"
 1770      6F727465 
 1770      785F6D78 
 1770      5F737461 
 1770      636B5F39 
 1771              	.LASF14:
 1772 036e 45455F56 		.ascii	"EE_VOID_CALLBACK\000"
 1772      4F49445F 
 1772      43414C4C 
 1772      4241434B 
 1772      00
 1773              	.LASF27:
 1774 037f 436F756E 		.ascii	"CounterType\000"
 1774      74657254 
 1774      79706500 
 1775              	.LASF98:
 1776 038b 45455F6F 		.ascii	"EE_oo_counter_object_ROM\000"
 1776      6F5F636F 
 1776      756E7465 
 1776      725F6F62 
 1776      6A656374 
 1777              	.LASF59:
 1778 03a4 61637469 		.ascii	"action_id\000"
 1778      6F6E5F69 
 1778      6400
 1779              	.LASF106:
 1780 03ae 45455F41 		.ascii	"EE_ApplicationMode\000"
 1780      70706C69 
 1780      63617469 
 1780      6F6E4D6F 
 1780      646500
 1781              	.LASF99:
 1782 03c1 45455F6F 		.ascii	"EE_oo_action_ROM\000"
 1782      6F5F6163 
 1782      74696F6E 
 1782      5F524F4D 
 1782      00
 1783              	.LASF21:
 1784 03d2 45455F54 		.ascii	"EE_TYPE_RQ_MASK\000"
 1784      5950455F 
 1784      52515F4D 
 1784      41534B00 
 1785              	.LASF64:
 1786 03e2 73697A65 		.ascii	"sizetype\000"
 1786      74797065 
ARM GAS  C:\Users\MATEOC~1.QUE\AppData\Local\Temp\ccaGkkUC.s 			page 36


 1786      00
 1787              	.LASF9:
 1788 03eb 6C6F6E67 		.ascii	"long double\000"
 1788      20646F75 
 1788      626C6500 
 1789              	.LASF92:
 1790 03f7 45455F72 		.ascii	"EE_rq_free\000"
 1790      715F6672 
 1790      656500
 1791              	.LASF86:
 1792 0402 45455F72 		.ascii	"EE_rq_link\000"
 1792      715F6C69 
 1792      6E6B00
 1793              	.LASF17:
 1794 040d 45455F53 		.ascii	"EE_SREG\000"
 1794      52454700 
 1795              	.LASF30:
 1796 0415 7469636B 		.ascii	"ticksperbase\000"
 1796      73706572 
 1796      62617365 
 1796      00
 1797              	.LASF62:
 1798 0422 45455F6F 		.ascii	"EE_oo_autostart_task_type\000"
 1798      6F5F6175 
 1798      746F7374 
 1798      6172745F 
 1798      7461736B 
 1799              	.LASF43:
 1800 043c 75736564 		.ascii	"used\000"
 1800      00
 1801              	.LASF47:
 1802 0441 45455F6F 		.ascii	"EE_oo_counter_object_RAM_type\000"
 1802      6F5F636F 
 1802      756E7465 
 1802      725F6F62 
 1802      6A656374 
 1803              	.LASF97:
 1804 045f 45455F63 		.ascii	"EE_counter_ROM\000"
 1804      6F756E74 
 1804      65725F52 
 1804      4F4D00
 1805              	.LASF58:
 1806 046e 45455F6F 		.ascii	"EE_oo_action_ROM_type\000"
 1806      6F5F6163 
 1806      74696F6E 
 1806      5F524F4D 
 1806      5F747970 
 1807              	.LASF10:
 1808 0484 45455F55 		.ascii	"EE_UINT16\000"
 1808      494E5431 
 1808      3600
 1809              	.LASF37:
 1810 048e 45455F53 		.ascii	"EE_SCHEDULETABLE\000"
 1810      43484544 
 1810      554C4554 
 1810      41424C45 
 1810      00
ARM GAS  C:\Users\MATEOC~1.QUE\AppData\Local\Temp\ccaGkkUC.s 			page 37


 1811              	.LASF69:
 1812 049f 45455F63 		.ascii	"EE_cortex_mx_system_tos\000"
 1812      6F727465 
 1812      785F6D78 
 1812      5F737973 
 1812      74656D5F 
 1813              	.LASF1:
 1814 04b7 756E7369 		.ascii	"unsigned char\000"
 1814      676E6564 
 1814      20636861 
 1814      7200
 1815              	.LASF36:
 1816 04c5 45455F41 		.ascii	"EE_ALARM\000"
 1816      4C41524D 
 1816      00
 1817              	.LASF81:
 1818 04ce 45455F74 		.ascii	"EE_th_next\000"
 1818      685F6E65 
 1818      787400
 1819              	.LASF68:
 1820 04d9 45455F74 		.ascii	"EE_terminate_real_th_body\000"
 1820      65726D69 
 1820      6E617465 
 1820      5F726561 
 1820      6C5F7468 
 1821              	.LASF57:
 1822 04f3 696E6363 		.ascii	"inccount\000"
 1822      6F756E74 
 1822      00
 1823              	.LASF2:
 1824 04fc 73686F72 		.ascii	"short int\000"
 1824      7420696E 
 1824      7400
 1825              	.LASF94:
 1826 0506 45455F74 		.ascii	"EE_th_event_waitmask\000"
 1826      685F6576 
 1826      656E745F 
 1826      77616974 
 1826      6D61736B 
 1827              	.LASF110:
 1828 051b 45455F63 		.ascii	"EE_cortex_mx_stack_3\000"
 1828      6F727465 
 1828      785F6D78 
 1828      5F737461 
 1828      636B5F33 
 1829              	.LASF75:
 1830 0530 45455F54 		.ascii	"EE_TASK_NAME\000"
 1830      41534B5F 
 1830      4E414D45 
 1830      00
 1831              	.LASF32:
 1832 053d 45455F6F 		.ascii	"EE_oo_counter_ROM_type\000"
 1832      6F5F636F 
 1832      756E7465 
 1832      725F524F 
 1832      4D5F7479 
 1833              	.LASF113:
ARM GAS  C:\Users\MATEOC~1.QUE\AppData\Local\Temp\ccaGkkUC.s 			page 38


 1834 0554 474E5520 		.ascii	"GNU C11 5.4.1 20160609 (release) [ARM/embedded-5-br"
 1834      43313120 
 1834      352E342E 
 1834      31203230 
 1834      31363036 
 1835 0587 616E6368 		.ascii	"anch revision 237715] -mcpu=cortex-m3 -mthumb -g -O"
 1835      20726576 
 1835      6973696F 
 1835      6E203233 
 1835      37373135 
 1836 05ba 67202D66 		.ascii	"g -ffunction-sections -ffat-lto-objects\000"
 1836      66756E63 
 1836      74696F6E 
 1836      2D736563 
 1836      74696F6E 
 1837              	.LASF56:
 1838 05e2 61637469 		.ascii	"action_mask\000"
 1838      6F6E5F6D 
 1838      61736B00 
 1839              	.LASF15:
 1840 05ee 45455F54 		.ascii	"EE_THREAD_PTR\000"
 1840      48524541 
 1840      445F5054 
 1840      5200
 1841              	.LASF88:
 1842 05fc 45455F72 		.ascii	"EE_rq_queues_tail\000"
 1842      715F7175 
 1842      65756573 
 1842      5F746169 
 1842      6C00
 1843              	.LASF66:
 1844 060e 45455F73 		.ascii	"EE_std_thread_tos\000"
 1844      74645F74 
 1844      68726561 
 1844      645F746F 
 1844      7300
 1845              	.LASF51:
 1846 0620 45455F41 		.ascii	"EE_ACTION_CALLBACK\000"
 1846      4354494F 
 1846      4E5F4341 
 1846      4C4C4241 
 1846      434B00
 1847              	.LASF91:
 1848 0633 45455F72 		.ascii	"EE_rq_bitmask\000"
 1848      715F6269 
 1848      746D6173 
 1848      6B00
 1849              	.LASF34:
 1850 0641 66697273 		.ascii	"first\000"
 1850      7400
 1851              	.LASF25:
 1852 0647 436F756E 		.ascii	"CounterObjectType\000"
 1852      7465724F 
 1852      626A6563 
 1852      74547970 
 1852      6500
 1853              	.LASF74:
ARM GAS  C:\Users\MATEOC~1.QUE\AppData\Local\Temp\ccaGkkUC.s 			page 39


 1854 0659 63686172 		.ascii	"char\000"
 1854      00
 1855              	.LASF48:
 1856 065e 45455F41 		.ascii	"EE_ACTION_TASK\000"
 1856      4354494F 
 1856      4E5F5441 
 1856      534B00
 1857              	.LASF71:
 1858 066d 45455F74 		.ascii	"EE_th_rnact_max\000"
 1858      685F726E 
 1858      6163745F 
 1858      6D617800 
 1859              	.LASF50:
 1860 067d 45455F41 		.ascii	"EE_ACTION_COUNTER\000"
 1860      4354494F 
 1860      4E5F434F 
 1860      554E5445 
 1860      5200
 1861              	.LASF101:
 1862 068f 45455F63 		.ascii	"EE_counter_RAM\000"
 1862      6F756E74 
 1862      65725F52 
 1862      414D00
 1863              	.LASF40:
 1864 069e 73706563 		.ascii	"spec_id\000"
 1864      5F696400 
 1865              	.LASF49:
 1866 06a6 45455F41 		.ascii	"EE_ACTION_EVENT\000"
 1866      4354494F 
 1866      4E5F4556 
 1866      454E5400 
 1867              	.LASF65:
 1868 06b6 45455F68 		.ascii	"EE_hal_thread_body\000"
 1868      616C5F74 
 1868      68726561 
 1868      645F626F 
 1868      647900
 1869              	.LASF85:
 1870 06c9 45455F73 		.ascii	"EE_sys_ceiling\000"
 1870      79735F63 
 1870      65696C69 
 1870      6E6700
 1871              	.LASF54:
 1872 06d8 61637469 		.ascii	"action_kind\000"
 1872      6F6E5F6B 
 1872      696E6400 
 1873              	.LASF63:
 1874 06e4 7461736B 		.ascii	"task\000"
 1874      00
 1875              	.LASF102:
 1876 06e9 45455F6F 		.ascii	"EE_oo_counter_object_RAM\000"
 1876      6F5F636F 
 1876      756E7465 
 1876      725F6F62 
 1876      6A656374 
 1877              	.LASF53:
 1878 0702 41637469 		.ascii	"ActionKindType\000"
ARM GAS  C:\Users\MATEOC~1.QUE\AppData\Local\Temp\ccaGkkUC.s 			page 40


 1878      6F6E4B69 
 1878      6E645479 
 1878      706500
 1879              	.LASF72:
 1880 0711 45455F74 		.ascii	"EE_th_ready_prio\000"
 1880      685F7265 
 1880      6164795F 
 1880      7072696F 
 1880      00
 1881              	.LASF82:
 1882 0722 45455F74 		.ascii	"EE_th_rnact\000"
 1882      685F726E 
 1882      61637400 
 1883              	.LASF90:
 1884 072e 45455F72 		.ascii	"EE_rq_pairs_tid\000"
 1884      715F7061 
 1884      6972735F 
 1884      74696400 
 1885              	.LASF108:
 1886 073e 45455F49 		.ascii	"EE_IRQ_nesting_level\000"
 1886      52515F6E 
 1886      65737469 
 1886      6E675F6C 
 1886      6576656C 
 1887              	.LASF12:
 1888 0753 45455F55 		.ascii	"EE_UINT32\000"
 1888      494E5433 
 1888      3200
 1889              	.LASF11:
 1890 075d 45455F49 		.ascii	"EE_INT32\000"
 1890      4E543332 
 1890      00
 1891              	.LASF67:
 1892 0766 45455F74 		.ascii	"EE_terminate_data\000"
 1892      65726D69 
 1892      6E617465 
 1892      5F646174 
 1892      6100
 1893              	.LASF93:
 1894 0778 45455F74 		.ascii	"EE_th_event_active\000"
 1894      685F6576 
 1894      656E745F 
 1894      61637469 
 1894      766500
 1895              	.LASF44:
 1896 078b 636E7463 		.ascii	"cntcycle\000"
 1896      79636C65 
 1896      00
 1897              	.LASF28:
 1898 0794 5359535F 		.ascii	"SYS_tos\000"
 1898      746F7300 
 1899              	.LASF55:
 1900 079c 61637469 		.ascii	"action_task\000"
 1900      6F6E5F74 
 1900      61736B00 
 1901              	.LASF13:
 1902 07a8 45455F41 		.ascii	"EE_ADDR\000"
ARM GAS  C:\Users\MATEOC~1.QUE\AppData\Local\Temp\ccaGkkUC.s 			page 41


 1902      44445200 
 1903              	.LASF96:
 1904 07b0 45455F74 		.ascii	"EE_th_is_extended\000"
 1904      685F6973 
 1904      5F657874 
 1904      656E6465 
 1904      6400
 1905              	.LASF18:
 1906 07c2 45455F46 		.ascii	"EE_FREG\000"
 1906      52454700 
 1907              	.LASF103:
 1908 07ca 45455F6F 		.ascii	"EE_oo_autostart_task_data\000"
 1908      6F5F6175 
 1908      746F7374 
 1908      6172745F 
 1908      7461736B 
 1909              		.ident	"GCC: (GNU Tools for ARM Embedded Processors) 5.4.1 20160609 (release) [ARM/embedded-5-bran
