ARM GAS  C:\Users\MATEOC~1.QUE\AppData\Local\Temp\ccpctQJk.s 			page 1


   1              		.syntax unified
   2              		.cpu cortex-m3
   3              		.fpu softvfp
   4              		.eabi_attribute 20, 1
   5              		.eabi_attribute 21, 1
   6              		.eabi_attribute 23, 3
   7              		.eabi_attribute 24, 1
   8              		.eabi_attribute 25, 1
   9              		.eabi_attribute 26, 1
  10              		.eabi_attribute 30, 1
  11              		.eabi_attribute 34, 1
  12              		.eabi_attribute 18, 4
  13              		.thumb
  14              		.syntax unified
  15              		.file	"rte.c"
  16              		.text
  17              	.Ltext0:
  18              		.cfi_sections	.debug_frame
  19              		.section	.text.RTE_ProcessCyclicTable,"ax",%progbits
  20              		.align	2
  21              		.global	RTE_ProcessCyclicTable
  22              		.thumb
  23              		.thumb_func
  24              		.type	RTE_ProcessCyclicTable, %function
  25              	RTE_ProcessCyclicTable:
  26              	.LFB110:
  27              		.file 1 "source\\rte\\rte.c"
   1:source\rte/rte.c **** /**
   2:source\rte/rte.c **** * \file rte.c
   3:source\rte/rte.c **** * \author P. Fromm
   4:source\rte/rte.c **** * \date 8.12.18
   5:source\rte/rte.c **** *
   6:source\rte/rte.c **** * \brief Runnable dispatcher
   7:source\rte/rte.c **** *
   8:source\rte/rte.c **** * \copyright Copyright ©2016
   9:source\rte/rte.c **** * Department of electrical engineering and information technology, Hochschule Darmstadt - Universit
  10:source\rte/rte.c **** * Permission to use, copy, modify, and distribute this software and its documentation for education
  11:source\rte/rte.c **** * (unless permitted by h_da) and official h_da projects, is hereby granted for enrolled students of
  12:source\rte/rte.c **** * this paragraph and the following paragraph appear in all copies, modifications, and distributions
  13:source\rte/rte.c **** * Contact Prof.Dr.-Ing. Peter Fromm, peter.fromm@h-da.de, Birkenweg 8 64295 Darmstadt - GERMANY for
  14:source\rte/rte.c **** *
  15:source\rte/rte.c **** * \warning This software is a PROTOTYPE version and is not designed or intended for use in producti
  16:source\rte/rte.c **** * The user represents and warrants that it will NOT use or redistribute the Software for such purpo
  17:source\rte/rte.c **** * This prototype is for research purposes only. This software is provided "AS IS," without a warran
  18:source\rte/rte.c **** */
  19:source\rte/rte.c **** 
  20:source\rte/rte.c **** /*****************************************************************************/
  21:source\rte/rte.c **** /* Include files                                                             */
  22:source\rte/rte.c **** /*****************************************************************************/
  23:source\rte/rte.c **** #include "rte.h"
  24:source\rte/rte.c **** 
  25:source\rte/rte.c **** /*****************************************************************************/
  26:source\rte/rte.c **** /* Local pre-processor symbols/macros ('#define')                            */
  27:source\rte/rte.c **** /*****************************************************************************/
  28:source\rte/rte.c **** 
  29:source\rte/rte.c **** /*****************************************************************************/
  30:source\rte/rte.c **** /* Global variable definitions (declared in header file with 'extern')       */
ARM GAS  C:\Users\MATEOC~1.QUE\AppData\Local\Temp\ccpctQJk.s 			page 2


  31:source\rte/rte.c **** /*****************************************************************************/
  32:source\rte/rte.c **** 
  33:source\rte/rte.c **** /*****************************************************************************/
  34:source\rte/rte.c **** /* Local type definitions ('typedef')                                        */
  35:source\rte/rte.c **** /*****************************************************************************/
  36:source\rte/rte.c **** 
  37:source\rte/rte.c **** /*****************************************************************************/
  38:source\rte/rte.c **** /* Local variable definitions ('static')                                     */
  39:source\rte/rte.c **** /*****************************************************************************/
  40:source\rte/rte.c **** 
  41:source\rte/rte.c **** 
  42:source\rte/rte.c **** 
  43:source\rte/rte.c **** /*****************************************************************************/
  44:source\rte/rte.c **** /* Local function prototypes ('static')                                      */
  45:source\rte/rte.c **** /*****************************************************************************/
  46:source\rte/rte.c **** 
  47:source\rte/rte.c **** 
  48:source\rte/rte.c **** /*****************************************************************************/
  49:source\rte/rte.c **** /* Function implementation - global ('extern') and local ('static')          */
  50:source\rte/rte.c **** /*****************************************************************************/
  51:source\rte/rte.c **** 
  52:source\rte/rte.c **** /**
  53:source\rte/rte.c ****  * Will call all cyclic runnables when due
  54:source\rte/rte.c ****  * \param RTE_cyclicTable_t const *const table : [IN] table to be processed
  55:source\rte/rte.c ****  * \param uint16_t tableSize : [IN] table size
  56:source\rte/rte.c ****  * \param uint32_t* time : [IN] ticktime elapsed since start in ms
  57:source\rte/rte.c ****  * \return RC_SUCCESS if all ok, error code otherwise
  58:source\rte/rte.c ****  */
  59:source\rte/rte.c **** RC_t RTE_ProcessCyclicTable(RTE_cyclicTable_t const *const table, uint16_t tableSize, uint32_t time
  60:source\rte/rte.c **** {
  28              		.loc 1 60 0
  29              		.cfi_startproc
  30              		@ args = 0, pretend = 0, frame = 0
  31              		@ frame_needed = 0, uses_anonymous_args = 0
  32              	.LVL0:
  33 0000 F8B5     		push	{r3, r4, r5, r6, r7, lr}
  34              		.cfi_def_cfa_offset 24
  35              		.cfi_offset 3, -24
  36              		.cfi_offset 4, -20
  37              		.cfi_offset 5, -16
  38              		.cfi_offset 6, -12
  39              		.cfi_offset 7, -8
  40              		.cfi_offset 14, -4
  41 0002 0646     		mov	r6, r0
  42 0004 0F46     		mov	r7, r1
  43 0006 1546     		mov	r5, r2
  44              	.LVL1:
  45              	.LBB2:
  61:source\rte/rte.c ****     
  62:source\rte/rte.c ****     for (uint16_t i = 0; i < tableSize; i++)
  46              		.loc 1 62 0
  47 0008 0024     		movs	r4, #0
  48 000a 0DE0     		b	.L2
  49              	.LVL2:
  50              	.L4:
  63:source\rte/rte.c ****     {
  64:source\rte/rte.c ****         if (0 == (time % table[i].cycleTime))
ARM GAS  C:\Users\MATEOC~1.QUE\AppData\Local\Temp\ccpctQJk.s 			page 3


  51              		.loc 1 64 0
  52 000c 06EBC403 		add	r3, r6, r4, lsl #3
  53 0010 9A88     		ldrh	r2, [r3, #4]
  54 0012 B5FBF2F3 		udiv	r3, r5, r2
  55 0016 02FB1353 		mls	r3, r2, r3, r5
  56 001a 1BB9     		cbnz	r3, .L3
  65:source\rte/rte.c ****         {
  66:source\rte/rte.c **** 			//No event information in this case
  67:source\rte/rte.c ****             table[i].run(0);
  57              		.loc 1 67 0
  58 001c 56F83430 		ldr	r3, [r6, r4, lsl #3]
  59 0020 0020     		movs	r0, #0
  60 0022 9847     		blx	r3
  61              	.LVL3:
  62              	.L3:
  62:source\rte/rte.c ****     {
  63              		.loc 1 62 0 discriminator 2
  64 0024 0134     		adds	r4, r4, #1
  65              	.LVL4:
  66 0026 A4B2     		uxth	r4, r4
  67              	.LVL5:
  68              	.L2:
  62:source\rte/rte.c ****     {
  69              		.loc 1 62 0 is_stmt 0 discriminator 1
  70 0028 BC42     		cmp	r4, r7
  71 002a EFD3     		bcc	.L4
  72              	.LBE2:
  68:source\rte/rte.c ****         }
  69:source\rte/rte.c ****     }
  70:source\rte/rte.c ****     
  71:source\rte/rte.c **** }
  73              		.loc 1 71 0 is_stmt 1
  74 002c F8BD     		pop	{r3, r4, r5, r6, r7, pc}
  75              		.cfi_endproc
  76              	.LFE110:
  77              		.size	RTE_ProcessCyclicTable, .-RTE_ProcessCyclicTable
  78 002e 00BF     		.section	.text.RTE_ProcessEventTable,"ax",%progbits
  79              		.align	2
  80              		.global	RTE_ProcessEventTable
  81              		.thumb
  82              		.thumb_func
  83              		.type	RTE_ProcessEventTable, %function
  84              	RTE_ProcessEventTable:
  85              	.LFB111:
  72:source\rte/rte.c ****     
  73:source\rte/rte.c **** /**
  74:source\rte/rte.c ****  * Will call all event runnables when due
  75:source\rte/rte.c ****  * \param RTE_eventTable_t const *const table : [IN] table to be processed
  76:source\rte/rte.c ****  * \param uint16_t tableSize : [IN] table size
  77:source\rte/rte.c ****  * \param EventMaskType ev : [IN] event mask to be processed
  78:source\rte/rte.c ****  * \return RC_SUCCESS if all ok, error code otherwise
  79:source\rte/rte.c ****  */
  80:source\rte/rte.c **** RC_t RTE_ProcessEventTable(RTE_eventTable_t const *const table, uint16_t tableSize, EventMaskType e
  81:source\rte/rte.c **** {
  86              		.loc 1 81 0
  87              		.cfi_startproc
  88              		@ args = 0, pretend = 0, frame = 0
ARM GAS  C:\Users\MATEOC~1.QUE\AppData\Local\Temp\ccpctQJk.s 			page 4


  89              		@ frame_needed = 0, uses_anonymous_args = 0
  90              	.LVL6:
  91 0000 F8B5     		push	{r3, r4, r5, r6, r7, lr}
  92              		.cfi_def_cfa_offset 24
  93              		.cfi_offset 3, -24
  94              		.cfi_offset 4, -20
  95              		.cfi_offset 5, -16
  96              		.cfi_offset 6, -12
  97              		.cfi_offset 7, -8
  98              		.cfi_offset 14, -4
  99 0002 0546     		mov	r5, r0
 100 0004 0E46     		mov	r6, r1
 101 0006 1746     		mov	r7, r2
 102              	.LVL7:
 103              	.LBB3:
  82:source\rte/rte.c ****     
  83:source\rte/rte.c ****     for (uint16_t i = 0; i < tableSize; i++)
 104              		.loc 1 83 0
 105 0008 0024     		movs	r4, #0
 106 000a 09E0     		b	.L7
 107              	.LVL8:
 108              	.L9:
  84:source\rte/rte.c ****     {
  85:source\rte/rte.c ****         if (ev & table[i].event)
 109              		.loc 1 85 0
 110 000c 05EBC403 		add	r3, r5, r4, lsl #3
 111 0010 5868     		ldr	r0, [r3, #4]
 112 0012 3842     		tst	r0, r7
 113 0014 02D0     		beq	.L8
  86:source\rte/rte.c ****         {
  87:source\rte/rte.c **** 			//Fire activating event
  88:source\rte/rte.c ****             table[i].run(table[i].event);
 114              		.loc 1 88 0
 115 0016 55F83430 		ldr	r3, [r5, r4, lsl #3]
 116 001a 9847     		blx	r3
 117              	.LVL9:
 118              	.L8:
  83:source\rte/rte.c ****     {
 119              		.loc 1 83 0 discriminator 2
 120 001c 0134     		adds	r4, r4, #1
 121              	.LVL10:
 122 001e A4B2     		uxth	r4, r4
 123              	.LVL11:
 124              	.L7:
  83:source\rte/rte.c ****     {
 125              		.loc 1 83 0 is_stmt 0 discriminator 1
 126 0020 B442     		cmp	r4, r6
 127 0022 F3D3     		bcc	.L9
 128              	.LBE3:
  89:source\rte/rte.c ****         }
  90:source\rte/rte.c ****     }
  91:source\rte/rte.c ****     
  92:source\rte/rte.c **** }...
 129              		.loc 1 92 0 is_stmt 1
 130 0024 F8BD     		pop	{r3, r4, r5, r6, r7, pc}
 131              		.cfi_endproc
 132              	.LFE111:
ARM GAS  C:\Users\MATEOC~1.QUE\AppData\Local\Temp\ccpctQJk.s 			page 5


 133              		.size	RTE_ProcessEventTable, .-RTE_ProcessEventTable
 134 0026 00BF     		.text
 135              	.Letext0:
 136              		.file 2 ".\\source\\bsw/global.h"
 137              		.file 3 "c:\\program files (x86)\\cypress\\psoc creator\\4.4\\psoc creator\\import\\gnu\\arm\\5.4.
 138              		.file 4 "c:\\program files (x86)\\cypress\\psoc creator\\4.4\\psoc creator\\import\\gnu\\arm\\5.4.
 139              		.file 5 "Generated_Source\\PSoC5/ErikaOS_common_ee_types.inc"
 140              		.file 6 "Generated_Source\\PSoC5/ErikaOS_cortex_mx_ee_cpu.inc"
 141              		.file 7 "Generated_Source\\PSoC5/ErikaOS_ee_oo_common.inc"
 142              		.file 8 "source\\rte\\rte_types.h"
 143              		.file 9 "source\\rte\\rte.h"
 144              		.file 10 "Generated_Source\\PSoC5/ErikaOS_ee_oo_intfunc.inc"
 145              		.file 11 "Generated_Source\\PSoC5/ErikaOS_cortex_mx_ee_context.inc"
 146              		.file 12 "Generated_Source\\PSoC5/ErikaOS_common_ee_primitives.inc"
 147              		.file 13 "Generated_Source\\PSoC5/core_cm3.h"
 148              		.section	.debug_info,"",%progbits
 149              	.Ldebug_info0:
 150 0000 5B030000 		.4byte	0x35b
 151 0004 0400     		.2byte	0x4
 152 0006 00000000 		.4byte	.Ldebug_abbrev0
 153 000a 04       		.byte	0x4
 154 000b 01       		.uleb128 0x1
 155 000c D7020000 		.4byte	.LASF68
 156 0010 0C       		.byte	0xc
 157 0011 2B040000 		.4byte	.LASF69
 158 0015 90010000 		.4byte	.LASF70
 159 0019 00000000 		.4byte	.Ldebug_ranges0+0
 160 001d 00000000 		.4byte	0
 161 0021 00000000 		.4byte	.Ldebug_line0
 162 0025 02       		.uleb128 0x2
 163 0026 04       		.byte	0x4
 164 0027 07       		.byte	0x7
 165 0028 65020000 		.4byte	.LASF0
 166 002c 02       		.uleb128 0x2
 167 002d 01       		.byte	0x1
 168 002e 06       		.byte	0x6
 169 002f 28020000 		.4byte	.LASF1
 170 0033 02       		.uleb128 0x2
 171 0034 01       		.byte	0x1
 172 0035 08       		.byte	0x8
 173 0036 10020000 		.4byte	.LASF2
 174 003a 02       		.uleb128 0x2
 175 003b 02       		.byte	0x2
 176 003c 05       		.byte	0x5
 177 003d 40000000 		.4byte	.LASF3
 178 0041 03       		.uleb128 0x3
 179 0042 80020000 		.4byte	.LASF6
 180 0046 02       		.byte	0x2
 181 0047 93       		.byte	0x93
 182 0048 4C000000 		.4byte	0x4c
 183 004c 02       		.uleb128 0x2
 184 004d 02       		.byte	0x2
 185 004e 07       		.byte	0x7
 186 004f B2020000 		.4byte	.LASF4
 187 0053 02       		.uleb128 0x2
 188 0054 04       		.byte	0x4
 189 0055 05       		.byte	0x5
ARM GAS  C:\Users\MATEOC~1.QUE\AppData\Local\Temp\ccpctQJk.s 			page 6


 190 0056 87010000 		.4byte	.LASF5
 191 005a 03       		.uleb128 0x3
 192 005b 5C020000 		.4byte	.LASF7
 193 005f 02       		.byte	0x2
 194 0060 96       		.byte	0x96
 195 0061 65000000 		.4byte	0x65
 196 0065 02       		.uleb128 0x2
 197 0066 04       		.byte	0x4
 198 0067 07       		.byte	0x7
 199 0068 C3030000 		.4byte	.LASF8
 200 006c 02       		.uleb128 0x2
 201 006d 04       		.byte	0x4
 202 006e 04       		.byte	0x4
 203 006f 1D010000 		.4byte	.LASF9
 204 0073 02       		.uleb128 0x2
 205 0074 08       		.byte	0x8
 206 0075 04       		.byte	0x4
 207 0076 D5030000 		.4byte	.LASF10
 208 007a 02       		.uleb128 0x2
 209 007b 08       		.byte	0x8
 210 007c 05       		.byte	0x5
 211 007d 3C010000 		.4byte	.LASF11
 212 0081 02       		.uleb128 0x2
 213 0082 08       		.byte	0x8
 214 0083 07       		.byte	0x7
 215 0084 34020000 		.4byte	.LASF12
 216 0088 02       		.uleb128 0x2
 217 0089 01       		.byte	0x1
 218 008a 08       		.byte	0x8
 219 008b 65030000 		.4byte	.LASF13
 220 008f 04       		.uleb128 0x4
 221 0090 01       		.byte	0x1
 222 0091 2C000000 		.4byte	0x2c
 223 0095 02       		.byte	0x2
 224 0096 CF       		.byte	0xcf
 225 0097 38010000 		.4byte	0x138
 226 009b 05       		.uleb128 0x5
 227 009c 21000000 		.4byte	.LASF14
 228 00a0 00       		.byte	0
 229 00a1 06       		.uleb128 0x6
 230 00a2 69040000 		.4byte	.LASF15
 231 00a6 7F       		.sleb128 -1
 232 00a7 06       		.uleb128 0x6
 233 00a8 89020000 		.4byte	.LASF16
 234 00ac 7E       		.sleb128 -2
 235 00ad 06       		.uleb128 0x6
 236 00ae 79000000 		.4byte	.LASF17
 237 00b2 7D       		.sleb128 -3
 238 00b3 06       		.uleb128 0x6
 239 00b4 72040000 		.4byte	.LASF18
 240 00b8 7C       		.sleb128 -4
 241 00b9 06       		.uleb128 0x6
 242 00ba 0E010000 		.4byte	.LASF19
 243 00be 7B       		.sleb128 -5
 244 00bf 06       		.uleb128 0x6
 245 00c0 4A000000 		.4byte	.LASF20
 246 00c4 7A       		.sleb128 -6
ARM GAS  C:\Users\MATEOC~1.QUE\AppData\Local\Temp\ccpctQJk.s 			page 7


 247 00c5 06       		.uleb128 0x6
 248 00c6 9A040000 		.4byte	.LASF21
 249 00ca 79       		.sleb128 -7
 250 00cb 06       		.uleb128 0x6
 251 00cc 6A030000 		.4byte	.LASF22
 252 00d0 78       		.sleb128 -8
 253 00d1 06       		.uleb128 0x6
 254 00d2 97020000 		.4byte	.LASF23
 255 00d6 77       		.sleb128 -9
 256 00d7 06       		.uleb128 0x6
 257 00d8 D3010000 		.4byte	.LASF24
 258 00dc 76       		.sleb128 -10
 259 00dd 06       		.uleb128 0x6
 260 00de B1040000 		.4byte	.LASF25
 261 00e2 75       		.sleb128 -11
 262 00e3 06       		.uleb128 0x6
 263 00e4 72020000 		.4byte	.LASF26
 264 00e8 74       		.sleb128 -12
 265 00e9 06       		.uleb128 0x6
 266 00ea DC030000 		.4byte	.LASF27
 267 00ee 73       		.sleb128 -13
 268 00ef 06       		.uleb128 0x6
 269 00f0 0E000000 		.4byte	.LASF28
 270 00f4 72       		.sleb128 -14
 271 00f5 06       		.uleb128 0x6
 272 00f6 2C000000 		.4byte	.LASF29
 273 00fa 71       		.sleb128 -15
 274 00fb 06       		.uleb128 0x6
 275 00fc E1010000 		.4byte	.LASF30
 276 0100 70       		.sleb128 -16
 277 0101 06       		.uleb128 0x6
 278 0102 8F000000 		.4byte	.LASF31
 279 0106 6F       		.sleb128 -17
 280 0107 06       		.uleb128 0x6
 281 0108 5B000000 		.4byte	.LASF32
 282 010c 6E       		.sleb128 -18
 283 010d 06       		.uleb128 0x6
 284 010e 63010000 		.4byte	.LASF33
 285 0112 6D       		.sleb128 -19
 286 0113 06       		.uleb128 0x6
 287 0114 9D030000 		.4byte	.LASF34
 288 0118 6C       		.sleb128 -20
 289 0119 06       		.uleb128 0x6
 290 011a F2010000 		.4byte	.LASF35
 291 011e 6B       		.sleb128 -21
 292 011f 06       		.uleb128 0x6
 293 0120 3C040000 		.4byte	.LASF36
 294 0124 6A       		.sleb128 -22
 295 0125 06       		.uleb128 0x6
 296 0126 B0000000 		.4byte	.LASF37
 297 012a 69       		.sleb128 -23
 298 012b 06       		.uleb128 0x6
 299 012c 76010000 		.4byte	.LASF38
 300 0130 68       		.sleb128 -24
 301 0131 06       		.uleb128 0x6
 302 0132 23010000 		.4byte	.LASF39
 303 0136 67       		.sleb128 -25
ARM GAS  C:\Users\MATEOC~1.QUE\AppData\Local\Temp\ccpctQJk.s 			page 8


 304 0137 00       		.byte	0
 305 0138 03       		.uleb128 0x3
 306 0139 AC040000 		.4byte	.LASF40
 307 013d 02       		.byte	0x2
 308 013e EA       		.byte	0xea
 309 013f 8F000000 		.4byte	0x8f
 310 0143 03       		.uleb128 0x3
 311 0144 17040000 		.4byte	.LASF41
 312 0148 03       		.byte	0x3
 313 0149 3F       		.byte	0x3f
 314 014a 53000000 		.4byte	0x53
 315 014e 07       		.uleb128 0x7
 316 014f 04       		.byte	0x4
 317 0150 05       		.byte	0x5
 318 0151 696E7400 		.ascii	"int\000"
 319 0155 03       		.uleb128 0x3
 320 0156 7F030000 		.4byte	.LASF42
 321 015a 04       		.byte	0x4
 322 015b 2C       		.byte	0x2c
 323 015c 43010000 		.4byte	0x143
 324 0160 02       		.uleb128 0x2
 325 0161 08       		.byte	0x8
 326 0162 04       		.byte	0x4
 327 0163 04020000 		.4byte	.LASF43
 328 0167 02       		.uleb128 0x2
 329 0168 04       		.byte	0x4
 330 0169 07       		.byte	0x7
 331 016a 70000000 		.4byte	.LASF44
 332 016e 03       		.uleb128 0x3
 333 016f E2000000 		.4byte	.LASF45
 334 0173 05       		.byte	0x5
 335 0174 53       		.byte	0x53
 336 0175 4E010000 		.4byte	0x14e
 337 0179 03       		.uleb128 0x3
 338 017a 1E020000 		.4byte	.LASF46
 339 017e 05       		.byte	0x5
 340 017f 54       		.byte	0x54
 341 0180 25000000 		.4byte	0x25
 342 0184 03       		.uleb128 0x3
 343 0185 EE030000 		.4byte	.LASF47
 344 0189 06       		.byte	0x6
 345 018a 4D       		.byte	0x4d
 346 018b 79010000 		.4byte	0x179
 347 018f 03       		.uleb128 0x3
 348 0190 87000000 		.4byte	.LASF48
 349 0194 06       		.byte	0x6
 350 0195 4F       		.byte	0x4f
 351 0196 79010000 		.4byte	0x179
 352 019a 03       		.uleb128 0x3
 353 019b A9000000 		.4byte	.LASF49
 354 019f 06       		.byte	0x6
 355 01a0 78       		.byte	0x78
 356 01a1 6E010000 		.4byte	0x16e
 357 01a5 08       		.uleb128 0x8
 358 01a6 00000000 		.4byte	.LASF50
 359 01aa 07       		.byte	0x7
 360 01ab 2C02     		.2byte	0x22c
ARM GAS  C:\Users\MATEOC~1.QUE\AppData\Local\Temp\ccpctQJk.s 			page 9


 361 01ad 84010000 		.4byte	0x184
 362 01b1 03       		.uleb128 0x3
 363 01b2 21040000 		.4byte	.LASF51
 364 01b6 08       		.byte	0x8
 365 01b7 21       		.byte	0x21
 366 01b8 A5010000 		.4byte	0x1a5
 367 01bc 03       		.uleb128 0x3
 368 01bd 4E040000 		.4byte	.LASF52
 369 01c1 09       		.byte	0x9
 370 01c2 66       		.byte	0x66
 371 01c3 C7010000 		.4byte	0x1c7
 372 01c7 09       		.uleb128 0x9
 373 01c8 04       		.byte	0x4
 374 01c9 CD010000 		.4byte	0x1cd
 375 01cd 0A       		.uleb128 0xa
 376 01ce D8010000 		.4byte	0x1d8
 377 01d2 0B       		.uleb128 0xb
 378 01d3 B1010000 		.4byte	0x1b1
 379 01d7 00       		.byte	0
 380 01d8 0C       		.uleb128 0xc
 381 01d9 08       		.byte	0x8
 382 01da 09       		.byte	0x9
 383 01db 6B       		.byte	0x6b
 384 01dc F9010000 		.4byte	0x1f9
 385 01e0 0D       		.uleb128 0xd
 386 01e1 72756E00 		.ascii	"run\000"
 387 01e5 09       		.byte	0x9
 388 01e6 6D       		.byte	0x6d
 389 01e7 BC010000 		.4byte	0x1bc
 390 01eb 00       		.byte	0
 391 01ec 0E       		.uleb128 0xe
 392 01ed EB000000 		.4byte	.LASF53
 393 01f1 09       		.byte	0x9
 394 01f2 6E       		.byte	0x6e
 395 01f3 41000000 		.4byte	0x41
 396 01f7 04       		.byte	0x4
 397 01f8 00       		.byte	0
 398 01f9 03       		.uleb128 0x3
 399 01fa C5020000 		.4byte	.LASF54
 400 01fe 09       		.byte	0x9
 401 01ff 6F       		.byte	0x6f
 402 0200 D8010000 		.4byte	0x1d8
 403 0204 0C       		.uleb128 0xc
 404 0205 08       		.byte	0x8
 405 0206 09       		.byte	0x9
 406 0207 74       		.byte	0x74
 407 0208 25020000 		.4byte	0x225
 408 020c 0D       		.uleb128 0xd
 409 020d 72756E00 		.ascii	"run\000"
 410 0211 09       		.byte	0x9
 411 0212 76       		.byte	0x76
 412 0213 BC010000 		.4byte	0x1bc
 413 0217 00       		.byte	0
 414 0218 0E       		.uleb128 0xe
 415 0219 A3000000 		.4byte	.LASF55
 416 021d 09       		.byte	0x9
 417 021e 77       		.byte	0x77
ARM GAS  C:\Users\MATEOC~1.QUE\AppData\Local\Temp\ccpctQJk.s 			page 10


 418 021f A5010000 		.4byte	0x1a5
 419 0223 04       		.byte	0x4
 420 0224 00       		.byte	0
 421 0225 03       		.uleb128 0x3
 422 0226 4B020000 		.4byte	.LASF56
 423 022a 09       		.byte	0x9
 424 022b 78       		.byte	0x78
 425 022c 04020000 		.4byte	0x204
 426 0230 0F       		.uleb128 0xf
 427 0231 00040000 		.4byte	.LASF60
 428 0235 01       		.byte	0x1
 429 0236 3B       		.byte	0x3b
 430 0237 38010000 		.4byte	0x138
 431 023b 00000000 		.4byte	.LFB110
 432 023f 2E000000 		.4byte	.LFE110-.LFB110
 433 0243 01       		.uleb128 0x1
 434 0244 9C       		.byte	0x9c
 435 0245 99020000 		.4byte	0x299
 436 0249 10       		.uleb128 0x10
 437 024a C7000000 		.4byte	.LASF57
 438 024e 01       		.byte	0x1
 439 024f 3B       		.byte	0x3b
 440 0250 A4020000 		.4byte	0x2a4
 441 0254 00000000 		.4byte	.LLST0
 442 0258 10       		.uleb128 0x10
 443 0259 F6030000 		.4byte	.LASF58
 444 025d 01       		.byte	0x1
 445 025e 3B       		.byte	0x3b
 446 025f 41000000 		.4byte	0x41
 447 0263 1E000000 		.4byte	.LLST1
 448 0267 10       		.uleb128 0x10
 449 0268 AD020000 		.4byte	.LASF59
 450 026c 01       		.byte	0x1
 451 026d 3B       		.byte	0x3b
 452 026e 5A000000 		.4byte	0x5a
 453 0272 3F000000 		.4byte	.LLST2
 454 0276 11       		.uleb128 0x11
 455 0277 08000000 		.4byte	.LBB2
 456 027b 24000000 		.4byte	.LBE2-.LBB2
 457 027f 12       		.uleb128 0x12
 458 0280 6900     		.ascii	"i\000"
 459 0282 01       		.byte	0x1
 460 0283 3E       		.byte	0x3e
 461 0284 41000000 		.4byte	0x41
 462 0288 5D000000 		.4byte	.LLST3
 463 028c 13       		.uleb128 0x13
 464 028d 24000000 		.4byte	.LVL3
 465 0291 14       		.uleb128 0x14
 466 0292 01       		.uleb128 0x1
 467 0293 50       		.byte	0x50
 468 0294 01       		.uleb128 0x1
 469 0295 30       		.byte	0x30
 470 0296 00       		.byte	0
 471 0297 00       		.byte	0
 472 0298 00       		.byte	0
 473 0299 09       		.uleb128 0x9
 474 029a 04       		.byte	0x4
ARM GAS  C:\Users\MATEOC~1.QUE\AppData\Local\Temp\ccpctQJk.s 			page 11


 475 029b 9F020000 		.4byte	0x29f
 476 029f 15       		.uleb128 0x15
 477 02a0 F9010000 		.4byte	0x1f9
 478 02a4 15       		.uleb128 0x15
 479 02a5 99020000 		.4byte	0x299
 480 02a9 16       		.uleb128 0x16
 481 02aa 87030000 		.4byte	.LASF61
 482 02ae 01       		.byte	0x1
 483 02af 50       		.byte	0x50
 484 02b0 38010000 		.4byte	0x138
 485 02b4 00000000 		.4byte	.LFB111
 486 02b8 26000000 		.4byte	.LFE111-.LFB111
 487 02bc 01       		.uleb128 0x1
 488 02bd 9C       		.byte	0x9c
 489 02be 06030000 		.4byte	0x306
 490 02c2 10       		.uleb128 0x10
 491 02c3 C7000000 		.4byte	.LASF57
 492 02c7 01       		.byte	0x1
 493 02c8 50       		.byte	0x50
 494 02c9 11030000 		.4byte	0x311
 495 02cd 87000000 		.4byte	.LLST4
 496 02d1 10       		.uleb128 0x10
 497 02d2 F6030000 		.4byte	.LASF58
 498 02d6 01       		.byte	0x1
 499 02d7 50       		.byte	0x50
 500 02d8 41000000 		.4byte	0x41
 501 02dc A5000000 		.4byte	.LLST5
 502 02e0 17       		.uleb128 0x17
 503 02e1 657600   		.ascii	"ev\000"
 504 02e4 01       		.byte	0x1
 505 02e5 50       		.byte	0x50
 506 02e6 A5010000 		.4byte	0x1a5
 507 02ea C6000000 		.4byte	.LLST6
 508 02ee 11       		.uleb128 0x11
 509 02ef 08000000 		.4byte	.LBB3
 510 02f3 1C000000 		.4byte	.LBE3-.LBB3
 511 02f7 12       		.uleb128 0x12
 512 02f8 6900     		.ascii	"i\000"
 513 02fa 01       		.byte	0x1
 514 02fb 53       		.byte	0x53
 515 02fc 41000000 		.4byte	0x41
 516 0300 E4000000 		.4byte	.LLST7
 517 0304 00       		.byte	0
 518 0305 00       		.byte	0
 519 0306 09       		.uleb128 0x9
 520 0307 04       		.byte	0x4
 521 0308 0C030000 		.4byte	0x30c
 522 030c 15       		.uleb128 0x15
 523 030d 25020000 		.4byte	0x225
 524 0311 15       		.uleb128 0x15
 525 0312 06030000 		.4byte	0x306
 526 0316 18       		.uleb128 0x18
 527 0317 82040000 		.4byte	.LASF62
 528 031b 0A       		.byte	0xa
 529 031c 40       		.byte	0x40
 530 031d 84010000 		.4byte	0x184
 531 0321 18       		.uleb128 0x18
ARM GAS  C:\Users\MATEOC~1.QUE\AppData\Local\Temp\ccpctQJk.s 			page 12


 532 0322 4A010000 		.4byte	.LASF63
 533 0326 0A       		.byte	0xa
 534 0327 47       		.byte	0x47
 535 0328 8F010000 		.4byte	0x18f
 536 032c 18       		.uleb128 0x18
 537 032d B0030000 		.4byte	.LASF64
 538 0331 0A       		.byte	0xa
 539 0332 4A       		.byte	0x4a
 540 0333 84010000 		.4byte	0x184
 541 0337 18       		.uleb128 0x18
 542 0338 F5000000 		.4byte	.LASF65
 543 033c 0B       		.byte	0xb
 544 033d 48       		.byte	0x48
 545 033e 9A010000 		.4byte	0x19a
 546 0342 18       		.uleb128 0x18
 547 0343 CD000000 		.4byte	.LASF66
 548 0347 0C       		.byte	0xc
 549 0348 44       		.byte	0x44
 550 0349 84010000 		.4byte	0x184
 551 034d 19       		.uleb128 0x19
 552 034e 5C040000 		.4byte	.LASF67
 553 0352 0D       		.byte	0xd
 554 0353 1207     		.2byte	0x712
 555 0355 59030000 		.4byte	0x359
 556 0359 1A       		.uleb128 0x1a
 557 035a 55010000 		.4byte	0x155
 558 035e 00       		.byte	0
 559              		.section	.debug_abbrev,"",%progbits
 560              	.Ldebug_abbrev0:
 561 0000 01       		.uleb128 0x1
 562 0001 11       		.uleb128 0x11
 563 0002 01       		.byte	0x1
 564 0003 25       		.uleb128 0x25
 565 0004 0E       		.uleb128 0xe
 566 0005 13       		.uleb128 0x13
 567 0006 0B       		.uleb128 0xb
 568 0007 03       		.uleb128 0x3
 569 0008 0E       		.uleb128 0xe
 570 0009 1B       		.uleb128 0x1b
 571 000a 0E       		.uleb128 0xe
 572 000b 55       		.uleb128 0x55
 573 000c 17       		.uleb128 0x17
 574 000d 11       		.uleb128 0x11
 575 000e 01       		.uleb128 0x1
 576 000f 10       		.uleb128 0x10
 577 0010 17       		.uleb128 0x17
 578 0011 00       		.byte	0
 579 0012 00       		.byte	0
 580 0013 02       		.uleb128 0x2
 581 0014 24       		.uleb128 0x24
 582 0015 00       		.byte	0
 583 0016 0B       		.uleb128 0xb
 584 0017 0B       		.uleb128 0xb
 585 0018 3E       		.uleb128 0x3e
 586 0019 0B       		.uleb128 0xb
 587 001a 03       		.uleb128 0x3
 588 001b 0E       		.uleb128 0xe
ARM GAS  C:\Users\MATEOC~1.QUE\AppData\Local\Temp\ccpctQJk.s 			page 13


 589 001c 00       		.byte	0
 590 001d 00       		.byte	0
 591 001e 03       		.uleb128 0x3
 592 001f 16       		.uleb128 0x16
 593 0020 00       		.byte	0
 594 0021 03       		.uleb128 0x3
 595 0022 0E       		.uleb128 0xe
 596 0023 3A       		.uleb128 0x3a
 597 0024 0B       		.uleb128 0xb
 598 0025 3B       		.uleb128 0x3b
 599 0026 0B       		.uleb128 0xb
 600 0027 49       		.uleb128 0x49
 601 0028 13       		.uleb128 0x13
 602 0029 00       		.byte	0
 603 002a 00       		.byte	0
 604 002b 04       		.uleb128 0x4
 605 002c 04       		.uleb128 0x4
 606 002d 01       		.byte	0x1
 607 002e 0B       		.uleb128 0xb
 608 002f 0B       		.uleb128 0xb
 609 0030 49       		.uleb128 0x49
 610 0031 13       		.uleb128 0x13
 611 0032 3A       		.uleb128 0x3a
 612 0033 0B       		.uleb128 0xb
 613 0034 3B       		.uleb128 0x3b
 614 0035 0B       		.uleb128 0xb
 615 0036 01       		.uleb128 0x1
 616 0037 13       		.uleb128 0x13
 617 0038 00       		.byte	0
 618 0039 00       		.byte	0
 619 003a 05       		.uleb128 0x5
 620 003b 28       		.uleb128 0x28
 621 003c 00       		.byte	0
 622 003d 03       		.uleb128 0x3
 623 003e 0E       		.uleb128 0xe
 624 003f 1C       		.uleb128 0x1c
 625 0040 0B       		.uleb128 0xb
 626 0041 00       		.byte	0
 627 0042 00       		.byte	0
 628 0043 06       		.uleb128 0x6
 629 0044 28       		.uleb128 0x28
 630 0045 00       		.byte	0
 631 0046 03       		.uleb128 0x3
 632 0047 0E       		.uleb128 0xe
 633 0048 1C       		.uleb128 0x1c
 634 0049 0D       		.uleb128 0xd
 635 004a 00       		.byte	0
 636 004b 00       		.byte	0
 637 004c 07       		.uleb128 0x7
 638 004d 24       		.uleb128 0x24
 639 004e 00       		.byte	0
 640 004f 0B       		.uleb128 0xb
 641 0050 0B       		.uleb128 0xb
 642 0051 3E       		.uleb128 0x3e
 643 0052 0B       		.uleb128 0xb
 644 0053 03       		.uleb128 0x3
 645 0054 08       		.uleb128 0x8
ARM GAS  C:\Users\MATEOC~1.QUE\AppData\Local\Temp\ccpctQJk.s 			page 14


 646 0055 00       		.byte	0
 647 0056 00       		.byte	0
 648 0057 08       		.uleb128 0x8
 649 0058 16       		.uleb128 0x16
 650 0059 00       		.byte	0
 651 005a 03       		.uleb128 0x3
 652 005b 0E       		.uleb128 0xe
 653 005c 3A       		.uleb128 0x3a
 654 005d 0B       		.uleb128 0xb
 655 005e 3B       		.uleb128 0x3b
 656 005f 05       		.uleb128 0x5
 657 0060 49       		.uleb128 0x49
 658 0061 13       		.uleb128 0x13
 659 0062 00       		.byte	0
 660 0063 00       		.byte	0
 661 0064 09       		.uleb128 0x9
 662 0065 0F       		.uleb128 0xf
 663 0066 00       		.byte	0
 664 0067 0B       		.uleb128 0xb
 665 0068 0B       		.uleb128 0xb
 666 0069 49       		.uleb128 0x49
 667 006a 13       		.uleb128 0x13
 668 006b 00       		.byte	0
 669 006c 00       		.byte	0
 670 006d 0A       		.uleb128 0xa
 671 006e 15       		.uleb128 0x15
 672 006f 01       		.byte	0x1
 673 0070 27       		.uleb128 0x27
 674 0071 19       		.uleb128 0x19
 675 0072 01       		.uleb128 0x1
 676 0073 13       		.uleb128 0x13
 677 0074 00       		.byte	0
 678 0075 00       		.byte	0
 679 0076 0B       		.uleb128 0xb
 680 0077 05       		.uleb128 0x5
 681 0078 00       		.byte	0
 682 0079 49       		.uleb128 0x49
 683 007a 13       		.uleb128 0x13
 684 007b 00       		.byte	0
 685 007c 00       		.byte	0
 686 007d 0C       		.uleb128 0xc
 687 007e 13       		.uleb128 0x13
 688 007f 01       		.byte	0x1
 689 0080 0B       		.uleb128 0xb
 690 0081 0B       		.uleb128 0xb
 691 0082 3A       		.uleb128 0x3a
 692 0083 0B       		.uleb128 0xb
 693 0084 3B       		.uleb128 0x3b
 694 0085 0B       		.uleb128 0xb
 695 0086 01       		.uleb128 0x1
 696 0087 13       		.uleb128 0x13
 697 0088 00       		.byte	0
 698 0089 00       		.byte	0
 699 008a 0D       		.uleb128 0xd
 700 008b 0D       		.uleb128 0xd
 701 008c 00       		.byte	0
 702 008d 03       		.uleb128 0x3
ARM GAS  C:\Users\MATEOC~1.QUE\AppData\Local\Temp\ccpctQJk.s 			page 15


 703 008e 08       		.uleb128 0x8
 704 008f 3A       		.uleb128 0x3a
 705 0090 0B       		.uleb128 0xb
 706 0091 3B       		.uleb128 0x3b
 707 0092 0B       		.uleb128 0xb
 708 0093 49       		.uleb128 0x49
 709 0094 13       		.uleb128 0x13
 710 0095 38       		.uleb128 0x38
 711 0096 0B       		.uleb128 0xb
 712 0097 00       		.byte	0
 713 0098 00       		.byte	0
 714 0099 0E       		.uleb128 0xe
 715 009a 0D       		.uleb128 0xd
 716 009b 00       		.byte	0
 717 009c 03       		.uleb128 0x3
 718 009d 0E       		.uleb128 0xe
 719 009e 3A       		.uleb128 0x3a
 720 009f 0B       		.uleb128 0xb
 721 00a0 3B       		.uleb128 0x3b
 722 00a1 0B       		.uleb128 0xb
 723 00a2 49       		.uleb128 0x49
 724 00a3 13       		.uleb128 0x13
 725 00a4 38       		.uleb128 0x38
 726 00a5 0B       		.uleb128 0xb
 727 00a6 00       		.byte	0
 728 00a7 00       		.byte	0
 729 00a8 0F       		.uleb128 0xf
 730 00a9 2E       		.uleb128 0x2e
 731 00aa 01       		.byte	0x1
 732 00ab 3F       		.uleb128 0x3f
 733 00ac 19       		.uleb128 0x19
 734 00ad 03       		.uleb128 0x3
 735 00ae 0E       		.uleb128 0xe
 736 00af 3A       		.uleb128 0x3a
 737 00b0 0B       		.uleb128 0xb
 738 00b1 3B       		.uleb128 0x3b
 739 00b2 0B       		.uleb128 0xb
 740 00b3 27       		.uleb128 0x27
 741 00b4 19       		.uleb128 0x19
 742 00b5 49       		.uleb128 0x49
 743 00b6 13       		.uleb128 0x13
 744 00b7 11       		.uleb128 0x11
 745 00b8 01       		.uleb128 0x1
 746 00b9 12       		.uleb128 0x12
 747 00ba 06       		.uleb128 0x6
 748 00bb 40       		.uleb128 0x40
 749 00bc 18       		.uleb128 0x18
 750 00bd 9742     		.uleb128 0x2117
 751 00bf 19       		.uleb128 0x19
 752 00c0 01       		.uleb128 0x1
 753 00c1 13       		.uleb128 0x13
 754 00c2 00       		.byte	0
 755 00c3 00       		.byte	0
 756 00c4 10       		.uleb128 0x10
 757 00c5 05       		.uleb128 0x5
 758 00c6 00       		.byte	0
 759 00c7 03       		.uleb128 0x3
ARM GAS  C:\Users\MATEOC~1.QUE\AppData\Local\Temp\ccpctQJk.s 			page 16


 760 00c8 0E       		.uleb128 0xe
 761 00c9 3A       		.uleb128 0x3a
 762 00ca 0B       		.uleb128 0xb
 763 00cb 3B       		.uleb128 0x3b
 764 00cc 0B       		.uleb128 0xb
 765 00cd 49       		.uleb128 0x49
 766 00ce 13       		.uleb128 0x13
 767 00cf 02       		.uleb128 0x2
 768 00d0 17       		.uleb128 0x17
 769 00d1 00       		.byte	0
 770 00d2 00       		.byte	0
 771 00d3 11       		.uleb128 0x11
 772 00d4 0B       		.uleb128 0xb
 773 00d5 01       		.byte	0x1
 774 00d6 11       		.uleb128 0x11
 775 00d7 01       		.uleb128 0x1
 776 00d8 12       		.uleb128 0x12
 777 00d9 06       		.uleb128 0x6
 778 00da 00       		.byte	0
 779 00db 00       		.byte	0
 780 00dc 12       		.uleb128 0x12
 781 00dd 34       		.uleb128 0x34
 782 00de 00       		.byte	0
 783 00df 03       		.uleb128 0x3
 784 00e0 08       		.uleb128 0x8
 785 00e1 3A       		.uleb128 0x3a
 786 00e2 0B       		.uleb128 0xb
 787 00e3 3B       		.uleb128 0x3b
 788 00e4 0B       		.uleb128 0xb
 789 00e5 49       		.uleb128 0x49
 790 00e6 13       		.uleb128 0x13
 791 00e7 02       		.uleb128 0x2
 792 00e8 17       		.uleb128 0x17
 793 00e9 00       		.byte	0
 794 00ea 00       		.byte	0
 795 00eb 13       		.uleb128 0x13
 796 00ec 898201   		.uleb128 0x4109
 797 00ef 01       		.byte	0x1
 798 00f0 11       		.uleb128 0x11
 799 00f1 01       		.uleb128 0x1
 800 00f2 00       		.byte	0
 801 00f3 00       		.byte	0
 802 00f4 14       		.uleb128 0x14
 803 00f5 8A8201   		.uleb128 0x410a
 804 00f8 00       		.byte	0
 805 00f9 02       		.uleb128 0x2
 806 00fa 18       		.uleb128 0x18
 807 00fb 9142     		.uleb128 0x2111
 808 00fd 18       		.uleb128 0x18
 809 00fe 00       		.byte	0
 810 00ff 00       		.byte	0
 811 0100 15       		.uleb128 0x15
 812 0101 26       		.uleb128 0x26
 813 0102 00       		.byte	0
 814 0103 49       		.uleb128 0x49
 815 0104 13       		.uleb128 0x13
 816 0105 00       		.byte	0
ARM GAS  C:\Users\MATEOC~1.QUE\AppData\Local\Temp\ccpctQJk.s 			page 17


 817 0106 00       		.byte	0
 818 0107 16       		.uleb128 0x16
 819 0108 2E       		.uleb128 0x2e
 820 0109 01       		.byte	0x1
 821 010a 3F       		.uleb128 0x3f
 822 010b 19       		.uleb128 0x19
 823 010c 03       		.uleb128 0x3
 824 010d 0E       		.uleb128 0xe
 825 010e 3A       		.uleb128 0x3a
 826 010f 0B       		.uleb128 0xb
 827 0110 3B       		.uleb128 0x3b
 828 0111 0B       		.uleb128 0xb
 829 0112 27       		.uleb128 0x27
 830 0113 19       		.uleb128 0x19
 831 0114 49       		.uleb128 0x49
 832 0115 13       		.uleb128 0x13
 833 0116 11       		.uleb128 0x11
 834 0117 01       		.uleb128 0x1
 835 0118 12       		.uleb128 0x12
 836 0119 06       		.uleb128 0x6
 837 011a 40       		.uleb128 0x40
 838 011b 18       		.uleb128 0x18
 839 011c 9642     		.uleb128 0x2116
 840 011e 19       		.uleb128 0x19
 841 011f 01       		.uleb128 0x1
 842 0120 13       		.uleb128 0x13
 843 0121 00       		.byte	0
 844 0122 00       		.byte	0
 845 0123 17       		.uleb128 0x17
 846 0124 05       		.uleb128 0x5
 847 0125 00       		.byte	0
 848 0126 03       		.uleb128 0x3
 849 0127 08       		.uleb128 0x8
 850 0128 3A       		.uleb128 0x3a
 851 0129 0B       		.uleb128 0xb
 852 012a 3B       		.uleb128 0x3b
 853 012b 0B       		.uleb128 0xb
 854 012c 49       		.uleb128 0x49
 855 012d 13       		.uleb128 0x13
 856 012e 02       		.uleb128 0x2
 857 012f 17       		.uleb128 0x17
 858 0130 00       		.byte	0
 859 0131 00       		.byte	0
 860 0132 18       		.uleb128 0x18
 861 0133 34       		.uleb128 0x34
 862 0134 00       		.byte	0
 863 0135 03       		.uleb128 0x3
 864 0136 0E       		.uleb128 0xe
 865 0137 3A       		.uleb128 0x3a
 866 0138 0B       		.uleb128 0xb
 867 0139 3B       		.uleb128 0x3b
 868 013a 0B       		.uleb128 0xb
 869 013b 49       		.uleb128 0x49
 870 013c 13       		.uleb128 0x13
 871 013d 3F       		.uleb128 0x3f
 872 013e 19       		.uleb128 0x19
 873 013f 3C       		.uleb128 0x3c
ARM GAS  C:\Users\MATEOC~1.QUE\AppData\Local\Temp\ccpctQJk.s 			page 18


 874 0140 19       		.uleb128 0x19
 875 0141 00       		.byte	0
 876 0142 00       		.byte	0
 877 0143 19       		.uleb128 0x19
 878 0144 34       		.uleb128 0x34
 879 0145 00       		.byte	0
 880 0146 03       		.uleb128 0x3
 881 0147 0E       		.uleb128 0xe
 882 0148 3A       		.uleb128 0x3a
 883 0149 0B       		.uleb128 0xb
 884 014a 3B       		.uleb128 0x3b
 885 014b 05       		.uleb128 0x5
 886 014c 49       		.uleb128 0x49
 887 014d 13       		.uleb128 0x13
 888 014e 3F       		.uleb128 0x3f
 889 014f 19       		.uleb128 0x19
 890 0150 3C       		.uleb128 0x3c
 891 0151 19       		.uleb128 0x19
 892 0152 00       		.byte	0
 893 0153 00       		.byte	0
 894 0154 1A       		.uleb128 0x1a
 895 0155 35       		.uleb128 0x35
 896 0156 00       		.byte	0
 897 0157 49       		.uleb128 0x49
 898 0158 13       		.uleb128 0x13
 899 0159 00       		.byte	0
 900 015a 00       		.byte	0
 901 015b 00       		.byte	0
 902              		.section	.debug_loc,"",%progbits
 903              	.Ldebug_loc0:
 904              	.LLST0:
 905 0000 00000000 		.4byte	.LVL0
 906 0004 0C000000 		.4byte	.LVL2
 907 0008 0100     		.2byte	0x1
 908 000a 50       		.byte	0x50
 909 000b 0C000000 		.4byte	.LVL2
 910 000f 2E000000 		.4byte	.LFE110
 911 0013 0100     		.2byte	0x1
 912 0015 56       		.byte	0x56
 913 0016 00000000 		.4byte	0
 914 001a 00000000 		.4byte	0
 915              	.LLST1:
 916 001e 00000000 		.4byte	.LVL0
 917 0022 0C000000 		.4byte	.LVL2
 918 0026 0100     		.2byte	0x1
 919 0028 51       		.byte	0x51
 920 0029 0C000000 		.4byte	.LVL2
 921 002d 2E000000 		.4byte	.LFE110
 922 0031 0400     		.2byte	0x4
 923 0033 F3       		.byte	0xf3
 924 0034 01       		.uleb128 0x1
 925 0035 51       		.byte	0x51
 926 0036 9F       		.byte	0x9f
 927 0037 00000000 		.4byte	0
 928 003b 00000000 		.4byte	0
 929              	.LLST2:
 930 003f 00000000 		.4byte	.LVL0
ARM GAS  C:\Users\MATEOC~1.QUE\AppData\Local\Temp\ccpctQJk.s 			page 19


 931 0043 0C000000 		.4byte	.LVL2
 932 0047 0100     		.2byte	0x1
 933 0049 52       		.byte	0x52
 934 004a 0C000000 		.4byte	.LVL2
 935 004e 2E000000 		.4byte	.LFE110
 936 0052 0100     		.2byte	0x1
 937 0054 55       		.byte	0x55
 938 0055 00000000 		.4byte	0
 939 0059 00000000 		.4byte	0
 940              	.LLST3:
 941 005d 08000000 		.4byte	.LVL1
 942 0061 0C000000 		.4byte	.LVL2
 943 0065 0200     		.2byte	0x2
 944 0067 30       		.byte	0x30
 945 0068 9F       		.byte	0x9f
 946 0069 0C000000 		.4byte	.LVL2
 947 006d 26000000 		.4byte	.LVL4
 948 0071 0100     		.2byte	0x1
 949 0073 54       		.byte	0x54
 950 0074 28000000 		.4byte	.LVL5
 951 0078 2E000000 		.4byte	.LFE110
 952 007c 0100     		.2byte	0x1
 953 007e 54       		.byte	0x54
 954 007f 00000000 		.4byte	0
 955 0083 00000000 		.4byte	0
 956              	.LLST4:
 957 0087 00000000 		.4byte	.LVL6
 958 008b 0C000000 		.4byte	.LVL8
 959 008f 0100     		.2byte	0x1
 960 0091 50       		.byte	0x50
 961 0092 0C000000 		.4byte	.LVL8
 962 0096 26000000 		.4byte	.LFE111
 963 009a 0100     		.2byte	0x1
 964 009c 55       		.byte	0x55
 965 009d 00000000 		.4byte	0
 966 00a1 00000000 		.4byte	0
 967              	.LLST5:
 968 00a5 00000000 		.4byte	.LVL6
 969 00a9 0C000000 		.4byte	.LVL8
 970 00ad 0100     		.2byte	0x1
 971 00af 51       		.byte	0x51
 972 00b0 0C000000 		.4byte	.LVL8
 973 00b4 26000000 		.4byte	.LFE111
 974 00b8 0400     		.2byte	0x4
 975 00ba F3       		.byte	0xf3
 976 00bb 01       		.uleb128 0x1
 977 00bc 51       		.byte	0x51
 978 00bd 9F       		.byte	0x9f
 979 00be 00000000 		.4byte	0
 980 00c2 00000000 		.4byte	0
 981              	.LLST6:
 982 00c6 00000000 		.4byte	.LVL6
 983 00ca 0C000000 		.4byte	.LVL8
 984 00ce 0100     		.2byte	0x1
 985 00d0 52       		.byte	0x52
 986 00d1 0C000000 		.4byte	.LVL8
 987 00d5 26000000 		.4byte	.LFE111
ARM GAS  C:\Users\MATEOC~1.QUE\AppData\Local\Temp\ccpctQJk.s 			page 20


 988 00d9 0100     		.2byte	0x1
 989 00db 57       		.byte	0x57
 990 00dc 00000000 		.4byte	0
 991 00e0 00000000 		.4byte	0
 992              	.LLST7:
 993 00e4 08000000 		.4byte	.LVL7
 994 00e8 0C000000 		.4byte	.LVL8
 995 00ec 0200     		.2byte	0x2
 996 00ee 30       		.byte	0x30
 997 00ef 9F       		.byte	0x9f
 998 00f0 0C000000 		.4byte	.LVL8
 999 00f4 1E000000 		.4byte	.LVL10
 1000 00f8 0100     		.2byte	0x1
 1001 00fa 54       		.byte	0x54
 1002 00fb 20000000 		.4byte	.LVL11
 1003 00ff 26000000 		.4byte	.LFE111
 1004 0103 0100     		.2byte	0x1
 1005 0105 54       		.byte	0x54
 1006 0106 00000000 		.4byte	0
 1007 010a 00000000 		.4byte	0
 1008              		.section	.debug_aranges,"",%progbits
 1009 0000 24000000 		.4byte	0x24
 1010 0004 0200     		.2byte	0x2
 1011 0006 00000000 		.4byte	.Ldebug_info0
 1012 000a 04       		.byte	0x4
 1013 000b 00       		.byte	0
 1014 000c 0000     		.2byte	0
 1015 000e 0000     		.2byte	0
 1016 0010 00000000 		.4byte	.LFB110
 1017 0014 2E000000 		.4byte	.LFE110-.LFB110
 1018 0018 00000000 		.4byte	.LFB111
 1019 001c 26000000 		.4byte	.LFE111-.LFB111
 1020 0020 00000000 		.4byte	0
 1021 0024 00000000 		.4byte	0
 1022              		.section	.debug_ranges,"",%progbits
 1023              	.Ldebug_ranges0:
 1024 0000 00000000 		.4byte	.LFB110
 1025 0004 2E000000 		.4byte	.LFE110
 1026 0008 00000000 		.4byte	.LFB111
 1027 000c 26000000 		.4byte	.LFE111
 1028 0010 00000000 		.4byte	0
 1029 0014 00000000 		.4byte	0
 1030              		.section	.debug_line,"",%progbits
 1031              	.Ldebug_line0:
 1032 0000 83020000 		.section	.debug_str,"MS",%progbits,1
 1032      02003A02 
 1032      00000201 
 1032      FB0E0D00 
 1032      01010101 
 1033              	.LASF50:
 1034 0000 4576656E 		.ascii	"EventMaskType\000"
 1034      744D6173 
 1034      6B547970 
 1034      6500
 1035              	.LASF28:
 1036 000e 52435F45 		.ascii	"RC_ERROR_READ_ONLY\000"
 1036      52524F52 
ARM GAS  C:\Users\MATEOC~1.QUE\AppData\Local\Temp\ccpctQJk.s 			page 21


 1036      5F524541 
 1036      445F4F4E 
 1036      4C5900
 1037              	.LASF14:
 1038 0021 52435F53 		.ascii	"RC_SUCCESS\000"
 1038      55434345 
 1038      535300
 1039              	.LASF29:
 1040 002c 52435F45 		.ascii	"RC_ERROR_WRITE_ONLY\000"
 1040      52524F52 
 1040      5F575249 
 1040      54455F4F 
 1040      4E4C5900 
 1041              	.LASF3:
 1042 0040 73686F72 		.ascii	"short int\000"
 1042      7420696E 
 1042      7400
 1043              	.LASF20:
 1044 004a 52435F45 		.ascii	"RC_ERROR_OVERRUN\000"
 1044      52524F52 
 1044      5F4F5645 
 1044      5252554E 
 1044      00
 1045              	.LASF32:
 1046 005b 52435F45 		.ascii	"RC_ERROR_WRITE_FAILS\000"
 1046      52524F52 
 1046      5F575249 
 1046      54455F46 
 1046      41494C53 
 1047              	.LASF44:
 1048 0070 73697A65 		.ascii	"sizetype\000"
 1048      74797065 
 1048      00
 1049              	.LASF17:
 1050 0079 52435F45 		.ascii	"RC_ERROR_ZERO\000"
 1050      52524F52 
 1050      5F5A4552 
 1050      4F00
 1051              	.LASF48:
 1052 0087 45455F46 		.ascii	"EE_FREG\000"
 1052      52454700 
 1053              	.LASF31:
 1054 008f 52435F45 		.ascii	"RC_ERROR_READ_FAILS\000"
 1054      52524F52 
 1054      5F524541 
 1054      445F4641 
 1054      494C5300 
 1055              	.LASF55:
 1056 00a3 6576656E 		.ascii	"event\000"
 1056      7400
 1057              	.LASF49:
 1058 00a9 45455F54 		.ascii	"EE_TID\000"
 1058      494400
 1059              	.LASF37:
 1060 00b0 52435F45 		.ascii	"RC_ERROR_INVALID_STATE\000"
 1060      52524F52 
 1060      5F494E56 
ARM GAS  C:\Users\MATEOC~1.QUE\AppData\Local\Temp\ccpctQJk.s 			page 22


 1060      414C4944 
 1060      5F535441 
 1061              	.LASF57:
 1062 00c7 7461626C 		.ascii	"table\000"
 1062      6500
 1063              	.LASF66:
 1064 00cd 45455F49 		.ascii	"EE_IRQ_nesting_level\000"
 1064      52515F6E 
 1064      65737469 
 1064      6E675F6C 
 1064      6576656C 
 1065              	.LASF45:
 1066 00e2 45455F49 		.ascii	"EE_INT32\000"
 1066      4E543332 
 1066      00
 1067              	.LASF53:
 1068 00eb 6379636C 		.ascii	"cycleTime\000"
 1068      6554696D 
 1068      6500
 1069              	.LASF65:
 1070 00f5 45455F73 		.ascii	"EE_std_endcycle_next_tid\000"
 1070      74645F65 
 1070      6E646379 
 1070      636C655F 
 1070      6E657874 
 1071              	.LASF19:
 1072 010e 52435F45 		.ascii	"RC_ERROR_RANGE\000"
 1072      52524F52 
 1072      5F52414E 
 1072      474500
 1073              	.LASF9:
 1074 011d 666C6F61 		.ascii	"float\000"
 1074      7400
 1075              	.LASF39:
 1076 0123 52435F45 		.ascii	"RC_ERROR_NOT_IMPLEMENTED\000"
 1076      52524F52 
 1076      5F4E4F54 
 1076      5F494D50 
 1076      4C454D45 
 1077              	.LASF11:
 1078 013c 6C6F6E67 		.ascii	"long long int\000"
 1078      206C6F6E 
 1078      6720696E 
 1078      7400
 1079              	.LASF63:
 1080 014a 45455F6F 		.ascii	"EE_oo_IRQ_suspend_status\000"
 1080      6F5F4952 
 1080      515F7375 
 1080      7370656E 
 1080      645F7374 
 1081              	.LASF33:
 1082 0163 52435F45 		.ascii	"RC_ERROR_NOT_MATCH\000"
 1082      52524F52 
 1082      5F4E4F54 
 1082      5F4D4154 
 1082      434800
 1083              	.LASF38:
ARM GAS  C:\Users\MATEOC~1.QUE\AppData\Local\Temp\ccpctQJk.s 			page 23


 1084 0176 52435F45 		.ascii	"RC_ERROR_UNKNOWN\000"
 1084      52524F52 
 1084      5F554E4B 
 1084      4E4F574E 
 1084      00
 1085              	.LASF5:
 1086 0187 6C6F6E67 		.ascii	"long int\000"
 1086      20696E74 
 1086      00
 1087              	.LASF70:
 1088 0190 433A5C55 		.ascii	"C:\\Users\\Mateo C. Querol\\Desktop\\EAA\\LABS\\Ele"
 1088      73657273 
 1088      5C4D6174 
 1088      656F2043 
 1088      2E205175 
 1089 01bd 6374726F 		.ascii	"ctronicGasPedal.cydsn\000"
 1089      6E696347 
 1089      61735065 
 1089      64616C2E 
 1089      63796473 
 1090              	.LASF24:
 1091 01d3 52435F45 		.ascii	"RC_ERROR_BUSY\000"
 1091      52524F52 
 1091      5F425553 
 1091      5900
 1092              	.LASF30:
 1093 01e1 52435F45 		.ascii	"RC_ERROR_INVALID\000"
 1093      52524F52 
 1093      5F494E56 
 1093      414C4944 
 1093      00
 1094              	.LASF35:
 1095 01f2 52435F45 		.ascii	"RC_ERROR_BAD_DATA\000"
 1095      52524F52 
 1095      5F424144 
 1095      5F444154 
 1095      4100
 1096              	.LASF43:
 1097 0204 6C6F6E67 		.ascii	"long double\000"
 1097      20646F75 
 1097      626C6500 
 1098              	.LASF2:
 1099 0210 756E7369 		.ascii	"unsigned char\000"
 1099      676E6564 
 1099      20636861 
 1099      7200
 1100              	.LASF46:
 1101 021e 45455F55 		.ascii	"EE_UINT32\000"
 1101      494E5433 
 1101      3200
 1102              	.LASF1:
 1103 0228 7369676E 		.ascii	"signed char\000"
 1103      65642063 
 1103      68617200 
 1104              	.LASF12:
 1105 0234 6C6F6E67 		.ascii	"long long unsigned int\000"
 1105      206C6F6E 
ARM GAS  C:\Users\MATEOC~1.QUE\AppData\Local\Temp\ccpctQJk.s 			page 24


 1105      6720756E 
 1105      7369676E 
 1105      65642069 
 1106              	.LASF56:
 1107 024b 5254455F 		.ascii	"RTE_eventTable_t\000"
 1107      6576656E 
 1107      74546162 
 1107      6C655F74 
 1107      00
 1108              	.LASF7:
 1109 025c 75696E74 		.ascii	"uint32_t\000"
 1109      33325F74 
 1109      00
 1110              	.LASF0:
 1111 0265 756E7369 		.ascii	"unsigned int\000"
 1111      676E6564 
 1111      20696E74 
 1111      00
 1112              	.LASF26:
 1113 0272 52435F45 		.ascii	"RC_ERROR_OPEN\000"
 1113      52524F52 
 1113      5F4F5045 
 1113      4E00
 1114              	.LASF6:
 1115 0280 75696E74 		.ascii	"uint16_t\000"
 1115      31365F74 
 1115      00
 1116              	.LASF16:
 1117 0289 52435F45 		.ascii	"RC_ERROR_NULL\000"
 1117      52524F52 
 1117      5F4E554C 
 1117      4C00
 1118              	.LASF23:
 1119 0297 52435F45 		.ascii	"RC_ERROR_BUFFER_EMTPY\000"
 1119      52524F52 
 1119      5F425546 
 1119      4645525F 
 1119      454D5450 
 1120              	.LASF59:
 1121 02ad 74696D65 		.ascii	"time\000"
 1121      00
 1122              	.LASF4:
 1123 02b2 73686F72 		.ascii	"short unsigned int\000"
 1123      7420756E 
 1123      7369676E 
 1123      65642069 
 1123      6E7400
 1124              	.LASF54:
 1125 02c5 5254455F 		.ascii	"RTE_cyclicTable_t\000"
 1125      6379636C 
 1125      69635461 
 1125      626C655F 
 1125      7400
 1126              	.LASF68:
 1127 02d7 474E5520 		.ascii	"GNU C11 5.4.1 20160609 (release) [ARM/embedded-5-br"
 1127      43313120 
 1127      352E342E 
ARM GAS  C:\Users\MATEOC~1.QUE\AppData\Local\Temp\ccpctQJk.s 			page 25


 1127      31203230 
 1127      31363036 
 1128 030a 616E6368 		.ascii	"anch revision 237715] -mcpu=cortex-m3 -mthumb -g -O"
 1128      20726576 
 1128      6973696F 
 1128      6E203233 
 1128      37373135 
 1129 033d 67202D66 		.ascii	"g -ffunction-sections -ffat-lto-objects\000"
 1129      66756E63 
 1129      74696F6E 
 1129      2D736563 
 1129      74696F6E 
 1130              	.LASF13:
 1131 0365 63686172 		.ascii	"char\000"
 1131      00
 1132              	.LASF22:
 1133 036a 52435F45 		.ascii	"RC_ERROR_BUFFER_FULL\000"
 1133      52524F52 
 1133      5F425546 
 1133      4645525F 
 1133      46554C4C 
 1134              	.LASF42:
 1135 037f 696E7433 		.ascii	"int32_t\000"
 1135      325F7400 
 1136              	.LASF61:
 1137 0387 5254455F 		.ascii	"RTE_ProcessEventTable\000"
 1137      50726F63 
 1137      65737345 
 1137      76656E74 
 1137      5461626C 
 1138              	.LASF34:
 1139 039d 52435F45 		.ascii	"RC_ERROR_BAD_PARAM\000"
 1139      52524F52 
 1139      5F424144 
 1139      5F504152 
 1139      414D00
 1140              	.LASF64:
 1141 03b0 45455F41 		.ascii	"EE_ApplicationMode\000"
 1141      70706C69 
 1141      63617469 
 1141      6F6E4D6F 
 1141      646500
 1142              	.LASF8:
 1143 03c3 6C6F6E67 		.ascii	"long unsigned int\000"
 1143      20756E73 
 1143      69676E65 
 1143      6420696E 
 1143      7400
 1144              	.LASF10:
 1145 03d5 646F7562 		.ascii	"double\000"
 1145      6C6500
 1146              	.LASF27:
 1147 03dc 52435F45 		.ascii	"RC_ERROR_CHECKSUM\000"
 1147      52524F52 
 1147      5F434845 
 1147      434B5355 
 1147      4D00
ARM GAS  C:\Users\MATEOC~1.QUE\AppData\Local\Temp\ccpctQJk.s 			page 26


 1148              	.LASF47:
 1149 03ee 45455F55 		.ascii	"EE_UREG\000"
 1149      52454700 
 1150              	.LASF58:
 1151 03f6 7461626C 		.ascii	"tableSize\000"
 1151      6553697A 
 1151      6500
 1152              	.LASF60:
 1153 0400 5254455F 		.ascii	"RTE_ProcessCyclicTable\000"
 1153      50726F63 
 1153      65737343 
 1153      79636C69 
 1153      63546162 
 1154              	.LASF41:
 1155 0417 5F5F696E 		.ascii	"__int32_t\000"
 1155      7433325F 
 1155      7400
 1156              	.LASF51:
 1157 0421 5254455F 		.ascii	"RTE_event\000"
 1157      6576656E 
 1157      7400
 1158              	.LASF69:
 1159 042b 736F7572 		.ascii	"source\\rte\\rte.c\000"
 1159      63655C72 
 1159      74655C72 
 1159      74652E63 
 1159      00
 1160              	.LASF36:
 1161 043c 52435F45 		.ascii	"RC_ERROR_CANCELED\000"
 1161      52524F52 
 1161      5F43414E 
 1161      43454C45 
 1161      4400
 1162              	.LASF52:
 1163 044e 5254455F 		.ascii	"RTE_pRunnable\000"
 1163      7052756E 
 1163      6E61626C 
 1163      6500
 1164              	.LASF67:
 1165 045c 49544D5F 		.ascii	"ITM_RxBuffer\000"
 1165      52784275 
 1165      66666572 
 1165      00
 1166              	.LASF15:
 1167 0469 52435F45 		.ascii	"RC_ERROR\000"
 1167      52524F52 
 1167      00
 1168              	.LASF18:
 1169 0472 52435F45 		.ascii	"RC_ERROR_MEMORY\000"
 1169      52524F52 
 1169      5F4D454D 
 1169      4F525900 
 1170              	.LASF62:
 1171 0482 45455F6F 		.ascii	"EE_oo_IRQ_disable_count\000"
 1171      6F5F4952 
 1171      515F6469 
 1171      7361626C 
ARM GAS  C:\Users\MATEOC~1.QUE\AppData\Local\Temp\ccpctQJk.s 			page 27


 1171      655F636F 
 1172              	.LASF21:
 1173 049a 52435F45 		.ascii	"RC_ERROR_UNDERRUN\000"
 1173      52524F52 
 1173      5F554E44 
 1173      45525255 
 1173      4E00
 1174              	.LASF40:
 1175 04ac 52435F74 		.ascii	"RC_t\000"
 1175      00
 1176              	.LASF25:
 1177 04b1 52435F45 		.ascii	"RC_ERROR_TIME_OUT\000"
 1177      52524F52 
 1177      5F54494D 
 1177      455F4F55 
 1177      5400
 1178              		.ident	"GCC: (GNU Tools for ARM Embedded Processors) 5.4.1 20160609 (release) [ARM/embedded-5-bran
