ARM GAS  C:\Users\MATEOC~1.QUE\AppData\Local\Temp\ccv3tSXX.s 			page 1


   1              		.syntax unified
   2              		.cpu cortex-m3
   3              		.fpu softvfp
   4              		.eabi_attribute 20, 1
   5              		.eabi_attribute 21, 1
   6              		.eabi_attribute 23, 3
   7              		.eabi_attribute 24, 1
   8              		.eabi_attribute 25, 1
   9              		.eabi_attribute 26, 1
  10              		.eabi_attribute 30, 1
  11              		.eabi_attribute 34, 1
  12              		.eabi_attribute 18, 4
  13              		.thumb
  14              		.syntax unified
  15              		.file	"tsk_control.c"
  16              		.text
  17              	.Ltext0:
  18              		.cfi_sections	.debug_frame
  19              		.section	.text.Functsk_control,"ax",%progbits
  20              		.align	2
  21              		.global	Functsk_control
  22              		.thumb
  23              		.thumb_func
  24              		.type	Functsk_control, %function
  25              	Functsk_control:
  26              	.LFB110:
  27              		.file 1 "source\\asw\\tsk_control.c"
   1:source\asw/tsk_control.c **** 
   2:source\asw/tsk_control.c **** 
   3:source\asw/tsk_control.c **** /*
   4:source\asw/tsk_control.c ****  * Filename: tsk_control.c
   5:source\asw/tsk_control.c ****  *
   6:source\asw/tsk_control.c ****  * Author: Autogenerated by H-DA RTE Generator, (c) Prof. Fromm
   7:source\asw/tsk_control.c ****  */
   8:source\asw/tsk_control.c **** 
   9:source\asw/tsk_control.c **** #include "project.h"
  10:source\asw/tsk_control.c **** #include "global.h"
  11:source\asw/tsk_control.c **** #include "rte.h"
  12:source\asw/tsk_control.c **** #include "rte_types.h"
  13:source\asw/tsk_control.c **** #include "tsk_control.h"
  14:source\asw/tsk_control.c **** 
  15:source\asw/tsk_control.c **** 
  16:source\asw/tsk_control.c **** 
  17:source\asw/tsk_control.c **** /* USER CODE START TSK_CONTROL_INCLUDE */
  18:source\asw/tsk_control.c **** 
  19:source\asw/tsk_control.c **** /* USER CODE END TSK_CONTROL_INCLUDE */
  20:source\asw/tsk_control.c **** 
  21:source\asw/tsk_control.c **** #include "swc_control.h"
  22:source\asw/tsk_control.c **** 
  23:source\asw/tsk_control.c **** 
  24:source\asw/tsk_control.c **** 
  25:source\asw/tsk_control.c **** /* USER CODE START TSK_CONTROL_USERDEFINITIONS */
  26:source\asw/tsk_control.c **** 
  27:source\asw/tsk_control.c **** /* USER CODE END TSK_CONTROL_USERDEFINITIONS */
  28:source\asw/tsk_control.c **** 
  29:source\asw/tsk_control.c **** /*******************************************************************************
  30:source\asw/tsk_control.c ****  * Runnable Tables from Activation Engine
ARM GAS  C:\Users\MATEOC~1.QUE\AppData\Local\Temp\ccv3tSXX.s 			page 2


  31:source\asw/tsk_control.c ****  *******************************************************************************/
  32:source\asw/tsk_control.c **** 
  33:source\asw/tsk_control.c **** /* Cyclic Table */
  34:source\asw/tsk_control.c **** 
  35:source\asw/tsk_control.c **** const RTE_cyclicTable_t RTE_cyclicActivationTable_tsk_control[] = {
  36:source\asw/tsk_control.c **** };
  37:source\asw/tsk_control.c **** const uint16_t RTE_cyclicActivation_tsk_control_size = sizeof (RTE_cyclicActivationTable_tsk_contro
  38:source\asw/tsk_control.c **** 
  39:source\asw/tsk_control.c **** /* Event Table */
  40:source\asw/tsk_control.c **** const RTE_eventTable_t RTE_eventActivationTable_tsk_control[] = {
  41:source\asw/tsk_control.c ****     { CONTROL_calcControl_run, ev_joystick_onData },  //Runnable which translates joystick position
  42:source\asw/tsk_control.c **** }; 
  43:source\asw/tsk_control.c **** const uint16_t RTE_eventActivation_tsk_control_size = sizeof (RTE_eventActivationTable_tsk_control)
  44:source\asw/tsk_control.c **** 
  45:source\asw/tsk_control.c **** /*******************************************************************************
  46:source\asw/tsk_control.c ****  * Task Body
  47:source\asw/tsk_control.c ****  *******************************************************************************/
  48:source\asw/tsk_control.c **** 
  49:source\asw/tsk_control.c **** 
  50:source\asw/tsk_control.c **** /*
  51:source\asw/tsk_control.c **** * description: Task that calls the control logic
  52:source\asw/tsk_control.c **** * events: ev_joystick_onData
  53:source\asw/tsk_control.c **** * mode: Cyclic and Event
  54:source\asw/tsk_control.c **** * name: tsk_control
  55:source\asw/tsk_control.c **** * shortname: control
  56:source\asw/tsk_control.c **** * signalpoolsRO: sp_common
  57:source\asw/tsk_control.c **** * signalpoolsRW: sp_common
  58:source\asw/tsk_control.c **** * tickEvent: 0
  59:source\asw/tsk_control.c **** * timertickperiod: 1
  60:source\asw/tsk_control.c **** */
  61:source\asw/tsk_control.c **** TASK(tsk_control)
  62:source\asw/tsk_control.c **** {
  28              		.loc 1 62 0
  29              		.cfi_startproc
  30              		@ args = 0, pretend = 0, frame = 8
  31              		@ frame_needed = 0, uses_anonymous_args = 0
  32 0000 00B5     		push	{lr}
  33              		.cfi_def_cfa_offset 4
  34              		.cfi_offset 14, -4
  35 0002 83B0     		sub	sp, sp, #12
  36              		.cfi_def_cfa_offset 16
  63:source\asw/tsk_control.c **** 	/* ticktime of the task */
  64:source\asw/tsk_control.c **** 	static uint32_t ticktime = 0;
  65:source\asw/tsk_control.c **** 	
  66:source\asw/tsk_control.c ****     EventMaskType ev = 0;
  37              		.loc 1 66 0
  38 0004 0023     		movs	r3, #0
  39 0006 0193     		str	r3, [sp, #4]
  40              	.L2:
  67:source\asw/tsk_control.c ****     
  68:source\asw/tsk_control.c ****     while(1)
  69:source\asw/tsk_control.c ****     {
  70:source\asw/tsk_control.c ****         //Wait, read and clear the event
  71:source\asw/tsk_control.c ****         WaitEvent(ev_joystick_onData);
  41              		.loc 1 71 0
  42 0008 0120     		movs	r0, #1
  43 000a FFF7FEFF 		bl	EE_oo_WaitEvent
ARM GAS  C:\Users\MATEOC~1.QUE\AppData\Local\Temp\ccv3tSXX.s 			page 3


  44              	.LVL0:
  72:source\asw/tsk_control.c ****         GetEvent(tsk_control,&ev);
  45              		.loc 1 72 0
  46 000e 01A9     		add	r1, sp, #4
  47 0010 0320     		movs	r0, #3
  48 0012 FFF7FEFF 		bl	EE_oo_GetEvent
  49              	.LVL1:
  73:source\asw/tsk_control.c ****         ClearEvent(ev);
  50              		.loc 1 73 0
  51 0016 0198     		ldr	r0, [sp, #4]
  52 0018 FFF7FEFF 		bl	EE_oo_ClearEvent
  53              	.LVL2:
  74:source\asw/tsk_control.c ****     
  75:source\asw/tsk_control.c **** 		/* USER CODE START TSK_CONTROL_TASKBOBY_PRE */
  76:source\asw/tsk_control.c **** 
  77:source\asw/tsk_control.c **** 		/* USER CODE END TSK_CONTROL_TASKBODY_PRE */
  78:source\asw/tsk_control.c ****         
  79:source\asw/tsk_control.c ****         if (ev & 0){
  80:source\asw/tsk_control.c ****             //Process Cyclic table on tick
  81:source\asw/tsk_control.c ****             RTE_ProcessCyclicTable(RTE_cyclicActivationTable_tsk_control, RTE_cyclicActivation_tsk_
  82:source\asw/tsk_control.c **** 
  83:source\asw/tsk_control.c **** 			ticktime += 1;
  84:source\asw/tsk_control.c **** 			if (ticktime > 0xFFFFFF00) ticktime = 0;
  85:source\asw/tsk_control.c **** 
  86:source\asw/tsk_control.c **** 		};
  87:source\asw/tsk_control.c **** 		
  88:source\asw/tsk_control.c **** 		//Process data driven events
  89:source\asw/tsk_control.c **** 		RTE_ProcessEventTable(RTE_eventActivationTable_tsk_control, RTE_eventActivation_tsk_control_size,
  54              		.loc 1 89 0
  55 001c 019A     		ldr	r2, [sp, #4]
  56 001e 0121     		movs	r1, #1
  57 0020 0148     		ldr	r0, .L4
  58 0022 FFF7FEFF 		bl	RTE_ProcessEventTable
  59              	.LVL3:
  60 0026 EFE7     		b	.L2
  61              	.L5:
  62              		.align	2
  63              	.L4:
  64 0028 00000000 		.word	.LANCHOR0
  65              		.cfi_endproc
  66              	.LFE110:
  67              		.size	Functsk_control, .-Functsk_control
  68              		.global	RTE_eventActivation_tsk_control_size
  69              		.global	RTE_eventActivationTable_tsk_control
  70              		.global	RTE_cyclicActivation_tsk_control_size
  71              		.global	RTE_cyclicActivationTable_tsk_control
  72              		.section	.rodata
  73              		.align	2
  74              		.set	.LANCHOR0,. + 0
  75              		.type	RTE_eventActivationTable_tsk_control, %object
  76              		.size	RTE_eventActivationTable_tsk_control, 8
  77              	RTE_eventActivationTable_tsk_control:
  78 0000 00000000 		.word	CONTROL_calcControl_run
  79 0004 01000000 		.word	1
  80              		.type	RTE_eventActivation_tsk_control_size, %object
  81              		.size	RTE_eventActivation_tsk_control_size, 2
  82              	RTE_eventActivation_tsk_control_size:
ARM GAS  C:\Users\MATEOC~1.QUE\AppData\Local\Temp\ccv3tSXX.s 			page 4


  83 0008 0100     		.short	1
  84              		.type	RTE_cyclicActivation_tsk_control_size, %object
  85              		.size	RTE_cyclicActivation_tsk_control_size, 2
  86              	RTE_cyclicActivation_tsk_control_size:
  87 000a 0000     		.space	2
  88              		.type	RTE_cyclicActivationTable_tsk_control, %object
  89              		.size	RTE_cyclicActivationTable_tsk_control, 0
  90              	RTE_cyclicActivationTable_tsk_control:
  91              		.text
  92              	.Letext0:
  93              		.file 2 "c:\\program files (x86)\\cypress\\psoc creator\\4.4\\psoc creator\\import\\gnu\\arm\\5.4.
  94              		.file 3 "c:\\program files (x86)\\cypress\\psoc creator\\4.4\\psoc creator\\import\\gnu\\arm\\5.4.
  95              		.file 4 "Generated_Source\\PSoC5/ErikaOS_common_ee_types.inc"
  96              		.file 5 "Generated_Source\\PSoC5/ErikaOS_cortex_mx_ee_cpu.inc"
  97              		.file 6 "Generated_Source\\PSoC5/ErikaOS_ee_oo_common.inc"
  98              		.file 7 ".\\source\\rte/rte_types.h"
  99              		.file 8 ".\\source\\rte/rte.h"
 100              		.file 9 "Generated_Source\\PSoC5/ErikaOS_ee_oo_intfunc.inc"
 101              		.file 10 "Generated_Source\\PSoC5/ErikaOS_cortex_mx_ee_context.inc"
 102              		.file 11 "Generated_Source\\PSoC5/ErikaOS_common_ee_primitives.inc"
 103              		.file 12 "Generated_Source\\PSoC5/core_cm3.h"
 104              		.file 13 "Generated_Source\\PSoC5/ErikaOS_ee_oo_kernel.inc"
 105              		.section	.debug_info,"",%progbits
 106              	.Ldebug_info0:
 107 0000 06030000 		.4byte	0x306
 108 0004 0400     		.2byte	0x4
 109 0006 00000000 		.4byte	.Ldebug_abbrev0
 110 000a 04       		.byte	0x4
 111 000b 01       		.uleb128 0x1
 112 000c F1000000 		.4byte	.LASF48
 113 0010 0C       		.byte	0xc
 114 0011 B7030000 		.4byte	.LASF49
 115 0015 2D030000 		.4byte	.LASF50
 116 0019 00000000 		.4byte	.Ldebug_ranges0+0
 117 001d 00000000 		.4byte	0
 118 0021 00000000 		.4byte	.Ldebug_line0
 119 0025 02       		.uleb128 0x2
 120 0026 01       		.byte	0x1
 121 0027 06       		.byte	0x6
 122 0028 8E030000 		.4byte	.LASF0
 123 002c 02       		.uleb128 0x2
 124 002d 01       		.byte	0x1
 125 002e 08       		.byte	0x8
 126 002f E3000000 		.4byte	.LASF1
 127 0033 02       		.uleb128 0x2
 128 0034 02       		.byte	0x2
 129 0035 05       		.byte	0x5
 130 0036 1A030000 		.4byte	.LASF2
 131 003a 03       		.uleb128 0x3
 132 003b F8010000 		.4byte	.LASF4
 133 003f 02       		.byte	0x2
 134 0040 2B       		.byte	0x2b
 135 0041 45000000 		.4byte	0x45
 136 0045 02       		.uleb128 0x2
 137 0046 02       		.byte	0x2
 138 0047 07       		.byte	0x7
 139 0048 C0010000 		.4byte	.LASF3
ARM GAS  C:\Users\MATEOC~1.QUE\AppData\Local\Temp\ccv3tSXX.s 			page 5


 140 004c 03       		.uleb128 0x3
 141 004d 4A000000 		.4byte	.LASF5
 142 0051 02       		.byte	0x2
 143 0052 3F       		.byte	0x3f
 144 0053 57000000 		.4byte	0x57
 145 0057 02       		.uleb128 0x2
 146 0058 04       		.byte	0x4
 147 0059 05       		.byte	0x5
 148 005a 79030000 		.4byte	.LASF6
 149 005e 03       		.uleb128 0x3
 150 005f 28020000 		.4byte	.LASF7
 151 0063 02       		.byte	0x2
 152 0064 41       		.byte	0x41
 153 0065 69000000 		.4byte	0x69
 154 0069 02       		.uleb128 0x2
 155 006a 04       		.byte	0x4
 156 006b 07       		.byte	0x7
 157 006c 88010000 		.4byte	.LASF8
 158 0070 02       		.uleb128 0x2
 159 0071 08       		.byte	0x8
 160 0072 05       		.byte	0x5
 161 0073 EA020000 		.4byte	.LASF9
 162 0077 02       		.uleb128 0x2
 163 0078 08       		.byte	0x8
 164 0079 07       		.byte	0x7
 165 007a 99020000 		.4byte	.LASF10
 166 007e 04       		.uleb128 0x4
 167 007f 04       		.byte	0x4
 168 0080 05       		.byte	0x5
 169 0081 696E7400 		.ascii	"int\000"
 170 0085 02       		.uleb128 0x2
 171 0086 04       		.byte	0x4
 172 0087 07       		.byte	0x7
 173 0088 71020000 		.4byte	.LASF11
 174 008c 03       		.uleb128 0x3
 175 008d 24030000 		.4byte	.LASF12
 176 0091 03       		.byte	0x3
 177 0092 24       		.byte	0x24
 178 0093 3A000000 		.4byte	0x3a
 179 0097 03       		.uleb128 0x3
 180 0098 D9020000 		.4byte	.LASF13
 181 009c 03       		.byte	0x3
 182 009d 2C       		.byte	0x2c
 183 009e 4C000000 		.4byte	0x4c
 184 00a2 03       		.uleb128 0x3
 185 00a3 70030000 		.4byte	.LASF14
 186 00a7 03       		.byte	0x3
 187 00a8 30       		.byte	0x30
 188 00a9 5E000000 		.4byte	0x5e
 189 00ad 02       		.uleb128 0x2
 190 00ae 04       		.byte	0x4
 191 00af 04       		.byte	0x4
 192 00b0 AE000000 		.4byte	.LASF15
 193 00b4 02       		.uleb128 0x2
 194 00b5 08       		.byte	0x8
 195 00b6 04       		.byte	0x4
 196 00b7 87000000 		.4byte	.LASF16
ARM GAS  C:\Users\MATEOC~1.QUE\AppData\Local\Temp\ccv3tSXX.s 			page 6


 197 00bb 02       		.uleb128 0x2
 198 00bc 01       		.byte	0x1
 199 00bd 08       		.byte	0x8
 200 00be F8020000 		.4byte	.LASF17
 201 00c2 02       		.uleb128 0x2
 202 00c3 08       		.byte	0x8
 203 00c4 04       		.byte	0x4
 204 00c5 82030000 		.4byte	.LASF18
 205 00c9 02       		.uleb128 0x2
 206 00ca 04       		.byte	0x4
 207 00cb 07       		.byte	0x7
 208 00cc E1020000 		.4byte	.LASF19
 209 00d0 03       		.uleb128 0x3
 210 00d1 7F010000 		.4byte	.LASF20
 211 00d5 04       		.byte	0x4
 212 00d6 53       		.byte	0x53
 213 00d7 7E000000 		.4byte	0x7e
 214 00db 03       		.uleb128 0x3
 215 00dc 86020000 		.4byte	.LASF21
 216 00e0 04       		.byte	0x4
 217 00e1 54       		.byte	0x54
 218 00e2 85000000 		.4byte	0x85
 219 00e6 03       		.uleb128 0x3
 220 00e7 FD020000 		.4byte	.LASF22
 221 00eb 05       		.byte	0x5
 222 00ec 4D       		.byte	0x4d
 223 00ed DB000000 		.4byte	0xdb
 224 00f1 03       		.uleb128 0x3
 225 00f2 7E020000 		.4byte	.LASF23
 226 00f6 05       		.byte	0x5
 227 00f7 4F       		.byte	0x4f
 228 00f8 DB000000 		.4byte	0xdb
 229 00fc 03       		.uleb128 0x3
 230 00fd A7000000 		.4byte	.LASF24
 231 0101 05       		.byte	0x5
 232 0102 78       		.byte	0x78
 233 0103 D0000000 		.4byte	0xd0
 234 0107 05       		.uleb128 0x5
 235 0108 54000000 		.4byte	.LASF25
 236 010c 06       		.byte	0x6
 237 010d 2C02     		.2byte	0x22c
 238 010f E6000000 		.4byte	0xe6
 239 0113 03       		.uleb128 0x3
 240 0114 03020000 		.4byte	.LASF26
 241 0118 07       		.byte	0x7
 242 0119 21       		.byte	0x21
 243 011a 07010000 		.4byte	0x107
 244 011e 03       		.uleb128 0x3
 245 011f 9A030000 		.4byte	.LASF27
 246 0123 08       		.byte	0x8
 247 0124 66       		.byte	0x66
 248 0125 29010000 		.4byte	0x129
 249 0129 06       		.uleb128 0x6
 250 012a 04       		.byte	0x4
 251 012b 2F010000 		.4byte	0x12f
 252 012f 07       		.uleb128 0x7
 253 0130 3A010000 		.4byte	0x13a
ARM GAS  C:\Users\MATEOC~1.QUE\AppData\Local\Temp\ccv3tSXX.s 			page 7


 254 0134 08       		.uleb128 0x8
 255 0135 13010000 		.4byte	0x113
 256 0139 00       		.byte	0
 257 013a 09       		.uleb128 0x9
 258 013b 08       		.byte	0x8
 259 013c 08       		.byte	0x8
 260 013d 6B       		.byte	0x6b
 261 013e 5B010000 		.4byte	0x15b
 262 0142 0A       		.uleb128 0xa
 263 0143 72756E00 		.ascii	"run\000"
 264 0147 08       		.byte	0x8
 265 0148 6D       		.byte	0x6d
 266 0149 1E010000 		.4byte	0x11e
 267 014d 00       		.byte	0
 268 014e 0B       		.uleb128 0xb
 269 014f D9000000 		.4byte	.LASF28
 270 0153 08       		.byte	0x8
 271 0154 6E       		.byte	0x6e
 272 0155 8C000000 		.4byte	0x8c
 273 0159 04       		.byte	0x4
 274 015a 00       		.byte	0
 275 015b 03       		.uleb128 0x3
 276 015c 5F020000 		.4byte	.LASF29
 277 0160 08       		.byte	0x8
 278 0161 6F       		.byte	0x6f
 279 0162 3A010000 		.4byte	0x13a
 280 0166 09       		.uleb128 0x9
 281 0167 08       		.byte	0x8
 282 0168 08       		.byte	0x8
 283 0169 74       		.byte	0x74
 284 016a 87010000 		.4byte	0x187
 285 016e 0A       		.uleb128 0xa
 286 016f 72756E00 		.ascii	"run\000"
 287 0173 08       		.byte	0x8
 288 0174 76       		.byte	0x76
 289 0175 1E010000 		.4byte	0x11e
 290 0179 00       		.byte	0
 291 017a 0B       		.uleb128 0xb
 292 017b 59020000 		.4byte	.LASF30
 293 017f 08       		.byte	0x8
 294 0180 77       		.byte	0x77
 295 0181 07010000 		.4byte	0x107
 296 0185 04       		.byte	0x4
 297 0186 00       		.byte	0
 298 0187 03       		.uleb128 0x3
 299 0188 39000000 		.4byte	.LASF31
 300 018c 08       		.byte	0x8
 301 018d 78       		.byte	0x78
 302 018e 66010000 		.4byte	0x166
 303 0192 0C       		.uleb128 0xc
 304 0193 19000000 		.4byte	.LASF51
 305 0197 01       		.byte	0x1
 306 0198 3D       		.byte	0x3d
 307 0199 00000000 		.4byte	.LFB110
 308 019d 2C000000 		.4byte	.LFE110-.LFB110
 309 01a1 01       		.uleb128 0x1
 310 01a2 9C       		.byte	0x9c
ARM GAS  C:\Users\MATEOC~1.QUE\AppData\Local\Temp\ccv3tSXX.s 			page 8


 311 01a3 0E020000 		.4byte	0x20e
 312 01a7 0D       		.uleb128 0xd
 313 01a8 90020000 		.4byte	.LASF32
 314 01ac 01       		.byte	0x1
 315 01ad 40       		.byte	0x40
 316 01ae A2000000 		.4byte	0xa2
 317 01b2 00       		.byte	0
 318 01b3 0E       		.uleb128 0xe
 319 01b4 657600   		.ascii	"ev\000"
 320 01b7 01       		.byte	0x1
 321 01b8 42       		.byte	0x42
 322 01b9 07010000 		.4byte	0x107
 323 01bd 02       		.uleb128 0x2
 324 01be 91       		.byte	0x91
 325 01bf 74       		.sleb128 -12
 326 01c0 0F       		.uleb128 0xf
 327 01c1 0E000000 		.4byte	.LVL0
 328 01c5 DA020000 		.4byte	0x2da
 329 01c9 D3010000 		.4byte	0x1d3
 330 01cd 10       		.uleb128 0x10
 331 01ce 01       		.uleb128 0x1
 332 01cf 50       		.byte	0x50
 333 01d0 01       		.uleb128 0x1
 334 01d1 31       		.byte	0x31
 335 01d2 00       		.byte	0
 336 01d3 0F       		.uleb128 0xf
 337 01d4 16000000 		.4byte	.LVL1
 338 01d8 E6020000 		.4byte	0x2e6
 339 01dc EC010000 		.4byte	0x1ec
 340 01e0 10       		.uleb128 0x10
 341 01e1 01       		.uleb128 0x1
 342 01e2 50       		.byte	0x50
 343 01e3 01       		.uleb128 0x1
 344 01e4 33       		.byte	0x33
 345 01e5 10       		.uleb128 0x10
 346 01e6 01       		.uleb128 0x1
 347 01e7 51       		.byte	0x51
 348 01e8 02       		.uleb128 0x2
 349 01e9 91       		.byte	0x91
 350 01ea 74       		.sleb128 -12
 351 01eb 00       		.byte	0
 352 01ec 11       		.uleb128 0x11
 353 01ed 1C000000 		.4byte	.LVL2
 354 01f1 F2020000 		.4byte	0x2f2
 355 01f5 12       		.uleb128 0x12
 356 01f6 26000000 		.4byte	.LVL3
 357 01fa FE020000 		.4byte	0x2fe
 358 01fe 10       		.uleb128 0x10
 359 01ff 01       		.uleb128 0x1
 360 0200 50       		.byte	0x50
 361 0201 05       		.uleb128 0x5
 362 0202 03       		.byte	0x3
 363 0203 00000000 		.4byte	.LANCHOR0
 364 0207 10       		.uleb128 0x10
 365 0208 01       		.uleb128 0x1
 366 0209 51       		.byte	0x51
 367 020a 01       		.uleb128 0x1
ARM GAS  C:\Users\MATEOC~1.QUE\AppData\Local\Temp\ccv3tSXX.s 			page 9


 368 020b 31       		.byte	0x31
 369 020c 00       		.byte	0
 370 020d 00       		.byte	0
 371 020e 13       		.uleb128 0x13
 372 020f D3010000 		.4byte	.LASF33
 373 0213 09       		.byte	0x9
 374 0214 40       		.byte	0x40
 375 0215 E6000000 		.4byte	0xe6
 376 0219 13       		.uleb128 0x13
 377 021a 8E000000 		.4byte	.LASF34
 378 021e 09       		.byte	0x9
 379 021f 47       		.byte	0x47
 380 0220 F1000000 		.4byte	0xf1
 381 0224 13       		.uleb128 0x13
 382 0225 B0020000 		.4byte	.LASF35
 383 0229 09       		.byte	0x9
 384 022a 4A       		.byte	0x4a
 385 022b E6000000 		.4byte	0xe6
 386 022f 13       		.uleb128 0x13
 387 0230 00000000 		.4byte	.LASF36
 388 0234 0A       		.byte	0xa
 389 0235 48       		.byte	0x48
 390 0236 FC000000 		.4byte	0xfc
 391 023a 13       		.uleb128 0x13
 392 023b 05030000 		.4byte	.LASF37
 393 023f 0B       		.byte	0xb
 394 0240 44       		.byte	0x44
 395 0241 E6000000 		.4byte	0xe6
 396 0245 14       		.uleb128 0x14
 397 0246 EB010000 		.4byte	.LASF38
 398 024a 0C       		.byte	0xc
 399 024b 1207     		.2byte	0x712
 400 024d 51020000 		.4byte	0x251
 401 0251 15       		.uleb128 0x15
 402 0252 97000000 		.4byte	0x97
 403 0256 16       		.uleb128 0x16
 404 0257 6D020000 		.4byte	0x26d
 405 025b 66020000 		.4byte	0x266
 406 025f 17       		.uleb128 0x17
 407 0260 66020000 		.4byte	0x266
 408 0264 7F       		.sleb128 -1
 409 0265 00       		.byte	0
 410 0266 02       		.uleb128 0x2
 411 0267 04       		.byte	0x4
 412 0268 05       		.byte	0x5
 413 0269 0D020000 		.4byte	.LASF39
 414 026d 18       		.uleb128 0x18
 415 026e 5B010000 		.4byte	0x15b
 416 0272 19       		.uleb128 0x19
 417 0273 33020000 		.4byte	.LASF40
 418 0277 01       		.byte	0x1
 419 0278 23       		.byte	0x23
 420 0279 83020000 		.4byte	0x283
 421 027d 05       		.uleb128 0x5
 422 027e 03       		.byte	0x3
 423 027f 00000000 		.4byte	RTE_cyclicActivationTable_tsk_control
 424 0283 18       		.uleb128 0x18
ARM GAS  C:\Users\MATEOC~1.QUE\AppData\Local\Temp\ccv3tSXX.s 			page 10


 425 0284 56020000 		.4byte	0x256
 426 0288 19       		.uleb128 0x19
 427 0289 9A010000 		.4byte	.LASF41
 428 028d 01       		.byte	0x1
 429 028e 25       		.byte	0x25
 430 028f 99020000 		.4byte	0x299
 431 0293 05       		.uleb128 0x5
 432 0294 03       		.byte	0x3
 433 0295 00000000 		.4byte	RTE_cyclicActivation_tsk_control_size
 434 0299 18       		.uleb128 0x18
 435 029a 8C000000 		.4byte	0x8c
 436 029e 16       		.uleb128 0x16
 437 029f AE020000 		.4byte	0x2ae
 438 02a3 AE020000 		.4byte	0x2ae
 439 02a7 1A       		.uleb128 0x1a
 440 02a8 C9000000 		.4byte	0xc9
 441 02ac 00       		.byte	0
 442 02ad 00       		.byte	0
 443 02ae 18       		.uleb128 0x18
 444 02af 87010000 		.4byte	0x187
 445 02b3 19       		.uleb128 0x19
 446 02b4 B4000000 		.4byte	.LASF42
 447 02b8 01       		.byte	0x1
 448 02b9 28       		.byte	0x28
 449 02ba C4020000 		.4byte	0x2c4
 450 02be 05       		.uleb128 0x5
 451 02bf 03       		.byte	0x3
 452 02c0 00000000 		.4byte	RTE_eventActivationTable_tsk_control
 453 02c4 18       		.uleb128 0x18
 454 02c5 9E020000 		.4byte	0x29e
 455 02c9 19       		.uleb128 0x19
 456 02ca 62000000 		.4byte	.LASF43
 457 02ce 01       		.byte	0x1
 458 02cf 2B       		.byte	0x2b
 459 02d0 99020000 		.4byte	0x299
 460 02d4 05       		.uleb128 0x5
 461 02d5 03       		.byte	0x3
 462 02d6 00000000 		.4byte	RTE_eventActivation_tsk_control_size
 463 02da 1B       		.uleb128 0x1b
 464 02db 29000000 		.4byte	.LASF44
 465 02df 29000000 		.4byte	.LASF44
 466 02e3 0D       		.byte	0xd
 467 02e4 5901     		.2byte	0x159
 468 02e6 1B       		.uleb128 0x1b
 469 02e7 A8030000 		.4byte	.LASF45
 470 02eb A8030000 		.4byte	.LASF45
 471 02ef 0D       		.byte	0xd
 472 02f0 5401     		.2byte	0x154
 473 02f2 1B       		.uleb128 0x1b
 474 02f3 17020000 		.4byte	.LASF46
 475 02f7 17020000 		.4byte	.LASF46
 476 02fb 0D       		.byte	0xd
 477 02fc 4F01     		.2byte	0x14f
 478 02fe 1C       		.uleb128 0x1c
 479 02ff C3020000 		.4byte	.LASF47
 480 0303 C3020000 		.4byte	.LASF47
 481 0307 08       		.byte	0x8
ARM GAS  C:\Users\MATEOC~1.QUE\AppData\Local\Temp\ccv3tSXX.s 			page 11


 482 0308 97       		.byte	0x97
 483 0309 00       		.byte	0
 484              		.section	.debug_abbrev,"",%progbits
 485              	.Ldebug_abbrev0:
 486 0000 01       		.uleb128 0x1
 487 0001 11       		.uleb128 0x11
 488 0002 01       		.byte	0x1
 489 0003 25       		.uleb128 0x25
 490 0004 0E       		.uleb128 0xe
 491 0005 13       		.uleb128 0x13
 492 0006 0B       		.uleb128 0xb
 493 0007 03       		.uleb128 0x3
 494 0008 0E       		.uleb128 0xe
 495 0009 1B       		.uleb128 0x1b
 496 000a 0E       		.uleb128 0xe
 497 000b 55       		.uleb128 0x55
 498 000c 17       		.uleb128 0x17
 499 000d 11       		.uleb128 0x11
 500 000e 01       		.uleb128 0x1
 501 000f 10       		.uleb128 0x10
 502 0010 17       		.uleb128 0x17
 503 0011 00       		.byte	0
 504 0012 00       		.byte	0
 505 0013 02       		.uleb128 0x2
 506 0014 24       		.uleb128 0x24
 507 0015 00       		.byte	0
 508 0016 0B       		.uleb128 0xb
 509 0017 0B       		.uleb128 0xb
 510 0018 3E       		.uleb128 0x3e
 511 0019 0B       		.uleb128 0xb
 512 001a 03       		.uleb128 0x3
 513 001b 0E       		.uleb128 0xe
 514 001c 00       		.byte	0
 515 001d 00       		.byte	0
 516 001e 03       		.uleb128 0x3
 517 001f 16       		.uleb128 0x16
 518 0020 00       		.byte	0
 519 0021 03       		.uleb128 0x3
 520 0022 0E       		.uleb128 0xe
 521 0023 3A       		.uleb128 0x3a
 522 0024 0B       		.uleb128 0xb
 523 0025 3B       		.uleb128 0x3b
 524 0026 0B       		.uleb128 0xb
 525 0027 49       		.uleb128 0x49
 526 0028 13       		.uleb128 0x13
 527 0029 00       		.byte	0
 528 002a 00       		.byte	0
 529 002b 04       		.uleb128 0x4
 530 002c 24       		.uleb128 0x24
 531 002d 00       		.byte	0
 532 002e 0B       		.uleb128 0xb
 533 002f 0B       		.uleb128 0xb
 534 0030 3E       		.uleb128 0x3e
 535 0031 0B       		.uleb128 0xb
 536 0032 03       		.uleb128 0x3
 537 0033 08       		.uleb128 0x8
 538 0034 00       		.byte	0
ARM GAS  C:\Users\MATEOC~1.QUE\AppData\Local\Temp\ccv3tSXX.s 			page 12


 539 0035 00       		.byte	0
 540 0036 05       		.uleb128 0x5
 541 0037 16       		.uleb128 0x16
 542 0038 00       		.byte	0
 543 0039 03       		.uleb128 0x3
 544 003a 0E       		.uleb128 0xe
 545 003b 3A       		.uleb128 0x3a
 546 003c 0B       		.uleb128 0xb
 547 003d 3B       		.uleb128 0x3b
 548 003e 05       		.uleb128 0x5
 549 003f 49       		.uleb128 0x49
 550 0040 13       		.uleb128 0x13
 551 0041 00       		.byte	0
 552 0042 00       		.byte	0
 553 0043 06       		.uleb128 0x6
 554 0044 0F       		.uleb128 0xf
 555 0045 00       		.byte	0
 556 0046 0B       		.uleb128 0xb
 557 0047 0B       		.uleb128 0xb
 558 0048 49       		.uleb128 0x49
 559 0049 13       		.uleb128 0x13
 560 004a 00       		.byte	0
 561 004b 00       		.byte	0
 562 004c 07       		.uleb128 0x7
 563 004d 15       		.uleb128 0x15
 564 004e 01       		.byte	0x1
 565 004f 27       		.uleb128 0x27
 566 0050 19       		.uleb128 0x19
 567 0051 01       		.uleb128 0x1
 568 0052 13       		.uleb128 0x13
 569 0053 00       		.byte	0
 570 0054 00       		.byte	0
 571 0055 08       		.uleb128 0x8
 572 0056 05       		.uleb128 0x5
 573 0057 00       		.byte	0
 574 0058 49       		.uleb128 0x49
 575 0059 13       		.uleb128 0x13
 576 005a 00       		.byte	0
 577 005b 00       		.byte	0
 578 005c 09       		.uleb128 0x9
 579 005d 13       		.uleb128 0x13
 580 005e 01       		.byte	0x1
 581 005f 0B       		.uleb128 0xb
 582 0060 0B       		.uleb128 0xb
 583 0061 3A       		.uleb128 0x3a
 584 0062 0B       		.uleb128 0xb
 585 0063 3B       		.uleb128 0x3b
 586 0064 0B       		.uleb128 0xb
 587 0065 01       		.uleb128 0x1
 588 0066 13       		.uleb128 0x13
 589 0067 00       		.byte	0
 590 0068 00       		.byte	0
 591 0069 0A       		.uleb128 0xa
 592 006a 0D       		.uleb128 0xd
 593 006b 00       		.byte	0
 594 006c 03       		.uleb128 0x3
 595 006d 08       		.uleb128 0x8
ARM GAS  C:\Users\MATEOC~1.QUE\AppData\Local\Temp\ccv3tSXX.s 			page 13


 596 006e 3A       		.uleb128 0x3a
 597 006f 0B       		.uleb128 0xb
 598 0070 3B       		.uleb128 0x3b
 599 0071 0B       		.uleb128 0xb
 600 0072 49       		.uleb128 0x49
 601 0073 13       		.uleb128 0x13
 602 0074 38       		.uleb128 0x38
 603 0075 0B       		.uleb128 0xb
 604 0076 00       		.byte	0
 605 0077 00       		.byte	0
 606 0078 0B       		.uleb128 0xb
 607 0079 0D       		.uleb128 0xd
 608 007a 00       		.byte	0
 609 007b 03       		.uleb128 0x3
 610 007c 0E       		.uleb128 0xe
 611 007d 3A       		.uleb128 0x3a
 612 007e 0B       		.uleb128 0xb
 613 007f 3B       		.uleb128 0x3b
 614 0080 0B       		.uleb128 0xb
 615 0081 49       		.uleb128 0x49
 616 0082 13       		.uleb128 0x13
 617 0083 38       		.uleb128 0x38
 618 0084 0B       		.uleb128 0xb
 619 0085 00       		.byte	0
 620 0086 00       		.byte	0
 621 0087 0C       		.uleb128 0xc
 622 0088 2E       		.uleb128 0x2e
 623 0089 01       		.byte	0x1
 624 008a 3F       		.uleb128 0x3f
 625 008b 19       		.uleb128 0x19
 626 008c 03       		.uleb128 0x3
 627 008d 0E       		.uleb128 0xe
 628 008e 3A       		.uleb128 0x3a
 629 008f 0B       		.uleb128 0xb
 630 0090 3B       		.uleb128 0x3b
 631 0091 0B       		.uleb128 0xb
 632 0092 27       		.uleb128 0x27
 633 0093 19       		.uleb128 0x19
 634 0094 8701     		.uleb128 0x87
 635 0096 19       		.uleb128 0x19
 636 0097 11       		.uleb128 0x11
 637 0098 01       		.uleb128 0x1
 638 0099 12       		.uleb128 0x12
 639 009a 06       		.uleb128 0x6
 640 009b 40       		.uleb128 0x40
 641 009c 18       		.uleb128 0x18
 642 009d 9742     		.uleb128 0x2117
 643 009f 19       		.uleb128 0x19
 644 00a0 01       		.uleb128 0x1
 645 00a1 13       		.uleb128 0x13
 646 00a2 00       		.byte	0
 647 00a3 00       		.byte	0
 648 00a4 0D       		.uleb128 0xd
 649 00a5 34       		.uleb128 0x34
 650 00a6 00       		.byte	0
 651 00a7 03       		.uleb128 0x3
 652 00a8 0E       		.uleb128 0xe
ARM GAS  C:\Users\MATEOC~1.QUE\AppData\Local\Temp\ccv3tSXX.s 			page 14


 653 00a9 3A       		.uleb128 0x3a
 654 00aa 0B       		.uleb128 0xb
 655 00ab 3B       		.uleb128 0x3b
 656 00ac 0B       		.uleb128 0xb
 657 00ad 49       		.uleb128 0x49
 658 00ae 13       		.uleb128 0x13
 659 00af 1C       		.uleb128 0x1c
 660 00b0 0B       		.uleb128 0xb
 661 00b1 00       		.byte	0
 662 00b2 00       		.byte	0
 663 00b3 0E       		.uleb128 0xe
 664 00b4 34       		.uleb128 0x34
 665 00b5 00       		.byte	0
 666 00b6 03       		.uleb128 0x3
 667 00b7 08       		.uleb128 0x8
 668 00b8 3A       		.uleb128 0x3a
 669 00b9 0B       		.uleb128 0xb
 670 00ba 3B       		.uleb128 0x3b
 671 00bb 0B       		.uleb128 0xb
 672 00bc 49       		.uleb128 0x49
 673 00bd 13       		.uleb128 0x13
 674 00be 02       		.uleb128 0x2
 675 00bf 18       		.uleb128 0x18
 676 00c0 00       		.byte	0
 677 00c1 00       		.byte	0
 678 00c2 0F       		.uleb128 0xf
 679 00c3 898201   		.uleb128 0x4109
 680 00c6 01       		.byte	0x1
 681 00c7 11       		.uleb128 0x11
 682 00c8 01       		.uleb128 0x1
 683 00c9 31       		.uleb128 0x31
 684 00ca 13       		.uleb128 0x13
 685 00cb 01       		.uleb128 0x1
 686 00cc 13       		.uleb128 0x13
 687 00cd 00       		.byte	0
 688 00ce 00       		.byte	0
 689 00cf 10       		.uleb128 0x10
 690 00d0 8A8201   		.uleb128 0x410a
 691 00d3 00       		.byte	0
 692 00d4 02       		.uleb128 0x2
 693 00d5 18       		.uleb128 0x18
 694 00d6 9142     		.uleb128 0x2111
 695 00d8 18       		.uleb128 0x18
 696 00d9 00       		.byte	0
 697 00da 00       		.byte	0
 698 00db 11       		.uleb128 0x11
 699 00dc 898201   		.uleb128 0x4109
 700 00df 00       		.byte	0
 701 00e0 11       		.uleb128 0x11
 702 00e1 01       		.uleb128 0x1
 703 00e2 31       		.uleb128 0x31
 704 00e3 13       		.uleb128 0x13
 705 00e4 00       		.byte	0
 706 00e5 00       		.byte	0
 707 00e6 12       		.uleb128 0x12
 708 00e7 898201   		.uleb128 0x4109
 709 00ea 01       		.byte	0x1
ARM GAS  C:\Users\MATEOC~1.QUE\AppData\Local\Temp\ccv3tSXX.s 			page 15


 710 00eb 11       		.uleb128 0x11
 711 00ec 01       		.uleb128 0x1
 712 00ed 31       		.uleb128 0x31
 713 00ee 13       		.uleb128 0x13
 714 00ef 00       		.byte	0
 715 00f0 00       		.byte	0
 716 00f1 13       		.uleb128 0x13
 717 00f2 34       		.uleb128 0x34
 718 00f3 00       		.byte	0
 719 00f4 03       		.uleb128 0x3
 720 00f5 0E       		.uleb128 0xe
 721 00f6 3A       		.uleb128 0x3a
 722 00f7 0B       		.uleb128 0xb
 723 00f8 3B       		.uleb128 0x3b
 724 00f9 0B       		.uleb128 0xb
 725 00fa 49       		.uleb128 0x49
 726 00fb 13       		.uleb128 0x13
 727 00fc 3F       		.uleb128 0x3f
 728 00fd 19       		.uleb128 0x19
 729 00fe 3C       		.uleb128 0x3c
 730 00ff 19       		.uleb128 0x19
 731 0100 00       		.byte	0
 732 0101 00       		.byte	0
 733 0102 14       		.uleb128 0x14
 734 0103 34       		.uleb128 0x34
 735 0104 00       		.byte	0
 736 0105 03       		.uleb128 0x3
 737 0106 0E       		.uleb128 0xe
 738 0107 3A       		.uleb128 0x3a
 739 0108 0B       		.uleb128 0xb
 740 0109 3B       		.uleb128 0x3b
 741 010a 05       		.uleb128 0x5
 742 010b 49       		.uleb128 0x49
 743 010c 13       		.uleb128 0x13
 744 010d 3F       		.uleb128 0x3f
 745 010e 19       		.uleb128 0x19
 746 010f 3C       		.uleb128 0x3c
 747 0110 19       		.uleb128 0x19
 748 0111 00       		.byte	0
 749 0112 00       		.byte	0
 750 0113 15       		.uleb128 0x15
 751 0114 35       		.uleb128 0x35
 752 0115 00       		.byte	0
 753 0116 49       		.uleb128 0x49
 754 0117 13       		.uleb128 0x13
 755 0118 00       		.byte	0
 756 0119 00       		.byte	0
 757 011a 16       		.uleb128 0x16
 758 011b 01       		.uleb128 0x1
 759 011c 01       		.byte	0x1
 760 011d 49       		.uleb128 0x49
 761 011e 13       		.uleb128 0x13
 762 011f 01       		.uleb128 0x1
 763 0120 13       		.uleb128 0x13
 764 0121 00       		.byte	0
 765 0122 00       		.byte	0
 766 0123 17       		.uleb128 0x17
ARM GAS  C:\Users\MATEOC~1.QUE\AppData\Local\Temp\ccv3tSXX.s 			page 16


 767 0124 21       		.uleb128 0x21
 768 0125 00       		.byte	0
 769 0126 49       		.uleb128 0x49
 770 0127 13       		.uleb128 0x13
 771 0128 2F       		.uleb128 0x2f
 772 0129 0D       		.uleb128 0xd
 773 012a 00       		.byte	0
 774 012b 00       		.byte	0
 775 012c 18       		.uleb128 0x18
 776 012d 26       		.uleb128 0x26
 777 012e 00       		.byte	0
 778 012f 49       		.uleb128 0x49
 779 0130 13       		.uleb128 0x13
 780 0131 00       		.byte	0
 781 0132 00       		.byte	0
 782 0133 19       		.uleb128 0x19
 783 0134 34       		.uleb128 0x34
 784 0135 00       		.byte	0
 785 0136 03       		.uleb128 0x3
 786 0137 0E       		.uleb128 0xe
 787 0138 3A       		.uleb128 0x3a
 788 0139 0B       		.uleb128 0xb
 789 013a 3B       		.uleb128 0x3b
 790 013b 0B       		.uleb128 0xb
 791 013c 49       		.uleb128 0x49
 792 013d 13       		.uleb128 0x13
 793 013e 3F       		.uleb128 0x3f
 794 013f 19       		.uleb128 0x19
 795 0140 02       		.uleb128 0x2
 796 0141 18       		.uleb128 0x18
 797 0142 00       		.byte	0
 798 0143 00       		.byte	0
 799 0144 1A       		.uleb128 0x1a
 800 0145 21       		.uleb128 0x21
 801 0146 00       		.byte	0
 802 0147 49       		.uleb128 0x49
 803 0148 13       		.uleb128 0x13
 804 0149 2F       		.uleb128 0x2f
 805 014a 0B       		.uleb128 0xb
 806 014b 00       		.byte	0
 807 014c 00       		.byte	0
 808 014d 1B       		.uleb128 0x1b
 809 014e 2E       		.uleb128 0x2e
 810 014f 00       		.byte	0
 811 0150 3F       		.uleb128 0x3f
 812 0151 19       		.uleb128 0x19
 813 0152 3C       		.uleb128 0x3c
 814 0153 19       		.uleb128 0x19
 815 0154 6E       		.uleb128 0x6e
 816 0155 0E       		.uleb128 0xe
 817 0156 03       		.uleb128 0x3
 818 0157 0E       		.uleb128 0xe
 819 0158 3A       		.uleb128 0x3a
 820 0159 0B       		.uleb128 0xb
 821 015a 3B       		.uleb128 0x3b
 822 015b 05       		.uleb128 0x5
 823 015c 00       		.byte	0
ARM GAS  C:\Users\MATEOC~1.QUE\AppData\Local\Temp\ccv3tSXX.s 			page 17


 824 015d 00       		.byte	0
 825 015e 1C       		.uleb128 0x1c
 826 015f 2E       		.uleb128 0x2e
 827 0160 00       		.byte	0
 828 0161 3F       		.uleb128 0x3f
 829 0162 19       		.uleb128 0x19
 830 0163 3C       		.uleb128 0x3c
 831 0164 19       		.uleb128 0x19
 832 0165 6E       		.uleb128 0x6e
 833 0166 0E       		.uleb128 0xe
 834 0167 03       		.uleb128 0x3
 835 0168 0E       		.uleb128 0xe
 836 0169 3A       		.uleb128 0x3a
 837 016a 0B       		.uleb128 0xb
 838 016b 3B       		.uleb128 0x3b
 839 016c 0B       		.uleb128 0xb
 840 016d 00       		.byte	0
 841 016e 00       		.byte	0
 842 016f 00       		.byte	0
 843              		.section	.debug_aranges,"",%progbits
 844 0000 1C000000 		.4byte	0x1c
 845 0004 0200     		.2byte	0x2
 846 0006 00000000 		.4byte	.Ldebug_info0
 847 000a 04       		.byte	0x4
 848 000b 00       		.byte	0
 849 000c 0000     		.2byte	0
 850 000e 0000     		.2byte	0
 851 0010 00000000 		.4byte	.LFB110
 852 0014 2C000000 		.4byte	.LFE110-.LFB110
 853 0018 00000000 		.4byte	0
 854 001c 00000000 		.4byte	0
 855              		.section	.debug_ranges,"",%progbits
 856              	.Ldebug_ranges0:
 857 0000 00000000 		.4byte	.LFB110
 858 0004 2C000000 		.4byte	.LFE110
 859 0008 00000000 		.4byte	0
 860 000c 00000000 		.4byte	0
 861              		.section	.debug_line,"",%progbits
 862              	.Ldebug_line0:
 863 0000 6E020000 		.section	.debug_str,"MS",%progbits,1
 863      02005202 
 863      00000201 
 863      FB0E0D00 
 863      01010101 
 864              	.LASF36:
 865 0000 45455F73 		.ascii	"EE_std_endcycle_next_tid\000"
 865      74645F65 
 865      6E646379 
 865      636C655F 
 865      6E657874 
 866              	.LASF51:
 867 0019 46756E63 		.ascii	"Functsk_control\000"
 867      74736B5F 
 867      636F6E74 
 867      726F6C00 
 868              	.LASF44:
 869 0029 45455F6F 		.ascii	"EE_oo_WaitEvent\000"
ARM GAS  C:\Users\MATEOC~1.QUE\AppData\Local\Temp\ccv3tSXX.s 			page 18


 869      6F5F5761 
 869      69744576 
 869      656E7400 
 870              	.LASF31:
 871 0039 5254455F 		.ascii	"RTE_eventTable_t\000"
 871      6576656E 
 871      74546162 
 871      6C655F74 
 871      00
 872              	.LASF5:
 873 004a 5F5F696E 		.ascii	"__int32_t\000"
 873      7433325F 
 873      7400
 874              	.LASF25:
 875 0054 4576656E 		.ascii	"EventMaskType\000"
 875      744D6173 
 875      6B547970 
 875      6500
 876              	.LASF43:
 877 0062 5254455F 		.ascii	"RTE_eventActivation_tsk_control_size\000"
 877      6576656E 
 877      74416374 
 877      69766174 
 877      696F6E5F 
 878              	.LASF16:
 879 0087 646F7562 		.ascii	"double\000"
 879      6C6500
 880              	.LASF34:
 881 008e 45455F6F 		.ascii	"EE_oo_IRQ_suspend_status\000"
 881      6F5F4952 
 881      515F7375 
 881      7370656E 
 881      645F7374 
 882              	.LASF24:
 883 00a7 45455F54 		.ascii	"EE_TID\000"
 883      494400
 884              	.LASF15:
 885 00ae 666C6F61 		.ascii	"float\000"
 885      7400
 886              	.LASF42:
 887 00b4 5254455F 		.ascii	"RTE_eventActivationTable_tsk_control\000"
 887      6576656E 
 887      74416374 
 887      69766174 
 887      696F6E54 
 888              	.LASF28:
 889 00d9 6379636C 		.ascii	"cycleTime\000"
 889      6554696D 
 889      6500
 890              	.LASF1:
 891 00e3 756E7369 		.ascii	"unsigned char\000"
 891      676E6564 
 891      20636861 
 891      7200
 892              	.LASF48:
 893 00f1 474E5520 		.ascii	"GNU C11 5.4.1 20160609 (release) [ARM/embedded-5-br"
 893      43313120 
ARM GAS  C:\Users\MATEOC~1.QUE\AppData\Local\Temp\ccv3tSXX.s 			page 19


 893      352E342E 
 893      31203230 
 893      31363036 
 894 0124 616E6368 		.ascii	"anch revision 237715] -mcpu=cortex-m3 -mthumb -g -O"
 894      20726576 
 894      6973696F 
 894      6E203233 
 894      37373135 
 895 0157 67202D66 		.ascii	"g -ffunction-sections -ffat-lto-objects\000"
 895      66756E63 
 895      74696F6E 
 895      2D736563 
 895      74696F6E 
 896              	.LASF20:
 897 017f 45455F49 		.ascii	"EE_INT32\000"
 897      4E543332 
 897      00
 898              	.LASF8:
 899 0188 6C6F6E67 		.ascii	"long unsigned int\000"
 899      20756E73 
 899      69676E65 
 899      6420696E 
 899      7400
 900              	.LASF41:
 901 019a 5254455F 		.ascii	"RTE_cyclicActivation_tsk_control_size\000"
 901      6379636C 
 901      69634163 
 901      74697661 
 901      74696F6E 
 902              	.LASF3:
 903 01c0 73686F72 		.ascii	"short unsigned int\000"
 903      7420756E 
 903      7369676E 
 903      65642069 
 903      6E7400
 904              	.LASF33:
 905 01d3 45455F6F 		.ascii	"EE_oo_IRQ_disable_count\000"
 905      6F5F4952 
 905      515F6469 
 905      7361626C 
 905      655F636F 
 906              	.LASF38:
 907 01eb 49544D5F 		.ascii	"ITM_RxBuffer\000"
 907      52784275 
 907      66666572 
 907      00
 908              	.LASF4:
 909 01f8 5F5F7569 		.ascii	"__uint16_t\000"
 909      6E743136 
 909      5F7400
 910              	.LASF26:
 911 0203 5254455F 		.ascii	"RTE_event\000"
 911      6576656E 
 911      7400
 912              	.LASF39:
 913 020d 7373697A 		.ascii	"ssizetype\000"
 913      65747970 
ARM GAS  C:\Users\MATEOC~1.QUE\AppData\Local\Temp\ccv3tSXX.s 			page 20


 913      6500
 914              	.LASF46:
 915 0217 45455F6F 		.ascii	"EE_oo_ClearEvent\000"
 915      6F5F436C 
 915      65617245 
 915      76656E74 
 915      00
 916              	.LASF7:
 917 0228 5F5F7569 		.ascii	"__uint32_t\000"
 917      6E743332 
 917      5F7400
 918              	.LASF40:
 919 0233 5254455F 		.ascii	"RTE_cyclicActivationTable_tsk_control\000"
 919      6379636C 
 919      69634163 
 919      74697661 
 919      74696F6E 
 920              	.LASF30:
 921 0259 6576656E 		.ascii	"event\000"
 921      7400
 922              	.LASF29:
 923 025f 5254455F 		.ascii	"RTE_cyclicTable_t\000"
 923      6379636C 
 923      69635461 
 923      626C655F 
 923      7400
 924              	.LASF11:
 925 0271 756E7369 		.ascii	"unsigned int\000"
 925      676E6564 
 925      20696E74 
 925      00
 926              	.LASF23:
 927 027e 45455F46 		.ascii	"EE_FREG\000"
 927      52454700 
 928              	.LASF21:
 929 0286 45455F55 		.ascii	"EE_UINT32\000"
 929      494E5433 
 929      3200
 930              	.LASF32:
 931 0290 7469636B 		.ascii	"ticktime\000"
 931      74696D65 
 931      00
 932              	.LASF10:
 933 0299 6C6F6E67 		.ascii	"long long unsigned int\000"
 933      206C6F6E 
 933      6720756E 
 933      7369676E 
 933      65642069 
 934              	.LASF35:
 935 02b0 45455F41 		.ascii	"EE_ApplicationMode\000"
 935      70706C69 
 935      63617469 
 935      6F6E4D6F 
 935      646500
 936              	.LASF47:
 937 02c3 5254455F 		.ascii	"RTE_ProcessEventTable\000"
 937      50726F63 
ARM GAS  C:\Users\MATEOC~1.QUE\AppData\Local\Temp\ccv3tSXX.s 			page 21


 937      65737345 
 937      76656E74 
 937      5461626C 
 938              	.LASF13:
 939 02d9 696E7433 		.ascii	"int32_t\000"
 939      325F7400 
 940              	.LASF19:
 941 02e1 73697A65 		.ascii	"sizetype\000"
 941      74797065 
 941      00
 942              	.LASF9:
 943 02ea 6C6F6E67 		.ascii	"long long int\000"
 943      206C6F6E 
 943      6720696E 
 943      7400
 944              	.LASF17:
 945 02f8 63686172 		.ascii	"char\000"
 945      00
 946              	.LASF22:
 947 02fd 45455F55 		.ascii	"EE_UREG\000"
 947      52454700 
 948              	.LASF37:
 949 0305 45455F49 		.ascii	"EE_IRQ_nesting_level\000"
 949      52515F6E 
 949      65737469 
 949      6E675F6C 
 949      6576656C 
 950              	.LASF2:
 951 031a 73686F72 		.ascii	"short int\000"
 951      7420696E 
 951      7400
 952              	.LASF12:
 953 0324 75696E74 		.ascii	"uint16_t\000"
 953      31365F74 
 953      00
 954              	.LASF50:
 955 032d 433A5C55 		.ascii	"C:\\Users\\Mateo C. Querol\\Desktop\\EAA\\LABS\\Ele"
 955      73657273 
 955      5C4D6174 
 955      656F2043 
 955      2E205175 
 956 035a 6374726F 		.ascii	"ctronicGasPedal.cydsn\000"
 956      6E696347 
 956      61735065 
 956      64616C2E 
 956      63796473 
 957              	.LASF14:
 958 0370 75696E74 		.ascii	"uint32_t\000"
 958      33325F74 
 958      00
 959              	.LASF6:
 960 0379 6C6F6E67 		.ascii	"long int\000"
 960      20696E74 
 960      00
 961              	.LASF18:
 962 0382 6C6F6E67 		.ascii	"long double\000"
 962      20646F75 
ARM GAS  C:\Users\MATEOC~1.QUE\AppData\Local\Temp\ccv3tSXX.s 			page 22


 962      626C6500 
 963              	.LASF0:
 964 038e 7369676E 		.ascii	"signed char\000"
 964      65642063 
 964      68617200 
 965              	.LASF27:
 966 039a 5254455F 		.ascii	"RTE_pRunnable\000"
 966      7052756E 
 966      6E61626C 
 966      6500
 967              	.LASF45:
 968 03a8 45455F6F 		.ascii	"EE_oo_GetEvent\000"
 968      6F5F4765 
 968      74457665 
 968      6E7400
 969              	.LASF49:
 970 03b7 736F7572 		.ascii	"source\\asw\\tsk_control.c\000"
 970      63655C61 
 970      73775C74 
 970      736B5F63 
 970      6F6E7472 
 971              		.ident	"GCC: (GNU Tools for ARM Embedded Processors) 5.4.1 20160609 (release) [ARM/embedded-5-bran
