ARM GAS  C:\Users\MATEOC~1.QUE\AppData\Local\Temp\cc9NO0hb.s 			page 1


   1              		.syntax unified
   2              		.cpu cortex-m3
   3              		.fpu softvfp
   4              		.eabi_attribute 20, 1
   5              		.eabi_attribute 21, 1
   6              		.eabi_attribute 23, 3
   7              		.eabi_attribute 24, 1
   8              		.eabi_attribute 25, 1
   9              		.eabi_attribute 26, 1
  10              		.eabi_attribute 30, 1
  11              		.eabi_attribute 34, 1
  12              		.eabi_attribute 18, 4
  13              		.thumb
  14              		.syntax unified
  15              		.file	"tsk_io.c"
  16              		.text
  17              	.Ltext0:
  18              		.cfi_sections	.debug_frame
  19              		.section	.text.Functsk_io,"ax",%progbits
  20              		.align	2
  21              		.global	Functsk_io
  22              		.thumb
  23              		.thumb_func
  24              		.type	Functsk_io, %function
  25              	Functsk_io:
  26              	.LFB110:
  27              		.file 1 "source\\asw\\tsk_io.c"
   1:source\asw/tsk_io.c **** 
   2:source\asw/tsk_io.c **** 
   3:source\asw/tsk_io.c **** /*
   4:source\asw/tsk_io.c ****  * Filename: tsk_io.c
   5:source\asw/tsk_io.c ****  *
   6:source\asw/tsk_io.c ****  * Author: Autogenerated by H-DA RTE Generator, (c) Prof. Fromm
   7:source\asw/tsk_io.c ****  */
   8:source\asw/tsk_io.c **** 
   9:source\asw/tsk_io.c **** #include "project.h"
  10:source\asw/tsk_io.c **** #include "global.h"
  11:source\asw/tsk_io.c **** #include "rte.h"
  12:source\asw/tsk_io.c **** #include "rte_types.h"
  13:source\asw/tsk_io.c **** #include "tsk_io.h"
  14:source\asw/tsk_io.c **** 
  15:source\asw/tsk_io.c **** 
  16:source\asw/tsk_io.c **** 
  17:source\asw/tsk_io.c **** /* USER CODE START TSK_IO_INCLUDE */
  18:source\asw/tsk_io.c **** 
  19:source\asw/tsk_io.c **** /* USER CODE END TSK_IO_INCLUDE */
  20:source\asw/tsk_io.c **** 
  21:source\asw/tsk_io.c **** #include "swc_joystick.h"
  22:source\asw/tsk_io.c **** #include "swc_engine.h"
  23:source\asw/tsk_io.c **** 
  24:source\asw/tsk_io.c **** 
  25:source\asw/tsk_io.c **** 
  26:source\asw/tsk_io.c **** /* USER CODE START TSK_IO_USERDEFINITIONS */
  27:source\asw/tsk_io.c **** 
  28:source\asw/tsk_io.c **** /* USER CODE END TSK_IO_USERDEFINITIONS */
  29:source\asw/tsk_io.c **** 
  30:source\asw/tsk_io.c **** /*******************************************************************************
ARM GAS  C:\Users\MATEOC~1.QUE\AppData\Local\Temp\cc9NO0hb.s 			page 2


  31:source\asw/tsk_io.c ****  * Runnable Tables from Activation Engine
  32:source\asw/tsk_io.c ****  *******************************************************************************/
  33:source\asw/tsk_io.c **** 
  34:source\asw/tsk_io.c **** /* Cyclic Table */
  35:source\asw/tsk_io.c **** 
  36:source\asw/tsk_io.c **** const RTE_cyclicTable_t RTE_cyclicActivationTable_tsk_io[] = {
  37:source\asw/tsk_io.c **** 	{ JOYSTICK_readJoystick_run, 10 },	//Runnable for the incoming joystick x and y values
  38:source\asw/tsk_io.c **** 	{ ENGINE_setEngine_run, 100 },	//Runnable which sets the speed of the engine
  39:source\asw/tsk_io.c **** };
  40:source\asw/tsk_io.c **** const uint16_t RTE_cyclicActivation_tsk_io_size = sizeof (RTE_cyclicActivationTable_tsk_io) / sizeo
  41:source\asw/tsk_io.c **** 
  42:source\asw/tsk_io.c **** 
  43:source\asw/tsk_io.c **** /*******************************************************************************
  44:source\asw/tsk_io.c ****  * Task Body
  45:source\asw/tsk_io.c ****  *******************************************************************************/
  46:source\asw/tsk_io.c **** 
  47:source\asw/tsk_io.c **** 
  48:source\asw/tsk_io.c **** /*
  49:source\asw/tsk_io.c **** * description: Task contains all IO operations (joystick and engine runnables)
  50:source\asw/tsk_io.c **** * events: ev_targetspeed_onData
  51:source\asw/tsk_io.c **** * mode: Cyclic
  52:source\asw/tsk_io.c **** * name: tsk_io
  53:source\asw/tsk_io.c **** * shortname: io
  54:source\asw/tsk_io.c **** * signalpoolsRO: sp_common
  55:source\asw/tsk_io.c **** * signalpoolsRW: sp_common
  56:source\asw/tsk_io.c **** * tickEvent: 0
  57:source\asw/tsk_io.c **** * timertickperiod: 1
  58:source\asw/tsk_io.c **** */
  59:source\asw/tsk_io.c **** TASK(tsk_io)
  60:source\asw/tsk_io.c **** {
  28              		.loc 1 60 0
  29              		.cfi_startproc
  30              		@ args = 0, pretend = 0, frame = 0
  31              		@ frame_needed = 0, uses_anonymous_args = 0
  32 0000 10B5     		push	{r4, lr}
  33              		.cfi_def_cfa_offset 8
  34              		.cfi_offset 4, -8
  35              		.cfi_offset 14, -4
  61:source\asw/tsk_io.c **** 	/* ticktime of the task */
  62:source\asw/tsk_io.c **** 	static uint32_t ticktime = 0;
  63:source\asw/tsk_io.c **** 
  64:source\asw/tsk_io.c **** 	/* USER CODE START TSK_IO_TASKBOBY_PRE */
  65:source\asw/tsk_io.c **** 
  66:source\asw/tsk_io.c **** 	/* USER CODE END TSK_IO_TASKBODY_PRE */
  67:source\asw/tsk_io.c ****     
  68:source\asw/tsk_io.c ****     //Process all cyclic runnables which are due
  69:source\asw/tsk_io.c ****     RTE_ProcessCyclicTable(RTE_cyclicActivationTable_tsk_io, RTE_cyclicActivation_tsk_io_size, tick
  36              		.loc 1 69 0
  37 0002 074C     		ldr	r4, .L4
  38 0004 2268     		ldr	r2, [r4]
  39 0006 0221     		movs	r1, #2
  40 0008 0648     		ldr	r0, .L4+4
  41 000a FFF7FEFF 		bl	RTE_ProcessCyclicTable
  42              	.LVL0:
  70:source\asw/tsk_io.c **** 	
  71:source\asw/tsk_io.c **** 	/* USER CODE START TSK_IO_TASKBODY_POST */
  72:source\asw/tsk_io.c **** 
ARM GAS  C:\Users\MATEOC~1.QUE\AppData\Local\Temp\cc9NO0hb.s 			page 3


  73:source\asw/tsk_io.c **** 	/* USER CODE END TSK_IO_TASKBODY_POST */
  74:source\asw/tsk_io.c **** 
  75:source\asw/tsk_io.c **** 	ticktime += 1;
  43              		.loc 1 75 0
  44 000e 2368     		ldr	r3, [r4]
  45 0010 0133     		adds	r3, r3, #1
  46 0012 2360     		str	r3, [r4]
  76:source\asw/tsk_io.c **** 	if (ticktime > 0xFFFFFF00) ticktime = 0;
  47              		.loc 1 76 0
  48 0014 13F5807F 		cmn	r3, #256
  49 0018 01D9     		bls	.L1
  50              		.loc 1 76 0 is_stmt 0 discriminator 1
  51 001a 0022     		movs	r2, #0
  52 001c 2260     		str	r2, [r4]
  53              	.L1:
  54 001e 10BD     		pop	{r4, pc}
  55              	.L5:
  56              		.align	2
  57              	.L4:
  58 0020 00000000 		.word	.LANCHOR0
  59 0024 00000000 		.word	.LANCHOR1
  60              		.cfi_endproc
  61              	.LFE110:
  62              		.size	Functsk_io, .-Functsk_io
  63              		.global	RTE_cyclicActivation_tsk_io_size
  64              		.global	RTE_cyclicActivationTable_tsk_io
  65              		.section	.rodata
  66              		.align	2
  67              		.set	.LANCHOR1,. + 0
  68              		.type	RTE_cyclicActivationTable_tsk_io, %object
  69              		.size	RTE_cyclicActivationTable_tsk_io, 16
  70              	RTE_cyclicActivationTable_tsk_io:
  71 0000 00000000 		.word	JOYSTICK_readJoystick_run
  72 0004 0A00     		.short	10
  73 0006 0000     		.space	2
  74 0008 00000000 		.word	ENGINE_setEngine_run
  75 000c 6400     		.short	100
  76 000e 0000     		.space	2
  77              		.type	RTE_cyclicActivation_tsk_io_size, %object
  78              		.size	RTE_cyclicActivation_tsk_io_size, 2
  79              	RTE_cyclicActivation_tsk_io_size:
  80 0010 0200     		.short	2
  81              		.bss
  82              		.align	2
  83              		.set	.LANCHOR0,. + 0
  84              		.type	ticktime.7436, %object
  85              		.size	ticktime.7436, 4
  86              	ticktime.7436:
  87 0000 00000000 		.space	4
  88              		.text
  89              	.Letext0:
  90              		.file 2 "c:\\program files (x86)\\cypress\\psoc creator\\4.4\\psoc creator\\import\\gnu\\arm\\5.4.
  91              		.file 3 "c:\\program files (x86)\\cypress\\psoc creator\\4.4\\psoc creator\\import\\gnu\\arm\\5.4.
  92              		.file 4 "Generated_Source\\PSoC5/ErikaOS_common_ee_types.inc"
  93              		.file 5 "Generated_Source\\PSoC5/ErikaOS_cortex_mx_ee_cpu.inc"
  94              		.file 6 "Generated_Source\\PSoC5/ErikaOS_ee_oo_common.inc"
  95              		.file 7 ".\\source\\rte/rte_types.h"
ARM GAS  C:\Users\MATEOC~1.QUE\AppData\Local\Temp\cc9NO0hb.s 			page 4


  96              		.file 8 ".\\source\\rte/rte.h"
  97              		.file 9 "Generated_Source\\PSoC5/ErikaOS_ee_oo_intfunc.inc"
  98              		.file 10 "Generated_Source\\PSoC5/ErikaOS_cortex_mx_ee_context.inc"
  99              		.file 11 "Generated_Source\\PSoC5/ErikaOS_common_ee_primitives.inc"
 100              		.file 12 "Generated_Source\\PSoC5/core_cm3.h"
 101              		.section	.debug_info,"",%progbits
 102              	.Ldebug_info0:
 103 0000 36020000 		.4byte	0x236
 104 0004 0400     		.2byte	0x4
 105 0006 00000000 		.4byte	.Ldebug_abbrev0
 106 000a 04       		.byte	0x4
 107 000b 01       		.uleb128 0x1
 108 000c 8D000000 		.4byte	.LASF38
 109 0010 0C       		.byte	0xc
 110 0011 A5010000 		.4byte	.LASF39
 111 0015 86020000 		.4byte	.LASF40
 112 0019 00000000 		.4byte	.Ldebug_ranges0+0
 113 001d 00000000 		.4byte	0
 114 0021 00000000 		.4byte	.Ldebug_line0
 115 0025 02       		.uleb128 0x2
 116 0026 01       		.byte	0x1
 117 0027 06       		.byte	0x6
 118 0028 E7020000 		.4byte	.LASF0
 119 002c 02       		.uleb128 0x2
 120 002d 01       		.byte	0x1
 121 002e 08       		.byte	0x8
 122 002f 7F000000 		.4byte	.LASF1
 123 0033 02       		.uleb128 0x2
 124 0034 02       		.byte	0x2
 125 0035 05       		.byte	0x5
 126 0036 5B020000 		.4byte	.LASF2
 127 003a 03       		.uleb128 0x3
 128 003b 85010000 		.4byte	.LASF4
 129 003f 02       		.byte	0x2
 130 0040 2B       		.byte	0x2b
 131 0041 45000000 		.4byte	0x45
 132 0045 02       		.uleb128 0x2
 133 0046 02       		.byte	0x2
 134 0047 07       		.byte	0x7
 135 0048 36010000 		.4byte	.LASF3
 136 004c 03       		.uleb128 0x3
 137 004d 00000000 		.4byte	.LASF5
 138 0051 02       		.byte	0x2
 139 0052 3F       		.byte	0x3f
 140 0053 57000000 		.4byte	0x57
 141 0057 02       		.uleb128 0x2
 142 0058 04       		.byte	0x4
 143 0059 05       		.byte	0x5
 144 005a D2020000 		.4byte	.LASF6
 145 005e 03       		.uleb128 0x3
 146 005f 9A010000 		.4byte	.LASF7
 147 0063 02       		.byte	0x2
 148 0064 41       		.byte	0x41
 149 0065 69000000 		.4byte	0x69
 150 0069 02       		.uleb128 0x2
 151 006a 04       		.byte	0x4
 152 006b 07       		.byte	0x7
ARM GAS  C:\Users\MATEOC~1.QUE\AppData\Local\Temp\cc9NO0hb.s 			page 5


 153 006c 24010000 		.4byte	.LASF8
 154 0070 02       		.uleb128 0x2
 155 0071 08       		.byte	0x8
 156 0072 05       		.byte	0x5
 157 0073 22020000 		.4byte	.LASF9
 158 0077 02       		.uleb128 0x2
 159 0078 08       		.byte	0x8
 160 0079 07       		.byte	0x7
 161 007a 5E000000 		.4byte	.LASF10
 162 007e 04       		.uleb128 0x4
 163 007f 04       		.byte	0x4
 164 0080 05       		.byte	0x5
 165 0081 696E7400 		.ascii	"int\000"
 166 0085 02       		.uleb128 0x2
 167 0086 04       		.byte	0x4
 168 0087 07       		.byte	0x7
 169 0088 CB010000 		.4byte	.LASF11
 170 008c 03       		.uleb128 0x3
 171 008d 52020000 		.4byte	.LASF12
 172 0091 03       		.byte	0x3
 173 0092 24       		.byte	0x24
 174 0093 3A000000 		.4byte	0x3a
 175 0097 03       		.uleb128 0x3
 176 0098 11020000 		.4byte	.LASF13
 177 009c 03       		.byte	0x3
 178 009d 2C       		.byte	0x2c
 179 009e 4C000000 		.4byte	0x4c
 180 00a2 03       		.uleb128 0x3
 181 00a3 C9020000 		.4byte	.LASF14
 182 00a7 03       		.byte	0x3
 183 00a8 30       		.byte	0x30
 184 00a9 5E000000 		.4byte	0x5e
 185 00ad 02       		.uleb128 0x2
 186 00ae 04       		.byte	0x4
 187 00af 04       		.byte	0x4
 188 00b0 3F000000 		.4byte	.LASF15
 189 00b4 02       		.uleb128 0x2
 190 00b5 08       		.byte	0x8
 191 00b6 04       		.byte	0x4
 192 00b7 18000000 		.4byte	.LASF16
 193 00bb 02       		.uleb128 0x2
 194 00bc 01       		.byte	0x1
 195 00bd 08       		.byte	0x8
 196 00be 30020000 		.4byte	.LASF17
 197 00c2 02       		.uleb128 0x2
 198 00c3 08       		.byte	0x8
 199 00c4 04       		.byte	0x4
 200 00c5 DB020000 		.4byte	.LASF18
 201 00c9 02       		.uleb128 0x2
 202 00ca 04       		.byte	0x4
 203 00cb 07       		.byte	0x7
 204 00cc 19020000 		.4byte	.LASF19
 205 00d0 03       		.uleb128 0x3
 206 00d1 1B010000 		.4byte	.LASF20
 207 00d5 04       		.byte	0x4
 208 00d6 53       		.byte	0x53
 209 00d7 7E000000 		.4byte	0x7e
ARM GAS  C:\Users\MATEOC~1.QUE\AppData\Local\Temp\cc9NO0hb.s 			page 6


 210 00db 03       		.uleb128 0x3
 211 00dc E0010000 		.4byte	.LASF21
 212 00e0 04       		.byte	0x4
 213 00e1 54       		.byte	0x54
 214 00e2 85000000 		.4byte	0x85
 215 00e6 03       		.uleb128 0x3
 216 00e7 35020000 		.4byte	.LASF22
 217 00eb 05       		.byte	0x5
 218 00ec 4D       		.byte	0x4d
 219 00ed DB000000 		.4byte	0xdb
 220 00f1 03       		.uleb128 0x3
 221 00f2 D8010000 		.4byte	.LASF23
 222 00f6 05       		.byte	0x5
 223 00f7 4F       		.byte	0x4f
 224 00f8 DB000000 		.4byte	0xdb
 225 00fc 03       		.uleb128 0x3
 226 00fd 38000000 		.4byte	.LASF24
 227 0101 05       		.byte	0x5
 228 0102 78       		.byte	0x78
 229 0103 D0000000 		.4byte	0xd0
 230 0107 05       		.uleb128 0x5
 231 0108 0A000000 		.4byte	.LASF25
 232 010c 06       		.byte	0x6
 233 010d 2C02     		.2byte	0x22c
 234 010f E6000000 		.4byte	0xe6
 235 0113 03       		.uleb128 0x3
 236 0114 90010000 		.4byte	.LASF26
 237 0118 07       		.byte	0x7
 238 0119 21       		.byte	0x21
 239 011a 07010000 		.4byte	0x107
 240 011e 03       		.uleb128 0x3
 241 011f F3020000 		.4byte	.LASF27
 242 0123 08       		.byte	0x8
 243 0124 66       		.byte	0x66
 244 0125 29010000 		.4byte	0x129
 245 0129 06       		.uleb128 0x6
 246 012a 04       		.byte	0x4
 247 012b 2F010000 		.4byte	0x12f
 248 012f 07       		.uleb128 0x7
 249 0130 3A010000 		.4byte	0x13a
 250 0134 08       		.uleb128 0x8
 251 0135 13010000 		.4byte	0x113
 252 0139 00       		.byte	0
 253 013a 09       		.uleb128 0x9
 254 013b 08       		.byte	0x8
 255 013c 08       		.byte	0x8
 256 013d 6B       		.byte	0x6b
 257 013e 5B010000 		.4byte	0x15b
 258 0142 0A       		.uleb128 0xa
 259 0143 72756E00 		.ascii	"run\000"
 260 0147 08       		.byte	0x8
 261 0148 6D       		.byte	0x6d
 262 0149 1E010000 		.4byte	0x11e
 263 014d 00       		.byte	0
 264 014e 0B       		.uleb128 0xb
 265 014f 75000000 		.4byte	.LASF28
 266 0153 08       		.byte	0x8
ARM GAS  C:\Users\MATEOC~1.QUE\AppData\Local\Temp\cc9NO0hb.s 			page 7


 267 0154 6E       		.byte	0x6e
 268 0155 8C000000 		.4byte	0x8c
 269 0159 04       		.byte	0x4
 270 015a 00       		.byte	0
 271 015b 03       		.uleb128 0x3
 272 015c B9010000 		.4byte	.LASF29
 273 0160 08       		.byte	0x8
 274 0161 6F       		.byte	0x6f
 275 0162 3A010000 		.4byte	0x13a
 276 0166 0C       		.uleb128 0xc
 277 0167 F3010000 		.4byte	.LASF41
 278 016b 01       		.byte	0x1
 279 016c 3B       		.byte	0x3b
 280 016d 00000000 		.4byte	.LFB110
 281 0171 28000000 		.4byte	.LFE110-.LFB110
 282 0175 01       		.uleb128 0x1
 283 0176 9C       		.byte	0x9c
 284 0177 A5010000 		.4byte	0x1a5
 285 017b 0D       		.uleb128 0xd
 286 017c EA010000 		.4byte	.LASF42
 287 0180 01       		.byte	0x1
 288 0181 3E       		.byte	0x3e
 289 0182 A2000000 		.4byte	0xa2
 290 0186 05       		.uleb128 0x5
 291 0187 03       		.byte	0x3
 292 0188 00000000 		.4byte	ticktime.7436
 293 018c 0E       		.uleb128 0xe
 294 018d 0E000000 		.4byte	.LVL0
 295 0191 2E020000 		.4byte	0x22e
 296 0195 0F       		.uleb128 0xf
 297 0196 01       		.uleb128 0x1
 298 0197 50       		.byte	0x50
 299 0198 05       		.uleb128 0x5
 300 0199 03       		.byte	0x3
 301 019a 00000000 		.4byte	.LANCHOR1
 302 019e 0F       		.uleb128 0xf
 303 019f 01       		.uleb128 0x1
 304 01a0 51       		.byte	0x51
 305 01a1 01       		.uleb128 0x1
 306 01a2 32       		.byte	0x32
 307 01a3 00       		.byte	0
 308 01a4 00       		.byte	0
 309 01a5 10       		.uleb128 0x10
 310 01a6 49010000 		.4byte	.LASF30
 311 01aa 09       		.byte	0x9
 312 01ab 40       		.byte	0x40
 313 01ac E6000000 		.4byte	0xe6
 314 01b0 10       		.uleb128 0x10
 315 01b1 1F000000 		.4byte	.LASF31
 316 01b5 09       		.byte	0x9
 317 01b6 47       		.byte	0x47
 318 01b7 F1000000 		.4byte	0xf1
 319 01bb 10       		.uleb128 0x10
 320 01bc FE010000 		.4byte	.LASF32
 321 01c0 09       		.byte	0x9
 322 01c1 4A       		.byte	0x4a
 323 01c2 E6000000 		.4byte	0xe6
ARM GAS  C:\Users\MATEOC~1.QUE\AppData\Local\Temp\cc9NO0hb.s 			page 8


 324 01c6 10       		.uleb128 0x10
 325 01c7 45000000 		.4byte	.LASF33
 326 01cb 0A       		.byte	0xa
 327 01cc 48       		.byte	0x48
 328 01cd FC000000 		.4byte	0xfc
 329 01d1 10       		.uleb128 0x10
 330 01d2 3D020000 		.4byte	.LASF34
 331 01d6 0B       		.byte	0xb
 332 01d7 44       		.byte	0x44
 333 01d8 E6000000 		.4byte	0xe6
 334 01dc 11       		.uleb128 0x11
 335 01dd 61010000 		.4byte	.LASF35
 336 01e1 0C       		.byte	0xc
 337 01e2 1207     		.2byte	0x712
 338 01e4 E8010000 		.4byte	0x1e8
 339 01e8 12       		.uleb128 0x12
 340 01e9 97000000 		.4byte	0x97
 341 01ed 13       		.uleb128 0x13
 342 01ee FD010000 		.4byte	0x1fd
 343 01f2 FD010000 		.4byte	0x1fd
 344 01f6 14       		.uleb128 0x14
 345 01f7 C9000000 		.4byte	0xc9
 346 01fb 01       		.byte	0x1
 347 01fc 00       		.byte	0
 348 01fd 15       		.uleb128 0x15
 349 01fe 5B010000 		.4byte	0x15b
 350 0202 16       		.uleb128 0x16
 351 0203 01030000 		.4byte	.LASF36
 352 0207 01       		.byte	0x1
 353 0208 24       		.byte	0x24
 354 0209 13020000 		.4byte	0x213
 355 020d 05       		.uleb128 0x5
 356 020e 03       		.byte	0x3
 357 020f 00000000 		.4byte	RTE_cyclicActivationTable_tsk_io
 358 0213 15       		.uleb128 0x15
 359 0214 ED010000 		.4byte	0x1ed
 360 0218 16       		.uleb128 0x16
 361 0219 65020000 		.4byte	.LASF37
 362 021d 01       		.byte	0x1
 363 021e 28       		.byte	0x28
 364 021f 29020000 		.4byte	0x229
 365 0223 05       		.uleb128 0x5
 366 0224 03       		.byte	0x3
 367 0225 00000000 		.4byte	RTE_cyclicActivation_tsk_io_size
 368 0229 15       		.uleb128 0x15
 369 022a 8C000000 		.4byte	0x8c
 370 022e 17       		.uleb128 0x17
 371 022f 6E010000 		.4byte	.LASF43
 372 0233 6E010000 		.4byte	.LASF43
 373 0237 08       		.byte	0x8
 374 0238 8E       		.byte	0x8e
 375 0239 00       		.byte	0
 376              		.section	.debug_abbrev,"",%progbits
 377              	.Ldebug_abbrev0:
 378 0000 01       		.uleb128 0x1
 379 0001 11       		.uleb128 0x11
 380 0002 01       		.byte	0x1
ARM GAS  C:\Users\MATEOC~1.QUE\AppData\Local\Temp\cc9NO0hb.s 			page 9


 381 0003 25       		.uleb128 0x25
 382 0004 0E       		.uleb128 0xe
 383 0005 13       		.uleb128 0x13
 384 0006 0B       		.uleb128 0xb
 385 0007 03       		.uleb128 0x3
 386 0008 0E       		.uleb128 0xe
 387 0009 1B       		.uleb128 0x1b
 388 000a 0E       		.uleb128 0xe
 389 000b 55       		.uleb128 0x55
 390 000c 17       		.uleb128 0x17
 391 000d 11       		.uleb128 0x11
 392 000e 01       		.uleb128 0x1
 393 000f 10       		.uleb128 0x10
 394 0010 17       		.uleb128 0x17
 395 0011 00       		.byte	0
 396 0012 00       		.byte	0
 397 0013 02       		.uleb128 0x2
 398 0014 24       		.uleb128 0x24
 399 0015 00       		.byte	0
 400 0016 0B       		.uleb128 0xb
 401 0017 0B       		.uleb128 0xb
 402 0018 3E       		.uleb128 0x3e
 403 0019 0B       		.uleb128 0xb
 404 001a 03       		.uleb128 0x3
 405 001b 0E       		.uleb128 0xe
 406 001c 00       		.byte	0
 407 001d 00       		.byte	0
 408 001e 03       		.uleb128 0x3
 409 001f 16       		.uleb128 0x16
 410 0020 00       		.byte	0
 411 0021 03       		.uleb128 0x3
 412 0022 0E       		.uleb128 0xe
 413 0023 3A       		.uleb128 0x3a
 414 0024 0B       		.uleb128 0xb
 415 0025 3B       		.uleb128 0x3b
 416 0026 0B       		.uleb128 0xb
 417 0027 49       		.uleb128 0x49
 418 0028 13       		.uleb128 0x13
 419 0029 00       		.byte	0
 420 002a 00       		.byte	0
 421 002b 04       		.uleb128 0x4
 422 002c 24       		.uleb128 0x24
 423 002d 00       		.byte	0
 424 002e 0B       		.uleb128 0xb
 425 002f 0B       		.uleb128 0xb
 426 0030 3E       		.uleb128 0x3e
 427 0031 0B       		.uleb128 0xb
 428 0032 03       		.uleb128 0x3
 429 0033 08       		.uleb128 0x8
 430 0034 00       		.byte	0
 431 0035 00       		.byte	0
 432 0036 05       		.uleb128 0x5
 433 0037 16       		.uleb128 0x16
 434 0038 00       		.byte	0
 435 0039 03       		.uleb128 0x3
 436 003a 0E       		.uleb128 0xe
 437 003b 3A       		.uleb128 0x3a
ARM GAS  C:\Users\MATEOC~1.QUE\AppData\Local\Temp\cc9NO0hb.s 			page 10


 438 003c 0B       		.uleb128 0xb
 439 003d 3B       		.uleb128 0x3b
 440 003e 05       		.uleb128 0x5
 441 003f 49       		.uleb128 0x49
 442 0040 13       		.uleb128 0x13
 443 0041 00       		.byte	0
 444 0042 00       		.byte	0
 445 0043 06       		.uleb128 0x6
 446 0044 0F       		.uleb128 0xf
 447 0045 00       		.byte	0
 448 0046 0B       		.uleb128 0xb
 449 0047 0B       		.uleb128 0xb
 450 0048 49       		.uleb128 0x49
 451 0049 13       		.uleb128 0x13
 452 004a 00       		.byte	0
 453 004b 00       		.byte	0
 454 004c 07       		.uleb128 0x7
 455 004d 15       		.uleb128 0x15
 456 004e 01       		.byte	0x1
 457 004f 27       		.uleb128 0x27
 458 0050 19       		.uleb128 0x19
 459 0051 01       		.uleb128 0x1
 460 0052 13       		.uleb128 0x13
 461 0053 00       		.byte	0
 462 0054 00       		.byte	0
 463 0055 08       		.uleb128 0x8
 464 0056 05       		.uleb128 0x5
 465 0057 00       		.byte	0
 466 0058 49       		.uleb128 0x49
 467 0059 13       		.uleb128 0x13
 468 005a 00       		.byte	0
 469 005b 00       		.byte	0
 470 005c 09       		.uleb128 0x9
 471 005d 13       		.uleb128 0x13
 472 005e 01       		.byte	0x1
 473 005f 0B       		.uleb128 0xb
 474 0060 0B       		.uleb128 0xb
 475 0061 3A       		.uleb128 0x3a
 476 0062 0B       		.uleb128 0xb
 477 0063 3B       		.uleb128 0x3b
 478 0064 0B       		.uleb128 0xb
 479 0065 01       		.uleb128 0x1
 480 0066 13       		.uleb128 0x13
 481 0067 00       		.byte	0
 482 0068 00       		.byte	0
 483 0069 0A       		.uleb128 0xa
 484 006a 0D       		.uleb128 0xd
 485 006b 00       		.byte	0
 486 006c 03       		.uleb128 0x3
 487 006d 08       		.uleb128 0x8
 488 006e 3A       		.uleb128 0x3a
 489 006f 0B       		.uleb128 0xb
 490 0070 3B       		.uleb128 0x3b
 491 0071 0B       		.uleb128 0xb
 492 0072 49       		.uleb128 0x49
 493 0073 13       		.uleb128 0x13
 494 0074 38       		.uleb128 0x38
ARM GAS  C:\Users\MATEOC~1.QUE\AppData\Local\Temp\cc9NO0hb.s 			page 11


 495 0075 0B       		.uleb128 0xb
 496 0076 00       		.byte	0
 497 0077 00       		.byte	0
 498 0078 0B       		.uleb128 0xb
 499 0079 0D       		.uleb128 0xd
 500 007a 00       		.byte	0
 501 007b 03       		.uleb128 0x3
 502 007c 0E       		.uleb128 0xe
 503 007d 3A       		.uleb128 0x3a
 504 007e 0B       		.uleb128 0xb
 505 007f 3B       		.uleb128 0x3b
 506 0080 0B       		.uleb128 0xb
 507 0081 49       		.uleb128 0x49
 508 0082 13       		.uleb128 0x13
 509 0083 38       		.uleb128 0x38
 510 0084 0B       		.uleb128 0xb
 511 0085 00       		.byte	0
 512 0086 00       		.byte	0
 513 0087 0C       		.uleb128 0xc
 514 0088 2E       		.uleb128 0x2e
 515 0089 01       		.byte	0x1
 516 008a 3F       		.uleb128 0x3f
 517 008b 19       		.uleb128 0x19
 518 008c 03       		.uleb128 0x3
 519 008d 0E       		.uleb128 0xe
 520 008e 3A       		.uleb128 0x3a
 521 008f 0B       		.uleb128 0xb
 522 0090 3B       		.uleb128 0x3b
 523 0091 0B       		.uleb128 0xb
 524 0092 27       		.uleb128 0x27
 525 0093 19       		.uleb128 0x19
 526 0094 11       		.uleb128 0x11
 527 0095 01       		.uleb128 0x1
 528 0096 12       		.uleb128 0x12
 529 0097 06       		.uleb128 0x6
 530 0098 40       		.uleb128 0x40
 531 0099 18       		.uleb128 0x18
 532 009a 9742     		.uleb128 0x2117
 533 009c 19       		.uleb128 0x19
 534 009d 01       		.uleb128 0x1
 535 009e 13       		.uleb128 0x13
 536 009f 00       		.byte	0
 537 00a0 00       		.byte	0
 538 00a1 0D       		.uleb128 0xd
 539 00a2 34       		.uleb128 0x34
 540 00a3 00       		.byte	0
 541 00a4 03       		.uleb128 0x3
 542 00a5 0E       		.uleb128 0xe
 543 00a6 3A       		.uleb128 0x3a
 544 00a7 0B       		.uleb128 0xb
 545 00a8 3B       		.uleb128 0x3b
 546 00a9 0B       		.uleb128 0xb
 547 00aa 49       		.uleb128 0x49
 548 00ab 13       		.uleb128 0x13
 549 00ac 02       		.uleb128 0x2
 550 00ad 18       		.uleb128 0x18
 551 00ae 00       		.byte	0
ARM GAS  C:\Users\MATEOC~1.QUE\AppData\Local\Temp\cc9NO0hb.s 			page 12


 552 00af 00       		.byte	0
 553 00b0 0E       		.uleb128 0xe
 554 00b1 898201   		.uleb128 0x4109
 555 00b4 01       		.byte	0x1
 556 00b5 11       		.uleb128 0x11
 557 00b6 01       		.uleb128 0x1
 558 00b7 31       		.uleb128 0x31
 559 00b8 13       		.uleb128 0x13
 560 00b9 00       		.byte	0
 561 00ba 00       		.byte	0
 562 00bb 0F       		.uleb128 0xf
 563 00bc 8A8201   		.uleb128 0x410a
 564 00bf 00       		.byte	0
 565 00c0 02       		.uleb128 0x2
 566 00c1 18       		.uleb128 0x18
 567 00c2 9142     		.uleb128 0x2111
 568 00c4 18       		.uleb128 0x18
 569 00c5 00       		.byte	0
 570 00c6 00       		.byte	0
 571 00c7 10       		.uleb128 0x10
 572 00c8 34       		.uleb128 0x34
 573 00c9 00       		.byte	0
 574 00ca 03       		.uleb128 0x3
 575 00cb 0E       		.uleb128 0xe
 576 00cc 3A       		.uleb128 0x3a
 577 00cd 0B       		.uleb128 0xb
 578 00ce 3B       		.uleb128 0x3b
 579 00cf 0B       		.uleb128 0xb
 580 00d0 49       		.uleb128 0x49
 581 00d1 13       		.uleb128 0x13
 582 00d2 3F       		.uleb128 0x3f
 583 00d3 19       		.uleb128 0x19
 584 00d4 3C       		.uleb128 0x3c
 585 00d5 19       		.uleb128 0x19
 586 00d6 00       		.byte	0
 587 00d7 00       		.byte	0
 588 00d8 11       		.uleb128 0x11
 589 00d9 34       		.uleb128 0x34
 590 00da 00       		.byte	0
 591 00db 03       		.uleb128 0x3
 592 00dc 0E       		.uleb128 0xe
 593 00dd 3A       		.uleb128 0x3a
 594 00de 0B       		.uleb128 0xb
 595 00df 3B       		.uleb128 0x3b
 596 00e0 05       		.uleb128 0x5
 597 00e1 49       		.uleb128 0x49
 598 00e2 13       		.uleb128 0x13
 599 00e3 3F       		.uleb128 0x3f
 600 00e4 19       		.uleb128 0x19
 601 00e5 3C       		.uleb128 0x3c
 602 00e6 19       		.uleb128 0x19
 603 00e7 00       		.byte	0
 604 00e8 00       		.byte	0
 605 00e9 12       		.uleb128 0x12
 606 00ea 35       		.uleb128 0x35
 607 00eb 00       		.byte	0
 608 00ec 49       		.uleb128 0x49
ARM GAS  C:\Users\MATEOC~1.QUE\AppData\Local\Temp\cc9NO0hb.s 			page 13


 609 00ed 13       		.uleb128 0x13
 610 00ee 00       		.byte	0
 611 00ef 00       		.byte	0
 612 00f0 13       		.uleb128 0x13
 613 00f1 01       		.uleb128 0x1
 614 00f2 01       		.byte	0x1
 615 00f3 49       		.uleb128 0x49
 616 00f4 13       		.uleb128 0x13
 617 00f5 01       		.uleb128 0x1
 618 00f6 13       		.uleb128 0x13
 619 00f7 00       		.byte	0
 620 00f8 00       		.byte	0
 621 00f9 14       		.uleb128 0x14
 622 00fa 21       		.uleb128 0x21
 623 00fb 00       		.byte	0
 624 00fc 49       		.uleb128 0x49
 625 00fd 13       		.uleb128 0x13
 626 00fe 2F       		.uleb128 0x2f
 627 00ff 0B       		.uleb128 0xb
 628 0100 00       		.byte	0
 629 0101 00       		.byte	0
 630 0102 15       		.uleb128 0x15
 631 0103 26       		.uleb128 0x26
 632 0104 00       		.byte	0
 633 0105 49       		.uleb128 0x49
 634 0106 13       		.uleb128 0x13
 635 0107 00       		.byte	0
 636 0108 00       		.byte	0
 637 0109 16       		.uleb128 0x16
 638 010a 34       		.uleb128 0x34
 639 010b 00       		.byte	0
 640 010c 03       		.uleb128 0x3
 641 010d 0E       		.uleb128 0xe
 642 010e 3A       		.uleb128 0x3a
 643 010f 0B       		.uleb128 0xb
 644 0110 3B       		.uleb128 0x3b
 645 0111 0B       		.uleb128 0xb
 646 0112 49       		.uleb128 0x49
 647 0113 13       		.uleb128 0x13
 648 0114 3F       		.uleb128 0x3f
 649 0115 19       		.uleb128 0x19
 650 0116 02       		.uleb128 0x2
 651 0117 18       		.uleb128 0x18
 652 0118 00       		.byte	0
 653 0119 00       		.byte	0
 654 011a 17       		.uleb128 0x17
 655 011b 2E       		.uleb128 0x2e
 656 011c 00       		.byte	0
 657 011d 3F       		.uleb128 0x3f
 658 011e 19       		.uleb128 0x19
 659 011f 3C       		.uleb128 0x3c
 660 0120 19       		.uleb128 0x19
 661 0121 6E       		.uleb128 0x6e
 662 0122 0E       		.uleb128 0xe
 663 0123 03       		.uleb128 0x3
 664 0124 0E       		.uleb128 0xe
 665 0125 3A       		.uleb128 0x3a
ARM GAS  C:\Users\MATEOC~1.QUE\AppData\Local\Temp\cc9NO0hb.s 			page 14


 666 0126 0B       		.uleb128 0xb
 667 0127 3B       		.uleb128 0x3b
 668 0128 0B       		.uleb128 0xb
 669 0129 00       		.byte	0
 670 012a 00       		.byte	0
 671 012b 00       		.byte	0
 672              		.section	.debug_aranges,"",%progbits
 673 0000 1C000000 		.4byte	0x1c
 674 0004 0200     		.2byte	0x2
 675 0006 00000000 		.4byte	.Ldebug_info0
 676 000a 04       		.byte	0x4
 677 000b 00       		.byte	0
 678 000c 0000     		.2byte	0
 679 000e 0000     		.2byte	0
 680 0010 00000000 		.4byte	.LFB110
 681 0014 28000000 		.4byte	.LFE110-.LFB110
 682 0018 00000000 		.4byte	0
 683 001c 00000000 		.4byte	0
 684              		.section	.debug_ranges,"",%progbits
 685              	.Ldebug_ranges0:
 686 0000 00000000 		.4byte	.LFB110
 687 0004 28000000 		.4byte	.LFE110
 688 0008 00000000 		.4byte	0
 689 000c 00000000 		.4byte	0
 690              		.section	.debug_line,"",%progbits
 691              	.Ldebug_line0:
 692 0000 51020000 		.section	.debug_str,"MS",%progbits,1
 692      02003102 
 692      00000201 
 692      FB0E0D00 
 692      01010101 
 693              	.LASF5:
 694 0000 5F5F696E 		.ascii	"__int32_t\000"
 694      7433325F 
 694      7400
 695              	.LASF25:
 696 000a 4576656E 		.ascii	"EventMaskType\000"
 696      744D6173 
 696      6B547970 
 696      6500
 697              	.LASF16:
 698 0018 646F7562 		.ascii	"double\000"
 698      6C6500
 699              	.LASF31:
 700 001f 45455F6F 		.ascii	"EE_oo_IRQ_suspend_status\000"
 700      6F5F4952 
 700      515F7375 
 700      7370656E 
 700      645F7374 
 701              	.LASF24:
 702 0038 45455F54 		.ascii	"EE_TID\000"
 702      494400
 703              	.LASF15:
 704 003f 666C6F61 		.ascii	"float\000"
 704      7400
 705              	.LASF33:
 706 0045 45455F73 		.ascii	"EE_std_endcycle_next_tid\000"
ARM GAS  C:\Users\MATEOC~1.QUE\AppData\Local\Temp\cc9NO0hb.s 			page 15


 706      74645F65 
 706      6E646379 
 706      636C655F 
 706      6E657874 
 707              	.LASF10:
 708 005e 6C6F6E67 		.ascii	"long long unsigned int\000"
 708      206C6F6E 
 708      6720756E 
 708      7369676E 
 708      65642069 
 709              	.LASF28:
 710 0075 6379636C 		.ascii	"cycleTime\000"
 710      6554696D 
 710      6500
 711              	.LASF1:
 712 007f 756E7369 		.ascii	"unsigned char\000"
 712      676E6564 
 712      20636861 
 712      7200
 713              	.LASF38:
 714 008d 474E5520 		.ascii	"GNU C11 5.4.1 20160609 (release) [ARM/embedded-5-br"
 714      43313120 
 714      352E342E 
 714      31203230 
 714      31363036 
 715 00c0 616E6368 		.ascii	"anch revision 237715] -mcpu=cortex-m3 -mthumb -g -O"
 715      20726576 
 715      6973696F 
 715      6E203233 
 715      37373135 
 716 00f3 67202D66 		.ascii	"g -ffunction-sections -ffat-lto-objects\000"
 716      66756E63 
 716      74696F6E 
 716      2D736563 
 716      74696F6E 
 717              	.LASF20:
 718 011b 45455F49 		.ascii	"EE_INT32\000"
 718      4E543332 
 718      00
 719              	.LASF8:
 720 0124 6C6F6E67 		.ascii	"long unsigned int\000"
 720      20756E73 
 720      69676E65 
 720      6420696E 
 720      7400
 721              	.LASF3:
 722 0136 73686F72 		.ascii	"short unsigned int\000"
 722      7420756E 
 722      7369676E 
 722      65642069 
 722      6E7400
 723              	.LASF30:
 724 0149 45455F6F 		.ascii	"EE_oo_IRQ_disable_count\000"
 724      6F5F4952 
 724      515F6469 
 724      7361626C 
 724      655F636F 
ARM GAS  C:\Users\MATEOC~1.QUE\AppData\Local\Temp\cc9NO0hb.s 			page 16


 725              	.LASF35:
 726 0161 49544D5F 		.ascii	"ITM_RxBuffer\000"
 726      52784275 
 726      66666572 
 726      00
 727              	.LASF43:
 728 016e 5254455F 		.ascii	"RTE_ProcessCyclicTable\000"
 728      50726F63 
 728      65737343 
 728      79636C69 
 728      63546162 
 729              	.LASF4:
 730 0185 5F5F7569 		.ascii	"__uint16_t\000"
 730      6E743136 
 730      5F7400
 731              	.LASF26:
 732 0190 5254455F 		.ascii	"RTE_event\000"
 732      6576656E 
 732      7400
 733              	.LASF7:
 734 019a 5F5F7569 		.ascii	"__uint32_t\000"
 734      6E743332 
 734      5F7400
 735              	.LASF39:
 736 01a5 736F7572 		.ascii	"source\\asw\\tsk_io.c\000"
 736      63655C61 
 736      73775C74 
 736      736B5F69 
 736      6F2E6300 
 737              	.LASF29:
 738 01b9 5254455F 		.ascii	"RTE_cyclicTable_t\000"
 738      6379636C 
 738      69635461 
 738      626C655F 
 738      7400
 739              	.LASF11:
 740 01cb 756E7369 		.ascii	"unsigned int\000"
 740      676E6564 
 740      20696E74 
 740      00
 741              	.LASF23:
 742 01d8 45455F46 		.ascii	"EE_FREG\000"
 742      52454700 
 743              	.LASF21:
 744 01e0 45455F55 		.ascii	"EE_UINT32\000"
 744      494E5433 
 744      3200
 745              	.LASF42:
 746 01ea 7469636B 		.ascii	"ticktime\000"
 746      74696D65 
 746      00
 747              	.LASF41:
 748 01f3 46756E63 		.ascii	"Functsk_io\000"
 748      74736B5F 
 748      696F00
 749              	.LASF32:
 750 01fe 45455F41 		.ascii	"EE_ApplicationMode\000"
ARM GAS  C:\Users\MATEOC~1.QUE\AppData\Local\Temp\cc9NO0hb.s 			page 17


 750      70706C69 
 750      63617469 
 750      6F6E4D6F 
 750      646500
 751              	.LASF13:
 752 0211 696E7433 		.ascii	"int32_t\000"
 752      325F7400 
 753              	.LASF19:
 754 0219 73697A65 		.ascii	"sizetype\000"
 754      74797065 
 754      00
 755              	.LASF9:
 756 0222 6C6F6E67 		.ascii	"long long int\000"
 756      206C6F6E 
 756      6720696E 
 756      7400
 757              	.LASF17:
 758 0230 63686172 		.ascii	"char\000"
 758      00
 759              	.LASF22:
 760 0235 45455F55 		.ascii	"EE_UREG\000"
 760      52454700 
 761              	.LASF34:
 762 023d 45455F49 		.ascii	"EE_IRQ_nesting_level\000"
 762      52515F6E 
 762      65737469 
 762      6E675F6C 
 762      6576656C 
 763              	.LASF12:
 764 0252 75696E74 		.ascii	"uint16_t\000"
 764      31365F74 
 764      00
 765              	.LASF2:
 766 025b 73686F72 		.ascii	"short int\000"
 766      7420696E 
 766      7400
 767              	.LASF37:
 768 0265 5254455F 		.ascii	"RTE_cyclicActivation_tsk_io_size\000"
 768      6379636C 
 768      69634163 
 768      74697661 
 768      74696F6E 
 769              	.LASF40:
 770 0286 433A5C55 		.ascii	"C:\\Users\\Mateo C. Querol\\Desktop\\EAA\\LABS\\Ele"
 770      73657273 
 770      5C4D6174 
 770      656F2043 
 770      2E205175 
 771 02b3 6374726F 		.ascii	"ctronicGasPedal.cydsn\000"
 771      6E696347 
 771      61735065 
 771      64616C2E 
 771      63796473 
 772              	.LASF14:
 773 02c9 75696E74 		.ascii	"uint32_t\000"
 773      33325F74 
 773      00
ARM GAS  C:\Users\MATEOC~1.QUE\AppData\Local\Temp\cc9NO0hb.s 			page 18


 774              	.LASF6:
 775 02d2 6C6F6E67 		.ascii	"long int\000"
 775      20696E74 
 775      00
 776              	.LASF18:
 777 02db 6C6F6E67 		.ascii	"long double\000"
 777      20646F75 
 777      626C6500 
 778              	.LASF0:
 779 02e7 7369676E 		.ascii	"signed char\000"
 779      65642063 
 779      68617200 
 780              	.LASF27:
 781 02f3 5254455F 		.ascii	"RTE_pRunnable\000"
 781      7052756E 
 781      6E61626C 
 781      6500
 782              	.LASF36:
 783 0301 5254455F 		.ascii	"RTE_cyclicActivationTable_tsk_io\000"
 783      6379636C 
 783      69634163 
 783      74697661 
 783      74696F6E 
 784              		.ident	"GCC: (GNU Tools for ARM Embedded Processors) 5.4.1 20160609 (release) [ARM/embedded-5-bran
